[2026-03-20T11:33:32.018+0000] {local_task_job_runner.py:120} INFO - ::group::Pre task execution logs
[2026-03-20T11:33:32.041+0000] {taskinstance.py:2076} INFO - Dependencies all met for dep_context=non-requeueable deps ti=<TaskInstance: my_dag.task_1 scheduled__2026-03-05T00:00:00+00:00 [queued]>
[2026-03-20T11:33:32.046+0000] {taskinstance.py:2076} INFO - Dependencies all met for dep_context=requeueable deps ti=<TaskInstance: my_dag.task_1 scheduled__2026-03-05T00:00:00+00:00 [queued]>
[2026-03-20T11:33:32.047+0000] {taskinstance.py:2306} INFO - Starting attempt 1 of 1
[2026-03-20T11:33:32.057+0000] {taskinstance.py:2330} INFO - Executing <Task(PythonOperator): task_1> on 2026-03-05 00:00:00+00:00
[2026-03-20T11:33:32.066+0000] {logging_mixin.py:188} WARNING - /home/***/.local/lib/python3.12/site-packages/***/task/task_runner/standard_task_runner.py:62 DeprecationWarning: This process (pid=612) is multi-threaded, use of fork() may lead to deadlocks in the child.
[2026-03-20T11:33:32.067+0000] {standard_task_runner.py:64} INFO - Started process 618 to run task
[2026-03-20T11:33:32.066+0000] {standard_task_runner.py:90} INFO - Running: ['***', 'tasks', 'run', 'my_dag', 'task_1', 'scheduled__2026-03-05T00:00:00+00:00', '--job-id', '7', '--raw', '--subdir', 'DAGS_FOLDER/dag_file.py', '--cfg-path', '/tmp/tmpy38_jb3q']
[2026-03-20T11:33:32.068+0000] {standard_task_runner.py:91} INFO - Job 7: Subtask task_1
[2026-03-20T11:33:32.126+0000] {task_command.py:426} INFO - Running <TaskInstance: my_dag.task_1 scheduled__2026-03-05T00:00:00+00:00 [running]> on host 50ac7e7f1b88
[2026-03-20T11:33:32.198+0000] {taskinstance.py:2648} INFO - Exporting env vars: AIRFLOW_CTX_DAG_OWNER='***' AIRFLOW_CTX_DAG_ID='my_dag' AIRFLOW_CTX_TASK_ID='task_1' AIRFLOW_CTX_EXECUTION_DATE='2026-03-05T00:00:00+00:00' AIRFLOW_CTX_TRY_NUMBER='1' AIRFLOW_CTX_DAG_RUN_ID='scheduled__2026-03-05T00:00:00+00:00'
[2026-03-20T11:33:32.199+0000] {taskinstance.py:430} INFO - ::endgroup::
[2026-03-20T11:33:32.209+0000] {logging_mixin.py:188} WARNING - /opt/***/dags/dag_file.py:11 FutureWarning: YF.download() has changed argument auto_adjust default to True
[2026-03-20T11:33:32.216+0000] {logging_mixin.py:188} WARNING - /home/***/.local/lib/python3.12/site-packages/yfinance/scrapers/history.py:204 Pandas4Warning: Timestamp.utcnow is deprecated and will be removed in a future version. Use Timestamp.now('UTC') instead.
[2026-03-20T11:33:32.849+0000] {logging_mixin.py:188} WARNING - [*********************100%***********************]  1 of 1 completed
[2026-03-20T11:33:32.854+0000] {python.py:237} INFO - Done. Returned value was: None
[2026-03-20T11:33:32.855+0000] {taskinstance.py:441} INFO - ::group::Post task execution logs
[2026-03-20T11:33:32.862+0000] {taskinstance.py:1206} INFO - Marking task as SUCCESS. dag_id=my_dag, task_id=task_1, run_id=scheduled__2026-03-05T00:00:00+00:00, execution_date=20260305T000000, start_date=20260320T113332, end_date=20260320T113332
[2026-03-20T11:33:32.922+0000] {local_task_job_runner.py:243} INFO - Task exited with return code 0
[2026-03-20T11:33:32.933+0000] {taskinstance.py:3503} INFO - 0 downstream tasks scheduled from follow-on schedule check
[2026-03-20T11:33:32.936+0000] {local_task_job_runner.py:222} INFO - ::endgroup::
