[2026-03-21T10:50:21.453+0000] {local_task_job_runner.py:120} INFO - ::group::Pre task execution logs
[2026-03-21T10:50:21.474+0000] {taskinstance.py:2076} INFO - Dependencies all met for dep_context=non-requeueable deps ti=<TaskInstance: my_dag.task_1 scheduled__2026-03-14T00:00:00+00:00 [queued]>
[2026-03-21T10:50:21.484+0000] {taskinstance.py:2076} INFO - Dependencies all met for dep_context=requeueable deps ti=<TaskInstance: my_dag.task_1 scheduled__2026-03-14T00:00:00+00:00 [queued]>
[2026-03-21T10:50:21.484+0000] {taskinstance.py:2306} INFO - Starting attempt 1 of 1
[2026-03-21T10:50:21.496+0000] {taskinstance.py:2330} INFO - Executing <Task(PythonOperator): task_1> on 2026-03-14 00:00:00+00:00
[2026-03-21T10:50:21.505+0000] {logging_mixin.py:188} WARNING - /home/***/.local/lib/python3.12/site-packages/***/task/task_runner/standard_task_runner.py:62 DeprecationWarning: This process (pid=444) is multi-threaded, use of fork() may lead to deadlocks in the child.
[2026-03-21T10:50:21.506+0000] {standard_task_runner.py:64} INFO - Started process 446 to run task
[2026-03-21T10:50:21.505+0000] {standard_task_runner.py:90} INFO - Running: ['***', 'tasks', 'run', 'my_dag', 'task_1', 'scheduled__2026-03-14T00:00:00+00:00', '--job-id', '18', '--raw', '--subdir', 'DAGS_FOLDER/dag_file.py', '--cfg-path', '/tmp/tmp2z425ghc']
[2026-03-21T10:50:21.507+0000] {standard_task_runner.py:91} INFO - Job 18: Subtask task_1
[2026-03-21T10:50:21.549+0000] {task_command.py:426} INFO - Running <TaskInstance: my_dag.task_1 scheduled__2026-03-14T00:00:00+00:00 [running]> on host 50ac7e7f1b88
[2026-03-21T10:50:21.618+0000] {taskinstance.py:2648} INFO - Exporting env vars: AIRFLOW_CTX_DAG_OWNER='***' AIRFLOW_CTX_DAG_ID='my_dag' AIRFLOW_CTX_TASK_ID='task_1' AIRFLOW_CTX_EXECUTION_DATE='2026-03-14T00:00:00+00:00' AIRFLOW_CTX_TRY_NUMBER='1' AIRFLOW_CTX_DAG_RUN_ID='scheduled__2026-03-14T00:00:00+00:00'
[2026-03-21T10:50:21.619+0000] {taskinstance.py:430} INFO - ::endgroup::
[2026-03-21T10:50:21.630+0000] {logging_mixin.py:188} WARNING - /opt/***/dags/dag_file.py:14 FutureWarning: YF.download() has changed argument auto_adjust default to True
[2026-03-21T10:50:21.636+0000] {logging_mixin.py:188} WARNING - /home/***/.local/lib/python3.12/site-packages/yfinance/scrapers/history.py:204 Pandas4Warning: Timestamp.utcnow is deprecated and will be removed in a future version. Use Timestamp.now('UTC') instead.
[2026-03-21T10:50:22.275+0000] {logging_mixin.py:188} WARNING - [*********************100%***********************]  1 of 1 completed
[2026-03-21T10:50:22.276+0000] {multi.py:185} ERROR - 
1 Failed download:
[2026-03-21T10:50:22.277+0000] {multi.py:198} ERROR - ['AAPL']: YFPricesMissingError('possibly delisted; no price data found  (1d 2026-03-14 00:00:00+00:00 -> 2026-03-15 00:00:00+00:00)')
[2026-03-21T10:50:22.290+0000] {taskinstance.py:441} INFO - ::group::Post task execution logs
[2026-03-21T10:50:22.291+0000] {taskinstance.py:2905} ERROR - Task failed with exception
Traceback (most recent call last):
  File "/home/airflow/.local/lib/python3.12/site-packages/airflow/models/taskinstance.py", line 465, in _execute_task
    result = _execute_callable(context=context, **execute_callable_kwargs)
             ^^^^^^^^^^^^^^^^^^^^^^^^^^^^^^^^^^^^^^^^^^^^^^^^^^^^^^^^^^^^^
  File "/home/airflow/.local/lib/python3.12/site-packages/airflow/models/taskinstance.py", line 432, in _execute_callable
    return execute_callable(context=context, **execute_callable_kwargs)
           ^^^^^^^^^^^^^^^^^^^^^^^^^^^^^^^^^^^^^^^^^^^^^^^^^^^^^^^^^^^^
  File "/home/airflow/.local/lib/python3.12/site-packages/airflow/models/baseoperator.py", line 401, in wrapper
    return func(self, *args, **kwargs)
           ^^^^^^^^^^^^^^^^^^^^^^^^^^^
  File "/home/airflow/.local/lib/python3.12/site-packages/airflow/operators/python.py", line 235, in execute
    return_value = self.execute_callable()
                   ^^^^^^^^^^^^^^^^^^^^^^^
  File "/home/airflow/.local/lib/python3.12/site-packages/airflow/operators/python.py", line 252, in execute_callable
    return self.python_callable(*self.op_args, **self.op_kwargs)
           ^^^^^^^^^^^^^^^^^^^^^^^^^^^^^^^^^^^^^^^^^^^^^^^^^^^^^
  File "/opt/airflow/dags/dag_file.py", line 17, in download_data
    data.to_json(full_path, orient='records', date_format='iso')
  File "/home/airflow/.local/lib/python3.12/site-packages/pandas/core/generic.py", line 2635, in to_json
    return json.to_json(
           ^^^^^^^^^^^^^
  File "/home/airflow/.local/lib/python3.12/site-packages/pandas/io/json/_json.py", line 248, in to_json
    with get_handle(
         ^^^^^^^^^^^
  File "/home/airflow/.local/lib/python3.12/site-packages/pandas/io/common.py", line 793, in get_handle
    check_parent_directory(str(handle))
  File "/home/airflow/.local/lib/python3.12/site-packages/pandas/io/common.py", line 652, in check_parent_directory
    raise OSError(rf"Cannot save file into a non-existent directory: '{parent}'")
OSError: Cannot save file into a non-existent directory: '/opt/***/folder_json_files'
[2026-03-21T10:50:22.303+0000] {taskinstance.py:1206} INFO - Marking task as FAILED. dag_id=my_dag, task_id=task_1, run_id=scheduled__2026-03-14T00:00:00+00:00, execution_date=20260314T000000, start_date=20260321T105021, end_date=20260321T105022
[2026-03-21T10:50:22.312+0000] {standard_task_runner.py:110} ERROR - Failed to execute job 18 for task task_1 (Cannot save file into a non-existent directory: '/opt/***/folder_json_files'; 446)
[2026-03-21T10:50:22.326+0000] {local_task_job_runner.py:243} INFO - Task exited with return code 1
[2026-03-21T10:50:22.337+0000] {taskinstance.py:3503} INFO - 0 downstream tasks scheduled from follow-on schedule check
[2026-03-21T10:50:22.340+0000] {local_task_job_runner.py:222} INFO - ::endgroup::
