[2026-03-20T11:33:28.746+0000] {local_task_job_runner.py:120} INFO - ::group::Pre task execution logs
[2026-03-20T11:33:28.775+0000] {taskinstance.py:2076} INFO - Dependencies all met for dep_context=non-requeueable deps ti=<TaskInstance: my_dag.task_1 scheduled__2026-03-04T00:00:00+00:00 [queued]>
[2026-03-20T11:33:28.781+0000] {taskinstance.py:2076} INFO - Dependencies all met for dep_context=requeueable deps ti=<TaskInstance: my_dag.task_1 scheduled__2026-03-04T00:00:00+00:00 [queued]>
[2026-03-20T11:33:28.782+0000] {taskinstance.py:2306} INFO - Starting attempt 1 of 1
[2026-03-20T11:33:28.793+0000] {taskinstance.py:2330} INFO - Executing <Task(PythonOperator): task_1> on 2026-03-04 00:00:00+00:00
[2026-03-20T11:33:28.803+0000] {logging_mixin.py:188} WARNING - /home/***/.local/lib/python3.12/site-packages/***/task/task_runner/standard_task_runner.py:62 DeprecationWarning: This process (pid=608) is multi-threaded, use of fork() may lead to deadlocks in the child.
[2026-03-20T11:33:28.805+0000] {standard_task_runner.py:64} INFO - Started process 610 to run task
[2026-03-20T11:33:28.803+0000] {standard_task_runner.py:90} INFO - Running: ['***', 'tasks', 'run', 'my_dag', 'task_1', 'scheduled__2026-03-04T00:00:00+00:00', '--job-id', '6', '--raw', '--subdir', 'DAGS_FOLDER/dag_file.py', '--cfg-path', '/tmp/tmpwemau7l8']
[2026-03-20T11:33:28.805+0000] {standard_task_runner.py:91} INFO - Job 6: Subtask task_1
[2026-03-20T11:33:28.849+0000] {task_command.py:426} INFO - Running <TaskInstance: my_dag.task_1 scheduled__2026-03-04T00:00:00+00:00 [running]> on host 50ac7e7f1b88
[2026-03-20T11:33:28.916+0000] {taskinstance.py:2648} INFO - Exporting env vars: AIRFLOW_CTX_DAG_OWNER='***' AIRFLOW_CTX_DAG_ID='my_dag' AIRFLOW_CTX_TASK_ID='task_1' AIRFLOW_CTX_EXECUTION_DATE='2026-03-04T00:00:00+00:00' AIRFLOW_CTX_TRY_NUMBER='1' AIRFLOW_CTX_DAG_RUN_ID='scheduled__2026-03-04T00:00:00+00:00'
[2026-03-20T11:33:28.917+0000] {taskinstance.py:430} INFO - ::endgroup::
[2026-03-20T11:33:28.931+0000] {logging_mixin.py:188} WARNING - /opt/***/dags/dag_file.py:11 FutureWarning: YF.download() has changed argument auto_adjust default to True
[2026-03-20T11:33:28.938+0000] {logging_mixin.py:188} WARNING - /home/***/.local/lib/python3.12/site-packages/yfinance/scrapers/history.py:204 Pandas4Warning: Timestamp.utcnow is deprecated and will be removed in a future version. Use Timestamp.now('UTC') instead.
[2026-03-20T11:33:29.618+0000] {logging_mixin.py:188} WARNING - [*********************100%***********************]  1 of 1 completed
[2026-03-20T11:33:29.623+0000] {python.py:237} INFO - Done. Returned value was: None
[2026-03-20T11:33:29.624+0000] {taskinstance.py:441} INFO - ::group::Post task execution logs
[2026-03-20T11:33:29.633+0000] {taskinstance.py:1206} INFO - Marking task as SUCCESS. dag_id=my_dag, task_id=task_1, run_id=scheduled__2026-03-04T00:00:00+00:00, execution_date=20260304T000000, start_date=20260320T113328, end_date=20260320T113329
[2026-03-20T11:33:29.699+0000] {local_task_job_runner.py:243} INFO - Task exited with return code 0
[2026-03-20T11:33:29.711+0000] {taskinstance.py:3503} INFO - 0 downstream tasks scheduled from follow-on schedule check
[2026-03-20T11:33:29.715+0000] {local_task_job_runner.py:222} INFO - ::endgroup::
