[2026-03-20T11:20:55.667+0000] {processor.py:161} INFO - Started process (PID=302) to work on /opt/airflow/dags/dag_file.py
[2026-03-20T11:20:55.667+0000] {processor.py:830} INFO - Processing file /opt/airflow/dags/dag_file.py for tasks to queue
[2026-03-20T11:20:55.669+0000] {logging_mixin.py:188} INFO - [2026-03-20T11:20:55.669+0000] {dagbag.py:545} INFO - Filling up the DagBag from /opt/airflow/dags/dag_file.py
[2026-03-20T11:20:55.684+0000] {logging_mixin.py:188} INFO - [2026-03-20T11:20:55.681+0000] {dagbag.py:355} ERROR - Failed to import: /opt/airflow/dags/dag_file.py
Traceback (most recent call last):
  File "/home/airflow/.local/lib/python3.12/site-packages/airflow/models/dagbag.py", line 351, in parse
    loader.exec_module(new_module)
  File "<frozen importlib._bootstrap_external>", line 995, in exec_module
  File "<frozen importlib._bootstrap>", line 488, in _call_with_frames_removed
  File "/opt/airflow/dags/dag_file.py", line 1, in <module>
    rom
NameError: name 'rom' is not defined
[2026-03-20T11:20:55.690+0000] {processor.py:842} WARNING - No viable dags retrieved from /opt/airflow/dags/dag_file.py
[2026-03-20T11:20:55.716+0000] {processor.py:183} INFO - Processing /opt/airflow/dags/dag_file.py took 0.053 seconds
[2026-03-20T11:21:07.724+0000] {processor.py:161} INFO - Started process (PID=307) to work on /opt/airflow/dags/dag_file.py
[2026-03-20T11:21:07.725+0000] {processor.py:830} INFO - Processing file /opt/airflow/dags/dag_file.py for tasks to queue
[2026-03-20T11:21:07.726+0000] {logging_mixin.py:188} INFO - [2026-03-20T11:21:07.726+0000] {dagbag.py:545} INFO - Filling up the DagBag from /opt/airflow/dags/dag_file.py
[2026-03-20T11:21:08.441+0000] {processor.py:840} INFO - DAG(s) 'my_dag' retrieved from /opt/airflow/dags/dag_file.py
[2026-03-20T11:21:08.543+0000] {logging_mixin.py:188} INFO - [2026-03-20T11:21:08.542+0000] {override.py:1930} INFO - Created Permission View: can edit on DAG:my_dag
[2026-03-20T11:21:08.551+0000] {logging_mixin.py:188} INFO - [2026-03-20T11:21:08.551+0000] {override.py:1930} INFO - Created Permission View: can read on DAG:my_dag
[2026-03-20T11:21:08.557+0000] {logging_mixin.py:188} INFO - [2026-03-20T11:21:08.557+0000] {override.py:1930} INFO - Created Permission View: can delete on DAG:my_dag
[2026-03-20T11:21:08.557+0000] {logging_mixin.py:188} INFO - [2026-03-20T11:21:08.557+0000] {dag.py:3089} INFO - Sync 1 DAGs
[2026-03-20T11:21:08.564+0000] {logging_mixin.py:188} INFO - [2026-03-20T11:21:08.564+0000] {dag.py:3111} INFO - Creating ORM DAG for my_dag
[2026-03-20T11:21:08.573+0000] {logging_mixin.py:188} INFO - [2026-03-20T11:21:08.573+0000] {dag.py:3947} INFO - Setting next_dagrun for my_dag to 2026-03-01 00:00:00+00:00, run_after=2026-03-02 00:00:00+00:00
[2026-03-20T11:21:08.588+0000] {processor.py:183} INFO - Processing /opt/airflow/dags/dag_file.py took 0.869 seconds
[2026-03-20T11:21:39.040+0000] {processor.py:161} INFO - Started process (PID=319) to work on /opt/airflow/dags/dag_file.py
[2026-03-20T11:21:39.041+0000] {processor.py:830} INFO - Processing file /opt/airflow/dags/dag_file.py for tasks to queue
[2026-03-20T11:21:39.043+0000] {logging_mixin.py:188} INFO - [2026-03-20T11:21:39.043+0000] {dagbag.py:545} INFO - Filling up the DagBag from /opt/airflow/dags/dag_file.py
[2026-03-20T11:21:39.727+0000] {processor.py:840} INFO - DAG(s) 'my_dag' retrieved from /opt/airflow/dags/dag_file.py
[2026-03-20T11:21:39.746+0000] {logging_mixin.py:188} INFO - [2026-03-20T11:21:39.745+0000] {dag.py:3089} INFO - Sync 1 DAGs
[2026-03-20T11:21:39.761+0000] {logging_mixin.py:188} INFO - [2026-03-20T11:21:39.760+0000] {dag.py:3947} INFO - Setting next_dagrun for my_dag to 2026-03-01 00:00:00+00:00, run_after=2026-03-02 00:00:00+00:00
[2026-03-20T11:21:39.774+0000] {processor.py:183} INFO - Processing /opt/airflow/dags/dag_file.py took 0.740 seconds
[2026-03-20T11:22:10.259+0000] {processor.py:161} INFO - Started process (PID=331) to work on /opt/airflow/dags/dag_file.py
[2026-03-20T11:22:10.260+0000] {processor.py:830} INFO - Processing file /opt/airflow/dags/dag_file.py for tasks to queue
[2026-03-20T11:22:10.261+0000] {logging_mixin.py:188} INFO - [2026-03-20T11:22:10.261+0000] {dagbag.py:545} INFO - Filling up the DagBag from /opt/airflow/dags/dag_file.py
[2026-03-20T11:22:10.948+0000] {processor.py:840} INFO - DAG(s) 'my_dag' retrieved from /opt/airflow/dags/dag_file.py
[2026-03-20T11:22:10.964+0000] {logging_mixin.py:188} INFO - [2026-03-20T11:22:10.964+0000] {dag.py:3089} INFO - Sync 1 DAGs
[2026-03-20T11:22:10.977+0000] {logging_mixin.py:188} INFO - [2026-03-20T11:22:10.977+0000] {dag.py:3947} INFO - Setting next_dagrun for my_dag to 2026-03-01 00:00:00+00:00, run_after=2026-03-02 00:00:00+00:00
[2026-03-20T11:22:11.001+0000] {processor.py:183} INFO - Processing /opt/airflow/dags/dag_file.py took 0.747 seconds
[2026-03-20T11:22:41.420+0000] {processor.py:161} INFO - Started process (PID=343) to work on /opt/airflow/dags/dag_file.py
[2026-03-20T11:22:41.421+0000] {processor.py:830} INFO - Processing file /opt/airflow/dags/dag_file.py for tasks to queue
[2026-03-20T11:22:41.423+0000] {logging_mixin.py:188} INFO - [2026-03-20T11:22:41.422+0000] {dagbag.py:545} INFO - Filling up the DagBag from /opt/airflow/dags/dag_file.py
[2026-03-20T11:22:42.071+0000] {processor.py:840} INFO - DAG(s) 'my_dag' retrieved from /opt/airflow/dags/dag_file.py
[2026-03-20T11:22:42.087+0000] {logging_mixin.py:188} INFO - [2026-03-20T11:22:42.087+0000] {dag.py:3089} INFO - Sync 1 DAGs
[2026-03-20T11:22:42.101+0000] {logging_mixin.py:188} INFO - [2026-03-20T11:22:42.101+0000] {dag.py:3947} INFO - Setting next_dagrun for my_dag to 2026-03-01 00:00:00+00:00, run_after=2026-03-02 00:00:00+00:00
[2026-03-20T11:22:42.123+0000] {processor.py:183} INFO - Processing /opt/airflow/dags/dag_file.py took 0.707 seconds
[2026-03-20T11:23:12.333+0000] {processor.py:161} INFO - Started process (PID=355) to work on /opt/airflow/dags/dag_file.py
[2026-03-20T11:23:12.333+0000] {processor.py:830} INFO - Processing file /opt/airflow/dags/dag_file.py for tasks to queue
[2026-03-20T11:23:12.335+0000] {logging_mixin.py:188} INFO - [2026-03-20T11:23:12.334+0000] {dagbag.py:545} INFO - Filling up the DagBag from /opt/airflow/dags/dag_file.py
[2026-03-20T11:23:12.988+0000] {processor.py:840} INFO - DAG(s) 'my_dag' retrieved from /opt/airflow/dags/dag_file.py
[2026-03-20T11:23:13.005+0000] {logging_mixin.py:188} INFO - [2026-03-20T11:23:13.005+0000] {dag.py:3089} INFO - Sync 1 DAGs
[2026-03-20T11:23:13.018+0000] {logging_mixin.py:188} INFO - [2026-03-20T11:23:13.018+0000] {dag.py:3947} INFO - Setting next_dagrun for my_dag to 2026-03-01 00:00:00+00:00, run_after=2026-03-02 00:00:00+00:00
[2026-03-20T11:23:13.032+0000] {processor.py:183} INFO - Processing /opt/airflow/dags/dag_file.py took 0.704 seconds
[2026-03-20T11:23:43.438+0000] {processor.py:161} INFO - Started process (PID=368) to work on /opt/airflow/dags/dag_file.py
[2026-03-20T11:23:43.439+0000] {processor.py:830} INFO - Processing file /opt/airflow/dags/dag_file.py for tasks to queue
[2026-03-20T11:23:43.440+0000] {logging_mixin.py:188} INFO - [2026-03-20T11:23:43.440+0000] {dagbag.py:545} INFO - Filling up the DagBag from /opt/airflow/dags/dag_file.py
[2026-03-20T11:23:44.080+0000] {processor.py:840} INFO - DAG(s) 'my_dag' retrieved from /opt/airflow/dags/dag_file.py
[2026-03-20T11:23:44.097+0000] {logging_mixin.py:188} INFO - [2026-03-20T11:23:44.096+0000] {dag.py:3089} INFO - Sync 1 DAGs
[2026-03-20T11:23:44.111+0000] {logging_mixin.py:188} INFO - [2026-03-20T11:23:44.111+0000] {dag.py:3947} INFO - Setting next_dagrun for my_dag to 2026-03-01 00:00:00+00:00, run_after=2026-03-02 00:00:00+00:00
[2026-03-20T11:23:44.125+0000] {processor.py:183} INFO - Processing /opt/airflow/dags/dag_file.py took 0.692 seconds
[2026-03-20T11:24:14.419+0000] {processor.py:161} INFO - Started process (PID=380) to work on /opt/airflow/dags/dag_file.py
[2026-03-20T11:24:14.420+0000] {processor.py:830} INFO - Processing file /opt/airflow/dags/dag_file.py for tasks to queue
[2026-03-20T11:24:14.421+0000] {logging_mixin.py:188} INFO - [2026-03-20T11:24:14.421+0000] {dagbag.py:545} INFO - Filling up the DagBag from /opt/airflow/dags/dag_file.py
[2026-03-20T11:24:15.106+0000] {processor.py:840} INFO - DAG(s) 'my_dag' retrieved from /opt/airflow/dags/dag_file.py
[2026-03-20T11:24:15.122+0000] {logging_mixin.py:188} INFO - [2026-03-20T11:24:15.122+0000] {dag.py:3089} INFO - Sync 1 DAGs
[2026-03-20T11:24:15.134+0000] {logging_mixin.py:188} INFO - [2026-03-20T11:24:15.134+0000] {dag.py:3947} INFO - Setting next_dagrun for my_dag to 2026-03-01 00:00:00+00:00, run_after=2026-03-02 00:00:00+00:00
[2026-03-20T11:24:15.149+0000] {processor.py:183} INFO - Processing /opt/airflow/dags/dag_file.py took 0.734 seconds
[2026-03-20T11:24:45.520+0000] {processor.py:161} INFO - Started process (PID=392) to work on /opt/airflow/dags/dag_file.py
[2026-03-20T11:24:45.521+0000] {processor.py:830} INFO - Processing file /opt/airflow/dags/dag_file.py for tasks to queue
[2026-03-20T11:24:45.522+0000] {logging_mixin.py:188} INFO - [2026-03-20T11:24:45.522+0000] {dagbag.py:545} INFO - Filling up the DagBag from /opt/airflow/dags/dag_file.py
[2026-03-20T11:24:46.188+0000] {processor.py:840} INFO - DAG(s) 'my_dag' retrieved from /opt/airflow/dags/dag_file.py
[2026-03-20T11:24:46.204+0000] {logging_mixin.py:188} INFO - [2026-03-20T11:24:46.204+0000] {dag.py:3089} INFO - Sync 1 DAGs
[2026-03-20T11:24:46.219+0000] {logging_mixin.py:188} INFO - [2026-03-20T11:24:46.219+0000] {dag.py:3947} INFO - Setting next_dagrun for my_dag to 2026-03-01 00:00:00+00:00, run_after=2026-03-02 00:00:00+00:00
[2026-03-20T11:24:46.241+0000] {processor.py:183} INFO - Processing /opt/airflow/dags/dag_file.py took 0.725 seconds
[2026-03-20T11:25:16.404+0000] {processor.py:161} INFO - Started process (PID=404) to work on /opt/airflow/dags/dag_file.py
[2026-03-20T11:25:16.405+0000] {processor.py:830} INFO - Processing file /opt/airflow/dags/dag_file.py for tasks to queue
[2026-03-20T11:25:16.406+0000] {logging_mixin.py:188} INFO - [2026-03-20T11:25:16.406+0000] {dagbag.py:545} INFO - Filling up the DagBag from /opt/airflow/dags/dag_file.py
[2026-03-20T11:25:17.081+0000] {processor.py:840} INFO - DAG(s) 'my_dag' retrieved from /opt/airflow/dags/dag_file.py
[2026-03-20T11:25:17.097+0000] {logging_mixin.py:188} INFO - [2026-03-20T11:25:17.097+0000] {dag.py:3089} INFO - Sync 1 DAGs
[2026-03-20T11:25:17.112+0000] {logging_mixin.py:188} INFO - [2026-03-20T11:25:17.112+0000] {dag.py:3947} INFO - Setting next_dagrun for my_dag to 2026-03-01 00:00:00+00:00, run_after=2026-03-02 00:00:00+00:00
[2026-03-20T11:25:17.134+0000] {processor.py:183} INFO - Processing /opt/airflow/dags/dag_file.py took 0.735 seconds
[2026-03-20T11:25:47.183+0000] {processor.py:161} INFO - Started process (PID=416) to work on /opt/airflow/dags/dag_file.py
[2026-03-20T11:25:47.183+0000] {processor.py:830} INFO - Processing file /opt/airflow/dags/dag_file.py for tasks to queue
[2026-03-20T11:25:47.185+0000] {logging_mixin.py:188} INFO - [2026-03-20T11:25:47.185+0000] {dagbag.py:545} INFO - Filling up the DagBag from /opt/airflow/dags/dag_file.py
[2026-03-20T11:25:47.806+0000] {processor.py:840} INFO - DAG(s) 'my_dag' retrieved from /opt/airflow/dags/dag_file.py
[2026-03-20T11:25:47.823+0000] {logging_mixin.py:188} INFO - [2026-03-20T11:25:47.823+0000] {dag.py:3089} INFO - Sync 1 DAGs
[2026-03-20T11:25:47.838+0000] {logging_mixin.py:188} INFO - [2026-03-20T11:25:47.838+0000] {dag.py:3947} INFO - Setting next_dagrun for my_dag to 2026-03-01 00:00:00+00:00, run_after=2026-03-02 00:00:00+00:00
[2026-03-20T11:25:47.860+0000] {processor.py:183} INFO - Processing /opt/airflow/dags/dag_file.py took 0.681 seconds
[2026-03-20T11:26:18.365+0000] {processor.py:161} INFO - Started process (PID=428) to work on /opt/airflow/dags/dag_file.py
[2026-03-20T11:26:18.365+0000] {processor.py:830} INFO - Processing file /opt/airflow/dags/dag_file.py for tasks to queue
[2026-03-20T11:26:18.367+0000] {logging_mixin.py:188} INFO - [2026-03-20T11:26:18.367+0000] {dagbag.py:545} INFO - Filling up the DagBag from /opt/airflow/dags/dag_file.py
[2026-03-20T11:26:19.044+0000] {processor.py:840} INFO - DAG(s) 'my_dag' retrieved from /opt/airflow/dags/dag_file.py
[2026-03-20T11:26:19.061+0000] {logging_mixin.py:188} INFO - [2026-03-20T11:26:19.061+0000] {dag.py:3089} INFO - Sync 1 DAGs
[2026-03-20T11:26:19.074+0000] {logging_mixin.py:188} INFO - [2026-03-20T11:26:19.074+0000] {dag.py:3947} INFO - Setting next_dagrun for my_dag to 2026-03-01 00:00:00+00:00, run_after=2026-03-02 00:00:00+00:00
[2026-03-20T11:26:19.096+0000] {processor.py:183} INFO - Processing /opt/airflow/dags/dag_file.py took 0.736 seconds
[2026-03-20T11:26:49.618+0000] {processor.py:161} INFO - Started process (PID=440) to work on /opt/airflow/dags/dag_file.py
[2026-03-20T11:26:49.619+0000] {processor.py:830} INFO - Processing file /opt/airflow/dags/dag_file.py for tasks to queue
[2026-03-20T11:26:49.621+0000] {logging_mixin.py:188} INFO - [2026-03-20T11:26:49.620+0000] {dagbag.py:545} INFO - Filling up the DagBag from /opt/airflow/dags/dag_file.py
[2026-03-20T11:26:50.298+0000] {processor.py:840} INFO - DAG(s) 'my_dag' retrieved from /opt/airflow/dags/dag_file.py
[2026-03-20T11:26:50.314+0000] {logging_mixin.py:188} INFO - [2026-03-20T11:26:50.314+0000] {dag.py:3089} INFO - Sync 1 DAGs
[2026-03-20T11:26:50.327+0000] {logging_mixin.py:188} INFO - [2026-03-20T11:26:50.327+0000] {dag.py:3947} INFO - Setting next_dagrun for my_dag to 2026-03-01 00:00:00+00:00, run_after=2026-03-02 00:00:00+00:00
[2026-03-20T11:26:50.339+0000] {processor.py:183} INFO - Processing /opt/airflow/dags/dag_file.py took 0.725 seconds
[2026-03-20T11:27:20.444+0000] {processor.py:161} INFO - Started process (PID=452) to work on /opt/airflow/dags/dag_file.py
[2026-03-20T11:27:20.445+0000] {processor.py:830} INFO - Processing file /opt/airflow/dags/dag_file.py for tasks to queue
[2026-03-20T11:27:20.446+0000] {logging_mixin.py:188} INFO - [2026-03-20T11:27:20.446+0000] {dagbag.py:545} INFO - Filling up the DagBag from /opt/airflow/dags/dag_file.py
[2026-03-20T11:27:21.070+0000] {processor.py:840} INFO - DAG(s) 'my_dag' retrieved from /opt/airflow/dags/dag_file.py
[2026-03-20T11:27:21.085+0000] {logging_mixin.py:188} INFO - [2026-03-20T11:27:21.085+0000] {dag.py:3089} INFO - Sync 1 DAGs
[2026-03-20T11:27:21.097+0000] {logging_mixin.py:188} INFO - [2026-03-20T11:27:21.097+0000] {dag.py:3947} INFO - Setting next_dagrun for my_dag to 2026-03-01 00:00:00+00:00, run_after=2026-03-02 00:00:00+00:00
[2026-03-20T11:27:21.120+0000] {processor.py:183} INFO - Processing /opt/airflow/dags/dag_file.py took 0.680 seconds
[2026-03-20T11:27:51.577+0000] {processor.py:161} INFO - Started process (PID=464) to work on /opt/airflow/dags/dag_file.py
[2026-03-20T11:27:51.578+0000] {processor.py:830} INFO - Processing file /opt/airflow/dags/dag_file.py for tasks to queue
[2026-03-20T11:27:51.579+0000] {logging_mixin.py:188} INFO - [2026-03-20T11:27:51.579+0000] {dagbag.py:545} INFO - Filling up the DagBag from /opt/airflow/dags/dag_file.py
[2026-03-20T11:27:52.230+0000] {processor.py:840} INFO - DAG(s) 'my_dag' retrieved from /opt/airflow/dags/dag_file.py
[2026-03-20T11:27:52.246+0000] {logging_mixin.py:188} INFO - [2026-03-20T11:27:52.246+0000] {dag.py:3089} INFO - Sync 1 DAGs
[2026-03-20T11:27:52.262+0000] {logging_mixin.py:188} INFO - [2026-03-20T11:27:52.262+0000] {dag.py:3947} INFO - Setting next_dagrun for my_dag to 2026-03-01 00:00:00+00:00, run_after=2026-03-02 00:00:00+00:00
[2026-03-20T11:27:52.276+0000] {processor.py:183} INFO - Processing /opt/airflow/dags/dag_file.py took 0.703 seconds
[2026-03-20T11:28:22.398+0000] {processor.py:161} INFO - Started process (PID=476) to work on /opt/airflow/dags/dag_file.py
[2026-03-20T11:28:22.398+0000] {processor.py:830} INFO - Processing file /opt/airflow/dags/dag_file.py for tasks to queue
[2026-03-20T11:28:22.399+0000] {logging_mixin.py:188} INFO - [2026-03-20T11:28:22.399+0000] {dagbag.py:545} INFO - Filling up the DagBag from /opt/airflow/dags/dag_file.py
[2026-03-20T11:28:23.076+0000] {processor.py:840} INFO - DAG(s) 'my_dag' retrieved from /opt/airflow/dags/dag_file.py
[2026-03-20T11:28:23.092+0000] {logging_mixin.py:188} INFO - [2026-03-20T11:28:23.092+0000] {dag.py:3089} INFO - Sync 1 DAGs
[2026-03-20T11:28:23.106+0000] {logging_mixin.py:188} INFO - [2026-03-20T11:28:23.106+0000] {dag.py:3947} INFO - Setting next_dagrun for my_dag to 2026-03-01 00:00:00+00:00, run_after=2026-03-02 00:00:00+00:00
[2026-03-20T11:28:23.119+0000] {processor.py:183} INFO - Processing /opt/airflow/dags/dag_file.py took 0.726 seconds
[2026-03-20T11:28:53.300+0000] {processor.py:161} INFO - Started process (PID=488) to work on /opt/airflow/dags/dag_file.py
[2026-03-20T11:28:53.300+0000] {processor.py:830} INFO - Processing file /opt/airflow/dags/dag_file.py for tasks to queue
[2026-03-20T11:28:53.302+0000] {logging_mixin.py:188} INFO - [2026-03-20T11:28:53.301+0000] {dagbag.py:545} INFO - Filling up the DagBag from /opt/airflow/dags/dag_file.py
[2026-03-20T11:28:53.943+0000] {processor.py:840} INFO - DAG(s) 'my_dag' retrieved from /opt/airflow/dags/dag_file.py
[2026-03-20T11:28:53.960+0000] {logging_mixin.py:188} INFO - [2026-03-20T11:28:53.960+0000] {dag.py:3089} INFO - Sync 1 DAGs
[2026-03-20T11:28:53.974+0000] {logging_mixin.py:188} INFO - [2026-03-20T11:28:53.974+0000] {dag.py:3947} INFO - Setting next_dagrun for my_dag to 2026-03-01 00:00:00+00:00, run_after=2026-03-02 00:00:00+00:00
[2026-03-20T11:28:53.990+0000] {processor.py:183} INFO - Processing /opt/airflow/dags/dag_file.py took 0.695 seconds
[2026-03-20T11:29:24.151+0000] {processor.py:161} INFO - Started process (PID=500) to work on /opt/airflow/dags/dag_file.py
[2026-03-20T11:29:24.151+0000] {processor.py:830} INFO - Processing file /opt/airflow/dags/dag_file.py for tasks to queue
[2026-03-20T11:29:24.153+0000] {logging_mixin.py:188} INFO - [2026-03-20T11:29:24.153+0000] {dagbag.py:545} INFO - Filling up the DagBag from /opt/airflow/dags/dag_file.py
[2026-03-20T11:29:24.822+0000] {processor.py:840} INFO - DAG(s) 'my_dag' retrieved from /opt/airflow/dags/dag_file.py
[2026-03-20T11:29:24.838+0000] {logging_mixin.py:188} INFO - [2026-03-20T11:29:24.838+0000] {dag.py:3089} INFO - Sync 1 DAGs
[2026-03-20T11:29:24.851+0000] {logging_mixin.py:188} INFO - [2026-03-20T11:29:24.850+0000] {dag.py:3947} INFO - Setting next_dagrun for my_dag to 2026-03-01 00:00:00+00:00, run_after=2026-03-02 00:00:00+00:00
[2026-03-20T11:29:24.864+0000] {processor.py:183} INFO - Processing /opt/airflow/dags/dag_file.py took 0.718 seconds
[2026-03-20T11:29:55.116+0000] {processor.py:161} INFO - Started process (PID=512) to work on /opt/airflow/dags/dag_file.py
[2026-03-20T11:29:55.117+0000] {processor.py:830} INFO - Processing file /opt/airflow/dags/dag_file.py for tasks to queue
[2026-03-20T11:29:55.118+0000] {logging_mixin.py:188} INFO - [2026-03-20T11:29:55.118+0000] {dagbag.py:545} INFO - Filling up the DagBag from /opt/airflow/dags/dag_file.py
[2026-03-20T11:29:55.751+0000] {processor.py:840} INFO - DAG(s) 'my_dag' retrieved from /opt/airflow/dags/dag_file.py
[2026-03-20T11:29:55.767+0000] {logging_mixin.py:188} INFO - [2026-03-20T11:29:55.767+0000] {dag.py:3089} INFO - Sync 1 DAGs
[2026-03-20T11:29:55.780+0000] {logging_mixin.py:188} INFO - [2026-03-20T11:29:55.780+0000] {dag.py:3947} INFO - Setting next_dagrun for my_dag to 2026-03-01 00:00:00+00:00, run_after=2026-03-02 00:00:00+00:00
[2026-03-20T11:29:55.794+0000] {processor.py:183} INFO - Processing /opt/airflow/dags/dag_file.py took 0.682 seconds
[2026-03-20T11:30:26.058+0000] {processor.py:161} INFO - Started process (PID=524) to work on /opt/airflow/dags/dag_file.py
[2026-03-20T11:30:26.059+0000] {processor.py:830} INFO - Processing file /opt/airflow/dags/dag_file.py for tasks to queue
[2026-03-20T11:30:26.060+0000] {logging_mixin.py:188} INFO - [2026-03-20T11:30:26.060+0000] {dagbag.py:545} INFO - Filling up the DagBag from /opt/airflow/dags/dag_file.py
[2026-03-20T11:30:26.682+0000] {processor.py:840} INFO - DAG(s) 'my_dag' retrieved from /opt/airflow/dags/dag_file.py
[2026-03-20T11:30:26.698+0000] {logging_mixin.py:188} INFO - [2026-03-20T11:30:26.697+0000] {dag.py:3089} INFO - Sync 1 DAGs
[2026-03-20T11:30:26.712+0000] {logging_mixin.py:188} INFO - [2026-03-20T11:30:26.711+0000] {dag.py:3947} INFO - Setting next_dagrun for my_dag to 2026-03-01 00:00:00+00:00, run_after=2026-03-02 00:00:00+00:00
[2026-03-20T11:30:26.724+0000] {processor.py:183} INFO - Processing /opt/airflow/dags/dag_file.py took 0.671 seconds
[2026-03-20T11:30:56.937+0000] {processor.py:161} INFO - Started process (PID=536) to work on /opt/airflow/dags/dag_file.py
[2026-03-20T11:30:56.938+0000] {processor.py:830} INFO - Processing file /opt/airflow/dags/dag_file.py for tasks to queue
[2026-03-20T11:30:56.939+0000] {logging_mixin.py:188} INFO - [2026-03-20T11:30:56.939+0000] {dagbag.py:545} INFO - Filling up the DagBag from /opt/airflow/dags/dag_file.py
[2026-03-20T11:30:57.634+0000] {processor.py:840} INFO - DAG(s) 'my_dag' retrieved from /opt/airflow/dags/dag_file.py
[2026-03-20T11:30:57.650+0000] {logging_mixin.py:188} INFO - [2026-03-20T11:30:57.650+0000] {dag.py:3089} INFO - Sync 1 DAGs
[2026-03-20T11:30:57.666+0000] {logging_mixin.py:188} INFO - [2026-03-20T11:30:57.666+0000] {dag.py:3947} INFO - Setting next_dagrun for my_dag to 2026-03-01 00:00:00+00:00, run_after=2026-03-02 00:00:00+00:00
[2026-03-20T11:30:57.687+0000] {processor.py:183} INFO - Processing /opt/airflow/dags/dag_file.py took 0.755 seconds
[2026-03-20T11:31:27.774+0000] {processor.py:161} INFO - Started process (PID=548) to work on /opt/airflow/dags/dag_file.py
[2026-03-20T11:31:27.774+0000] {processor.py:830} INFO - Processing file /opt/airflow/dags/dag_file.py for tasks to queue
[2026-03-20T11:31:27.776+0000] {logging_mixin.py:188} INFO - [2026-03-20T11:31:27.776+0000] {dagbag.py:545} INFO - Filling up the DagBag from /opt/airflow/dags/dag_file.py
[2026-03-20T11:31:28.404+0000] {processor.py:840} INFO - DAG(s) 'my_dag' retrieved from /opt/airflow/dags/dag_file.py
[2026-03-20T11:31:28.420+0000] {logging_mixin.py:188} INFO - [2026-03-20T11:31:28.419+0000] {dag.py:3089} INFO - Sync 1 DAGs
[2026-03-20T11:31:28.432+0000] {logging_mixin.py:188} INFO - [2026-03-20T11:31:28.432+0000] {dag.py:3947} INFO - Setting next_dagrun for my_dag to 2026-03-01 00:00:00+00:00, run_after=2026-03-02 00:00:00+00:00
[2026-03-20T11:31:28.445+0000] {processor.py:183} INFO - Processing /opt/airflow/dags/dag_file.py took 0.675 seconds
[2026-03-20T11:31:58.812+0000] {processor.py:161} INFO - Started process (PID=560) to work on /opt/airflow/dags/dag_file.py
[2026-03-20T11:31:58.814+0000] {processor.py:830} INFO - Processing file /opt/airflow/dags/dag_file.py for tasks to queue
[2026-03-20T11:31:58.816+0000] {logging_mixin.py:188} INFO - [2026-03-20T11:31:58.815+0000] {dagbag.py:545} INFO - Filling up the DagBag from /opt/airflow/dags/dag_file.py
[2026-03-20T11:31:59.494+0000] {processor.py:840} INFO - DAG(s) 'my_dag' retrieved from /opt/airflow/dags/dag_file.py
[2026-03-20T11:31:59.512+0000] {logging_mixin.py:188} INFO - [2026-03-20T11:31:59.512+0000] {dag.py:3089} INFO - Sync 1 DAGs
[2026-03-20T11:31:59.526+0000] {logging_mixin.py:188} INFO - [2026-03-20T11:31:59.526+0000] {dag.py:3947} INFO - Setting next_dagrun for my_dag to 2026-03-01 00:00:00+00:00, run_after=2026-03-02 00:00:00+00:00
[2026-03-20T11:31:59.540+0000] {processor.py:183} INFO - Processing /opt/airflow/dags/dag_file.py took 0.733 seconds
[2026-03-20T11:32:29.591+0000] {processor.py:161} INFO - Started process (PID=572) to work on /opt/airflow/dags/dag_file.py
[2026-03-20T11:32:29.592+0000] {processor.py:830} INFO - Processing file /opt/airflow/dags/dag_file.py for tasks to queue
[2026-03-20T11:32:29.593+0000] {logging_mixin.py:188} INFO - [2026-03-20T11:32:29.593+0000] {dagbag.py:545} INFO - Filling up the DagBag from /opt/airflow/dags/dag_file.py
[2026-03-20T11:32:30.229+0000] {processor.py:840} INFO - DAG(s) 'my_dag' retrieved from /opt/airflow/dags/dag_file.py
[2026-03-20T11:32:30.246+0000] {logging_mixin.py:188} INFO - [2026-03-20T11:32:30.246+0000] {dag.py:3089} INFO - Sync 1 DAGs
[2026-03-20T11:32:30.260+0000] {logging_mixin.py:188} INFO - [2026-03-20T11:32:30.260+0000] {dag.py:3947} INFO - Setting next_dagrun for my_dag to 2026-03-01 00:00:00+00:00, run_after=2026-03-02 00:00:00+00:00
[2026-03-20T11:32:30.274+0000] {processor.py:183} INFO - Processing /opt/airflow/dags/dag_file.py took 0.687 seconds
[2026-03-20T11:33:00.676+0000] {processor.py:161} INFO - Started process (PID=584) to work on /opt/airflow/dags/dag_file.py
[2026-03-20T11:33:00.677+0000] {processor.py:830} INFO - Processing file /opt/airflow/dags/dag_file.py for tasks to queue
[2026-03-20T11:33:00.679+0000] {logging_mixin.py:188} INFO - [2026-03-20T11:33:00.678+0000] {dagbag.py:545} INFO - Filling up the DagBag from /opt/airflow/dags/dag_file.py
[2026-03-20T11:33:01.311+0000] {processor.py:840} INFO - DAG(s) 'my_dag' retrieved from /opt/airflow/dags/dag_file.py
[2026-03-20T11:33:01.328+0000] {logging_mixin.py:188} INFO - [2026-03-20T11:33:01.328+0000] {dag.py:3089} INFO - Sync 1 DAGs
[2026-03-20T11:33:01.342+0000] {logging_mixin.py:188} INFO - [2026-03-20T11:33:01.341+0000] {dag.py:3947} INFO - Setting next_dagrun for my_dag to 2026-03-01 00:00:00+00:00, run_after=2026-03-02 00:00:00+00:00
[2026-03-20T11:33:01.356+0000] {processor.py:183} INFO - Processing /opt/airflow/dags/dag_file.py took 0.684 seconds
[2026-03-20T11:33:31.938+0000] {processor.py:161} INFO - Started process (PID=614) to work on /opt/airflow/dags/dag_file.py
[2026-03-20T11:33:31.939+0000] {processor.py:830} INFO - Processing file /opt/airflow/dags/dag_file.py for tasks to queue
[2026-03-20T11:33:31.941+0000] {logging_mixin.py:188} INFO - [2026-03-20T11:33:31.941+0000] {dagbag.py:545} INFO - Filling up the DagBag from /opt/airflow/dags/dag_file.py
[2026-03-20T11:33:32.651+0000] {processor.py:840} INFO - DAG(s) 'my_dag' retrieved from /opt/airflow/dags/dag_file.py
[2026-03-20T11:33:32.667+0000] {logging_mixin.py:188} INFO - [2026-03-20T11:33:32.667+0000] {dag.py:3089} INFO - Sync 1 DAGs
[2026-03-20T11:33:32.694+0000] {processor.py:183} INFO - Processing /opt/airflow/dags/dag_file.py took 0.761 seconds
[2026-03-20T11:34:02.935+0000] {processor.py:161} INFO - Started process (PID=632) to work on /opt/airflow/dags/dag_file.py
[2026-03-20T11:34:02.935+0000] {processor.py:830} INFO - Processing file /opt/airflow/dags/dag_file.py for tasks to queue
[2026-03-20T11:34:02.937+0000] {logging_mixin.py:188} INFO - [2026-03-20T11:34:02.937+0000] {dagbag.py:545} INFO - Filling up the DagBag from /opt/airflow/dags/dag_file.py
[2026-03-20T11:34:03.618+0000] {processor.py:840} INFO - DAG(s) 'my_dag' retrieved from /opt/airflow/dags/dag_file.py
[2026-03-20T11:34:03.635+0000] {logging_mixin.py:188} INFO - [2026-03-20T11:34:03.635+0000] {dag.py:3089} INFO - Sync 1 DAGs
[2026-03-20T11:34:03.673+0000] {processor.py:183} INFO - Processing /opt/airflow/dags/dag_file.py took 0.743 seconds
[2026-03-20T11:34:33.856+0000] {processor.py:161} INFO - Started process (PID=644) to work on /opt/airflow/dags/dag_file.py
[2026-03-20T11:34:33.859+0000] {processor.py:830} INFO - Processing file /opt/airflow/dags/dag_file.py for tasks to queue
[2026-03-20T11:34:33.863+0000] {logging_mixin.py:188} INFO - [2026-03-20T11:34:33.862+0000] {dagbag.py:545} INFO - Filling up the DagBag from /opt/airflow/dags/dag_file.py
[2026-03-20T11:34:34.551+0000] {processor.py:840} INFO - DAG(s) 'my_dag' retrieved from /opt/airflow/dags/dag_file.py
[2026-03-20T11:34:34.565+0000] {logging_mixin.py:188} INFO - [2026-03-20T11:34:34.564+0000] {dag.py:3089} INFO - Sync 1 DAGs
[2026-03-20T11:34:34.600+0000] {processor.py:183} INFO - Processing /opt/airflow/dags/dag_file.py took 0.750 seconds
[2026-03-20T11:35:04.847+0000] {processor.py:161} INFO - Started process (PID=656) to work on /opt/airflow/dags/dag_file.py
[2026-03-20T11:35:04.848+0000] {processor.py:830} INFO - Processing file /opt/airflow/dags/dag_file.py for tasks to queue
[2026-03-20T11:35:04.850+0000] {logging_mixin.py:188} INFO - [2026-03-20T11:35:04.849+0000] {dagbag.py:545} INFO - Filling up the DagBag from /opt/airflow/dags/dag_file.py
[2026-03-20T11:35:05.508+0000] {processor.py:840} INFO - DAG(s) 'my_dag' retrieved from /opt/airflow/dags/dag_file.py
[2026-03-20T11:35:05.525+0000] {logging_mixin.py:188} INFO - [2026-03-20T11:35:05.524+0000] {dag.py:3089} INFO - Sync 1 DAGs
[2026-03-20T11:35:05.554+0000] {processor.py:183} INFO - Processing /opt/airflow/dags/dag_file.py took 0.711 seconds
[2026-03-20T11:35:35.754+0000] {processor.py:161} INFO - Started process (PID=668) to work on /opt/airflow/dags/dag_file.py
[2026-03-20T11:35:35.755+0000] {processor.py:830} INFO - Processing file /opt/airflow/dags/dag_file.py for tasks to queue
[2026-03-20T11:35:35.756+0000] {logging_mixin.py:188} INFO - [2026-03-20T11:35:35.756+0000] {dagbag.py:545} INFO - Filling up the DagBag from /opt/airflow/dags/dag_file.py
[2026-03-20T11:35:36.412+0000] {processor.py:840} INFO - DAG(s) 'my_dag' retrieved from /opt/airflow/dags/dag_file.py
[2026-03-20T11:35:36.429+0000] {logging_mixin.py:188} INFO - [2026-03-20T11:35:36.428+0000] {dag.py:3089} INFO - Sync 1 DAGs
[2026-03-20T11:35:36.456+0000] {processor.py:183} INFO - Processing /opt/airflow/dags/dag_file.py took 0.707 seconds
[2026-03-20T11:36:06.744+0000] {processor.py:161} INFO - Started process (PID=680) to work on /opt/airflow/dags/dag_file.py
[2026-03-20T11:36:06.744+0000] {processor.py:830} INFO - Processing file /opt/airflow/dags/dag_file.py for tasks to queue
[2026-03-20T11:36:06.746+0000] {logging_mixin.py:188} INFO - [2026-03-20T11:36:06.746+0000] {dagbag.py:545} INFO - Filling up the DagBag from /opt/airflow/dags/dag_file.py
[2026-03-20T11:36:07.387+0000] {processor.py:840} INFO - DAG(s) 'my_dag' retrieved from /opt/airflow/dags/dag_file.py
[2026-03-20T11:36:07.403+0000] {logging_mixin.py:188} INFO - [2026-03-20T11:36:07.403+0000] {dag.py:3089} INFO - Sync 1 DAGs
[2026-03-20T11:36:07.440+0000] {processor.py:183} INFO - Processing /opt/airflow/dags/dag_file.py took 0.700 seconds
[2026-03-20T11:36:37.617+0000] {processor.py:161} INFO - Started process (PID=692) to work on /opt/airflow/dags/dag_file.py
[2026-03-20T11:36:37.617+0000] {processor.py:830} INFO - Processing file /opt/airflow/dags/dag_file.py for tasks to queue
[2026-03-20T11:36:37.619+0000] {logging_mixin.py:188} INFO - [2026-03-20T11:36:37.618+0000] {dagbag.py:545} INFO - Filling up the DagBag from /opt/airflow/dags/dag_file.py
[2026-03-20T11:36:38.300+0000] {processor.py:840} INFO - DAG(s) 'my_dag' retrieved from /opt/airflow/dags/dag_file.py
[2026-03-20T11:36:38.317+0000] {logging_mixin.py:188} INFO - [2026-03-20T11:36:38.317+0000] {dag.py:3089} INFO - Sync 1 DAGs
[2026-03-20T11:36:38.353+0000] {processor.py:183} INFO - Processing /opt/airflow/dags/dag_file.py took 0.741 seconds
[2026-03-20T11:36:50.089+0000] {processor.py:161} INFO - Started process (PID=698) to work on /opt/airflow/dags/dag_file.py
[2026-03-20T11:36:50.090+0000] {processor.py:830} INFO - Processing file /opt/airflow/dags/dag_file.py for tasks to queue
[2026-03-20T11:36:50.091+0000] {logging_mixin.py:188} INFO - [2026-03-20T11:36:50.091+0000] {dagbag.py:545} INFO - Filling up the DagBag from /opt/airflow/dags/dag_file.py
[2026-03-20T11:36:50.739+0000] {processor.py:840} INFO - DAG(s) 'my_dag' retrieved from /opt/airflow/dags/dag_file.py
[2026-03-20T11:36:50.754+0000] {logging_mixin.py:188} INFO - [2026-03-20T11:36:50.754+0000] {dag.py:3089} INFO - Sync 1 DAGs
[2026-03-20T11:36:50.790+0000] {processor.py:183} INFO - Processing /opt/airflow/dags/dag_file.py took 0.707 seconds
[2026-03-20T11:37:21.113+0000] {processor.py:161} INFO - Started process (PID=710) to work on /opt/airflow/dags/dag_file.py
[2026-03-20T11:37:21.114+0000] {processor.py:830} INFO - Processing file /opt/airflow/dags/dag_file.py for tasks to queue
[2026-03-20T11:37:21.115+0000] {logging_mixin.py:188} INFO - [2026-03-20T11:37:21.115+0000] {dagbag.py:545} INFO - Filling up the DagBag from /opt/airflow/dags/dag_file.py
[2026-03-20T11:37:21.784+0000] {processor.py:840} INFO - DAG(s) 'my_dag' retrieved from /opt/airflow/dags/dag_file.py
[2026-03-20T11:37:21.802+0000] {logging_mixin.py:188} INFO - [2026-03-20T11:37:21.801+0000] {dag.py:3089} INFO - Sync 1 DAGs
[2026-03-20T11:37:21.827+0000] {processor.py:183} INFO - Processing /opt/airflow/dags/dag_file.py took 0.719 seconds
[2026-03-20T11:37:52.043+0000] {processor.py:161} INFO - Started process (PID=722) to work on /opt/airflow/dags/dag_file.py
[2026-03-20T11:37:52.044+0000] {processor.py:830} INFO - Processing file /opt/airflow/dags/dag_file.py for tasks to queue
[2026-03-20T11:37:52.046+0000] {logging_mixin.py:188} INFO - [2026-03-20T11:37:52.046+0000] {dagbag.py:545} INFO - Filling up the DagBag from /opt/airflow/dags/dag_file.py
[2026-03-20T11:37:52.757+0000] {processor.py:840} INFO - DAG(s) 'my_dag' retrieved from /opt/airflow/dags/dag_file.py
[2026-03-20T11:37:52.773+0000] {logging_mixin.py:188} INFO - [2026-03-20T11:37:52.773+0000] {dag.py:3089} INFO - Sync 1 DAGs
[2026-03-20T11:37:52.799+0000] {processor.py:183} INFO - Processing /opt/airflow/dags/dag_file.py took 0.761 seconds
[2026-03-20T11:38:22.993+0000] {processor.py:161} INFO - Started process (PID=734) to work on /opt/airflow/dags/dag_file.py
[2026-03-20T11:38:22.994+0000] {processor.py:830} INFO - Processing file /opt/airflow/dags/dag_file.py for tasks to queue
[2026-03-20T11:38:22.996+0000] {logging_mixin.py:188} INFO - [2026-03-20T11:38:22.995+0000] {dagbag.py:545} INFO - Filling up the DagBag from /opt/airflow/dags/dag_file.py
[2026-03-20T11:38:23.647+0000] {processor.py:840} INFO - DAG(s) 'my_dag' retrieved from /opt/airflow/dags/dag_file.py
[2026-03-20T11:38:23.666+0000] {logging_mixin.py:188} INFO - [2026-03-20T11:38:23.666+0000] {dag.py:3089} INFO - Sync 1 DAGs
[2026-03-20T11:38:23.698+0000] {processor.py:183} INFO - Processing /opt/airflow/dags/dag_file.py took 0.709 seconds
[2026-03-20T11:38:28.454+0000] {processor.py:161} INFO - Started process (PID=740) to work on /opt/airflow/dags/dag_file.py
[2026-03-20T11:38:28.455+0000] {processor.py:830} INFO - Processing file /opt/airflow/dags/dag_file.py for tasks to queue
[2026-03-20T11:38:28.456+0000] {logging_mixin.py:188} INFO - [2026-03-20T11:38:28.456+0000] {dagbag.py:545} INFO - Filling up the DagBag from /opt/airflow/dags/dag_file.py
[2026-03-20T11:38:29.104+0000] {processor.py:840} INFO - DAG(s) 'my_dag' retrieved from /opt/airflow/dags/dag_file.py
[2026-03-20T11:38:29.123+0000] {logging_mixin.py:188} INFO - [2026-03-20T11:38:29.123+0000] {dag.py:3089} INFO - Sync 1 DAGs
[2026-03-20T11:38:29.149+0000] {processor.py:183} INFO - Processing /opt/airflow/dags/dag_file.py took 0.700 seconds
[2026-03-20T11:38:59.354+0000] {processor.py:161} INFO - Started process (PID=752) to work on /opt/airflow/dags/dag_file.py
[2026-03-20T11:38:59.355+0000] {processor.py:830} INFO - Processing file /opt/airflow/dags/dag_file.py for tasks to queue
[2026-03-20T11:38:59.356+0000] {logging_mixin.py:188} INFO - [2026-03-20T11:38:59.356+0000] {dagbag.py:545} INFO - Filling up the DagBag from /opt/airflow/dags/dag_file.py
[2026-03-20T11:38:59.975+0000] {processor.py:840} INFO - DAG(s) 'my_dag' retrieved from /opt/airflow/dags/dag_file.py
[2026-03-20T11:38:59.991+0000] {logging_mixin.py:188} INFO - [2026-03-20T11:38:59.991+0000] {dag.py:3089} INFO - Sync 1 DAGs
[2026-03-20T11:39:00.028+0000] {processor.py:183} INFO - Processing /opt/airflow/dags/dag_file.py took 0.678 seconds
[2026-03-20T11:39:30.371+0000] {processor.py:161} INFO - Started process (PID=764) to work on /opt/airflow/dags/dag_file.py
[2026-03-20T11:39:30.372+0000] {processor.py:830} INFO - Processing file /opt/airflow/dags/dag_file.py for tasks to queue
[2026-03-20T11:39:30.373+0000] {logging_mixin.py:188} INFO - [2026-03-20T11:39:30.373+0000] {dagbag.py:545} INFO - Filling up the DagBag from /opt/airflow/dags/dag_file.py
[2026-03-20T11:39:31.024+0000] {processor.py:840} INFO - DAG(s) 'my_dag' retrieved from /opt/airflow/dags/dag_file.py
[2026-03-20T11:39:31.041+0000] {logging_mixin.py:188} INFO - [2026-03-20T11:39:31.041+0000] {dag.py:3089} INFO - Sync 1 DAGs
[2026-03-20T11:39:31.067+0000] {processor.py:183} INFO - Processing /opt/airflow/dags/dag_file.py took 0.700 seconds
[2026-03-20T11:39:40.157+0000] {processor.py:161} INFO - Started process (PID=770) to work on /opt/airflow/dags/dag_file.py
[2026-03-20T11:39:40.158+0000] {processor.py:830} INFO - Processing file /opt/airflow/dags/dag_file.py for tasks to queue
[2026-03-20T11:39:40.159+0000] {logging_mixin.py:188} INFO - [2026-03-20T11:39:40.159+0000] {dagbag.py:545} INFO - Filling up the DagBag from /opt/airflow/dags/dag_file.py
[2026-03-20T11:39:41.174+0000] {processor.py:840} INFO - DAG(s) 'my_dag' retrieved from /opt/airflow/dags/dag_file.py
[2026-03-20T11:39:41.202+0000] {logging_mixin.py:188} INFO - [2026-03-20T11:39:41.201+0000] {dag.py:3089} INFO - Sync 1 DAGs
[2026-03-20T11:39:41.252+0000] {processor.py:183} INFO - Processing /opt/airflow/dags/dag_file.py took 1.100 seconds
[2026-03-20T11:40:11.773+0000] {processor.py:161} INFO - Started process (PID=782) to work on /opt/airflow/dags/dag_file.py
[2026-03-20T11:40:11.774+0000] {processor.py:830} INFO - Processing file /opt/airflow/dags/dag_file.py for tasks to queue
[2026-03-20T11:40:11.775+0000] {logging_mixin.py:188} INFO - [2026-03-20T11:40:11.775+0000] {dagbag.py:545} INFO - Filling up the DagBag from /opt/airflow/dags/dag_file.py
[2026-03-20T11:40:12.408+0000] {processor.py:840} INFO - DAG(s) 'my_dag' retrieved from /opt/airflow/dags/dag_file.py
[2026-03-20T11:40:12.423+0000] {logging_mixin.py:188} INFO - [2026-03-20T11:40:12.423+0000] {dag.py:3089} INFO - Sync 1 DAGs
[2026-03-20T11:40:12.457+0000] {processor.py:183} INFO - Processing /opt/airflow/dags/dag_file.py took 0.688 seconds
[2026-03-20T11:40:42.506+0000] {processor.py:161} INFO - Started process (PID=794) to work on /opt/airflow/dags/dag_file.py
[2026-03-20T11:40:42.506+0000] {processor.py:830} INFO - Processing file /opt/airflow/dags/dag_file.py for tasks to queue
[2026-03-20T11:40:42.508+0000] {logging_mixin.py:188} INFO - [2026-03-20T11:40:42.507+0000] {dagbag.py:545} INFO - Filling up the DagBag from /opt/airflow/dags/dag_file.py
[2026-03-20T11:40:43.119+0000] {processor.py:840} INFO - DAG(s) 'my_dag' retrieved from /opt/airflow/dags/dag_file.py
[2026-03-20T11:40:43.134+0000] {logging_mixin.py:188} INFO - [2026-03-20T11:40:43.133+0000] {dag.py:3089} INFO - Sync 1 DAGs
[2026-03-20T11:40:43.158+0000] {processor.py:183} INFO - Processing /opt/airflow/dags/dag_file.py took 0.657 seconds
[2026-03-20T11:41:13.741+0000] {processor.py:161} INFO - Started process (PID=806) to work on /opt/airflow/dags/dag_file.py
[2026-03-20T11:41:13.742+0000] {processor.py:830} INFO - Processing file /opt/airflow/dags/dag_file.py for tasks to queue
[2026-03-20T11:41:13.744+0000] {logging_mixin.py:188} INFO - [2026-03-20T11:41:13.743+0000] {dagbag.py:545} INFO - Filling up the DagBag from /opt/airflow/dags/dag_file.py
[2026-03-20T11:41:14.338+0000] {processor.py:840} INFO - DAG(s) 'my_dag' retrieved from /opt/airflow/dags/dag_file.py
[2026-03-20T11:41:14.353+0000] {logging_mixin.py:188} INFO - [2026-03-20T11:41:14.353+0000] {dag.py:3089} INFO - Sync 1 DAGs
[2026-03-20T11:41:14.387+0000] {processor.py:183} INFO - Processing /opt/airflow/dags/dag_file.py took 0.649 seconds
[2026-03-20T11:41:44.994+0000] {processor.py:161} INFO - Started process (PID=818) to work on /opt/airflow/dags/dag_file.py
[2026-03-20T11:41:44.994+0000] {processor.py:830} INFO - Processing file /opt/airflow/dags/dag_file.py for tasks to queue
[2026-03-20T11:41:44.996+0000] {logging_mixin.py:188} INFO - [2026-03-20T11:41:44.996+0000] {dagbag.py:545} INFO - Filling up the DagBag from /opt/airflow/dags/dag_file.py
[2026-03-20T11:41:45.614+0000] {processor.py:840} INFO - DAG(s) 'my_dag' retrieved from /opt/airflow/dags/dag_file.py
[2026-03-20T11:41:45.630+0000] {logging_mixin.py:188} INFO - [2026-03-20T11:41:45.630+0000] {dag.py:3089} INFO - Sync 1 DAGs
[2026-03-20T11:41:45.664+0000] {processor.py:183} INFO - Processing /opt/airflow/dags/dag_file.py took 0.676 seconds
[2026-03-20T11:42:15.977+0000] {processor.py:161} INFO - Started process (PID=830) to work on /opt/airflow/dags/dag_file.py
[2026-03-20T11:42:15.977+0000] {processor.py:830} INFO - Processing file /opt/airflow/dags/dag_file.py for tasks to queue
[2026-03-20T11:42:15.979+0000] {logging_mixin.py:188} INFO - [2026-03-20T11:42:15.978+0000] {dagbag.py:545} INFO - Filling up the DagBag from /opt/airflow/dags/dag_file.py
[2026-03-20T11:42:16.562+0000] {processor.py:840} INFO - DAG(s) 'my_dag' retrieved from /opt/airflow/dags/dag_file.py
[2026-03-20T11:42:16.577+0000] {logging_mixin.py:188} INFO - [2026-03-20T11:42:16.577+0000] {dag.py:3089} INFO - Sync 1 DAGs
[2026-03-20T11:42:16.600+0000] {processor.py:183} INFO - Processing /opt/airflow/dags/dag_file.py took 0.628 seconds
[2026-03-20T11:42:47.277+0000] {processor.py:161} INFO - Started process (PID=843) to work on /opt/airflow/dags/dag_file.py
[2026-03-20T11:42:47.278+0000] {processor.py:830} INFO - Processing file /opt/airflow/dags/dag_file.py for tasks to queue
[2026-03-20T11:42:47.279+0000] {logging_mixin.py:188} INFO - [2026-03-20T11:42:47.279+0000] {dagbag.py:545} INFO - Filling up the DagBag from /opt/airflow/dags/dag_file.py
[2026-03-20T11:42:47.895+0000] {processor.py:840} INFO - DAG(s) 'my_dag' retrieved from /opt/airflow/dags/dag_file.py
[2026-03-20T11:42:47.911+0000] {logging_mixin.py:188} INFO - [2026-03-20T11:42:47.911+0000] {dag.py:3089} INFO - Sync 1 DAGs
[2026-03-20T11:42:47.936+0000] {processor.py:183} INFO - Processing /opt/airflow/dags/dag_file.py took 0.663 seconds
[2026-03-20T11:43:18.578+0000] {processor.py:161} INFO - Started process (PID=855) to work on /opt/airflow/dags/dag_file.py
[2026-03-20T11:43:18.579+0000] {processor.py:830} INFO - Processing file /opt/airflow/dags/dag_file.py for tasks to queue
[2026-03-20T11:43:18.580+0000] {logging_mixin.py:188} INFO - [2026-03-20T11:43:18.580+0000] {dagbag.py:545} INFO - Filling up the DagBag from /opt/airflow/dags/dag_file.py
[2026-03-20T11:43:19.194+0000] {processor.py:840} INFO - DAG(s) 'my_dag' retrieved from /opt/airflow/dags/dag_file.py
[2026-03-20T11:43:19.209+0000] {logging_mixin.py:188} INFO - [2026-03-20T11:43:19.209+0000] {dag.py:3089} INFO - Sync 1 DAGs
[2026-03-20T11:43:19.233+0000] {processor.py:183} INFO - Processing /opt/airflow/dags/dag_file.py took 0.659 seconds
[2026-03-20T11:43:50.164+0000] {processor.py:161} INFO - Started process (PID=867) to work on /opt/airflow/dags/dag_file.py
[2026-03-20T11:43:50.165+0000] {processor.py:830} INFO - Processing file /opt/airflow/dags/dag_file.py for tasks to queue
[2026-03-20T11:43:50.166+0000] {logging_mixin.py:188} INFO - [2026-03-20T11:43:50.166+0000] {dagbag.py:545} INFO - Filling up the DagBag from /opt/airflow/dags/dag_file.py
[2026-03-20T11:43:50.750+0000] {processor.py:840} INFO - DAG(s) 'my_dag' retrieved from /opt/airflow/dags/dag_file.py
[2026-03-20T11:43:50.765+0000] {logging_mixin.py:188} INFO - [2026-03-20T11:43:50.765+0000] {dag.py:3089} INFO - Sync 1 DAGs
[2026-03-20T11:43:50.789+0000] {processor.py:183} INFO - Processing /opt/airflow/dags/dag_file.py took 0.629 seconds
[2026-03-20T11:44:21.814+0000] {processor.py:161} INFO - Started process (PID=879) to work on /opt/airflow/dags/dag_file.py
[2026-03-20T11:44:21.815+0000] {processor.py:830} INFO - Processing file /opt/airflow/dags/dag_file.py for tasks to queue
[2026-03-20T11:44:21.816+0000] {logging_mixin.py:188} INFO - [2026-03-20T11:44:21.816+0000] {dagbag.py:545} INFO - Filling up the DagBag from /opt/airflow/dags/dag_file.py
[2026-03-20T11:44:22.398+0000] {processor.py:840} INFO - DAG(s) 'my_dag' retrieved from /opt/airflow/dags/dag_file.py
[2026-03-20T11:44:22.415+0000] {logging_mixin.py:188} INFO - [2026-03-20T11:44:22.415+0000] {dag.py:3089} INFO - Sync 1 DAGs
[2026-03-20T11:44:22.447+0000] {processor.py:183} INFO - Processing /opt/airflow/dags/dag_file.py took 0.637 seconds
[2026-03-20T11:44:53.115+0000] {processor.py:161} INFO - Started process (PID=891) to work on /opt/airflow/dags/dag_file.py
[2026-03-20T11:44:53.116+0000] {processor.py:830} INFO - Processing file /opt/airflow/dags/dag_file.py for tasks to queue
[2026-03-20T11:44:53.117+0000] {logging_mixin.py:188} INFO - [2026-03-20T11:44:53.117+0000] {dagbag.py:545} INFO - Filling up the DagBag from /opt/airflow/dags/dag_file.py
[2026-03-20T11:44:53.718+0000] {processor.py:840} INFO - DAG(s) 'my_dag' retrieved from /opt/airflow/dags/dag_file.py
[2026-03-20T11:44:53.733+0000] {logging_mixin.py:188} INFO - [2026-03-20T11:44:53.733+0000] {dag.py:3089} INFO - Sync 1 DAGs
[2026-03-20T11:44:53.765+0000] {processor.py:183} INFO - Processing /opt/airflow/dags/dag_file.py took 0.653 seconds
[2026-03-20T11:45:24.746+0000] {processor.py:161} INFO - Started process (PID=903) to work on /opt/airflow/dags/dag_file.py
[2026-03-20T11:45:24.747+0000] {processor.py:830} INFO - Processing file /opt/airflow/dags/dag_file.py for tasks to queue
[2026-03-20T11:45:24.749+0000] {logging_mixin.py:188} INFO - [2026-03-20T11:45:24.748+0000] {dagbag.py:545} INFO - Filling up the DagBag from /opt/airflow/dags/dag_file.py
[2026-03-20T11:45:25.400+0000] {processor.py:840} INFO - DAG(s) 'my_dag' retrieved from /opt/airflow/dags/dag_file.py
[2026-03-20T11:45:25.416+0000] {logging_mixin.py:188} INFO - [2026-03-20T11:45:25.416+0000] {dag.py:3089} INFO - Sync 1 DAGs
[2026-03-20T11:45:25.441+0000] {processor.py:183} INFO - Processing /opt/airflow/dags/dag_file.py took 0.699 seconds
[2026-03-20T11:45:57.044+0000] {processor.py:161} INFO - Started process (PID=915) to work on /opt/airflow/dags/dag_file.py
[2026-03-20T11:45:57.045+0000] {processor.py:830} INFO - Processing file /opt/airflow/dags/dag_file.py for tasks to queue
[2026-03-20T11:45:57.047+0000] {logging_mixin.py:188} INFO - [2026-03-20T11:45:57.046+0000] {dagbag.py:545} INFO - Filling up the DagBag from /opt/airflow/dags/dag_file.py
[2026-03-20T11:45:57.654+0000] {processor.py:840} INFO - DAG(s) 'my_dag' retrieved from /opt/airflow/dags/dag_file.py
[2026-03-20T11:45:57.670+0000] {logging_mixin.py:188} INFO - [2026-03-20T11:45:57.670+0000] {dag.py:3089} INFO - Sync 1 DAGs
[2026-03-20T11:45:57.695+0000] {processor.py:183} INFO - Processing /opt/airflow/dags/dag_file.py took 0.656 seconds
[2026-03-20T11:46:28.408+0000] {processor.py:161} INFO - Started process (PID=927) to work on /opt/airflow/dags/dag_file.py
[2026-03-20T11:46:28.409+0000] {processor.py:830} INFO - Processing file /opt/airflow/dags/dag_file.py for tasks to queue
[2026-03-20T11:46:28.411+0000] {logging_mixin.py:188} INFO - [2026-03-20T11:46:28.410+0000] {dagbag.py:545} INFO - Filling up the DagBag from /opt/airflow/dags/dag_file.py
[2026-03-20T11:46:29.060+0000] {processor.py:840} INFO - DAG(s) 'my_dag' retrieved from /opt/airflow/dags/dag_file.py
[2026-03-20T11:46:29.075+0000] {logging_mixin.py:188} INFO - [2026-03-20T11:46:29.075+0000] {dag.py:3089} INFO - Sync 1 DAGs
[2026-03-20T11:46:29.099+0000] {processor.py:183} INFO - Processing /opt/airflow/dags/dag_file.py took 0.695 seconds
[2026-03-20T11:46:59.348+0000] {processor.py:161} INFO - Started process (PID=939) to work on /opt/airflow/dags/dag_file.py
[2026-03-20T11:46:59.349+0000] {processor.py:830} INFO - Processing file /opt/airflow/dags/dag_file.py for tasks to queue
[2026-03-20T11:46:59.350+0000] {logging_mixin.py:188} INFO - [2026-03-20T11:46:59.350+0000] {dagbag.py:545} INFO - Filling up the DagBag from /opt/airflow/dags/dag_file.py
[2026-03-20T11:46:59.992+0000] {processor.py:840} INFO - DAG(s) 'my_dag' retrieved from /opt/airflow/dags/dag_file.py
[2026-03-20T11:47:00.007+0000] {logging_mixin.py:188} INFO - [2026-03-20T11:47:00.007+0000] {dag.py:3089} INFO - Sync 1 DAGs
[2026-03-20T11:47:00.033+0000] {processor.py:183} INFO - Processing /opt/airflow/dags/dag_file.py took 0.690 seconds
[2026-03-20T11:47:31.426+0000] {processor.py:161} INFO - Started process (PID=951) to work on /opt/airflow/dags/dag_file.py
[2026-03-20T11:47:31.427+0000] {processor.py:830} INFO - Processing file /opt/airflow/dags/dag_file.py for tasks to queue
[2026-03-20T11:47:31.429+0000] {logging_mixin.py:188} INFO - [2026-03-20T11:47:31.428+0000] {dagbag.py:545} INFO - Filling up the DagBag from /opt/airflow/dags/dag_file.py
[2026-03-20T11:47:32.035+0000] {processor.py:840} INFO - DAG(s) 'my_dag' retrieved from /opt/airflow/dags/dag_file.py
[2026-03-20T11:47:32.051+0000] {logging_mixin.py:188} INFO - [2026-03-20T11:47:32.050+0000] {dag.py:3089} INFO - Sync 1 DAGs
[2026-03-20T11:47:32.084+0000] {processor.py:183} INFO - Processing /opt/airflow/dags/dag_file.py took 0.663 seconds
[2026-03-20T11:48:02.308+0000] {processor.py:161} INFO - Started process (PID=963) to work on /opt/airflow/dags/dag_file.py
[2026-03-20T11:48:02.309+0000] {processor.py:830} INFO - Processing file /opt/airflow/dags/dag_file.py for tasks to queue
[2026-03-20T11:48:02.310+0000] {logging_mixin.py:188} INFO - [2026-03-20T11:48:02.310+0000] {dagbag.py:545} INFO - Filling up the DagBag from /opt/airflow/dags/dag_file.py
[2026-03-20T11:48:02.899+0000] {processor.py:840} INFO - DAG(s) 'my_dag' retrieved from /opt/airflow/dags/dag_file.py
[2026-03-20T11:48:02.915+0000] {logging_mixin.py:188} INFO - [2026-03-20T11:48:02.914+0000] {dag.py:3089} INFO - Sync 1 DAGs
[2026-03-20T11:48:02.947+0000] {processor.py:183} INFO - Processing /opt/airflow/dags/dag_file.py took 0.644 seconds
[2026-03-20T11:48:34.485+0000] {processor.py:161} INFO - Started process (PID=975) to work on /opt/airflow/dags/dag_file.py
[2026-03-20T11:48:34.485+0000] {processor.py:830} INFO - Processing file /opt/airflow/dags/dag_file.py for tasks to queue
[2026-03-20T11:48:34.487+0000] {logging_mixin.py:188} INFO - [2026-03-20T11:48:34.487+0000] {dagbag.py:545} INFO - Filling up the DagBag from /opt/airflow/dags/dag_file.py
[2026-03-20T11:48:35.080+0000] {processor.py:840} INFO - DAG(s) 'my_dag' retrieved from /opt/airflow/dags/dag_file.py
[2026-03-20T11:48:35.095+0000] {logging_mixin.py:188} INFO - [2026-03-20T11:48:35.095+0000] {dag.py:3089} INFO - Sync 1 DAGs
[2026-03-20T11:48:35.127+0000] {processor.py:183} INFO - Processing /opt/airflow/dags/dag_file.py took 0.647 seconds
[2026-03-20T11:49:05.766+0000] {processor.py:161} INFO - Started process (PID=987) to work on /opt/airflow/dags/dag_file.py
[2026-03-20T11:49:05.766+0000] {processor.py:830} INFO - Processing file /opt/airflow/dags/dag_file.py for tasks to queue
[2026-03-20T11:49:05.768+0000] {logging_mixin.py:188} INFO - [2026-03-20T11:49:05.767+0000] {dagbag.py:545} INFO - Filling up the DagBag from /opt/airflow/dags/dag_file.py
[2026-03-20T11:49:06.376+0000] {processor.py:840} INFO - DAG(s) 'my_dag' retrieved from /opt/airflow/dags/dag_file.py
[2026-03-20T11:49:06.392+0000] {logging_mixin.py:188} INFO - [2026-03-20T11:49:06.392+0000] {dag.py:3089} INFO - Sync 1 DAGs
[2026-03-20T11:49:06.424+0000] {processor.py:183} INFO - Processing /opt/airflow/dags/dag_file.py took 0.663 seconds
[2026-03-20T11:49:36.980+0000] {processor.py:161} INFO - Started process (PID=999) to work on /opt/airflow/dags/dag_file.py
[2026-03-20T11:49:36.981+0000] {processor.py:830} INFO - Processing file /opt/airflow/dags/dag_file.py for tasks to queue
[2026-03-20T11:49:36.983+0000] {logging_mixin.py:188} INFO - [2026-03-20T11:49:36.982+0000] {dagbag.py:545} INFO - Filling up the DagBag from /opt/airflow/dags/dag_file.py
[2026-03-20T11:49:37.611+0000] {processor.py:840} INFO - DAG(s) 'my_dag' retrieved from /opt/airflow/dags/dag_file.py
[2026-03-20T11:49:37.625+0000] {logging_mixin.py:188} INFO - [2026-03-20T11:49:37.625+0000] {dag.py:3089} INFO - Sync 1 DAGs
[2026-03-20T11:49:37.657+0000] {processor.py:183} INFO - Processing /opt/airflow/dags/dag_file.py took 0.682 seconds
[2026-03-20T11:50:08.854+0000] {processor.py:161} INFO - Started process (PID=1011) to work on /opt/airflow/dags/dag_file.py
[2026-03-20T11:50:08.855+0000] {processor.py:830} INFO - Processing file /opt/airflow/dags/dag_file.py for tasks to queue
[2026-03-20T11:50:08.856+0000] {logging_mixin.py:188} INFO - [2026-03-20T11:50:08.856+0000] {dagbag.py:545} INFO - Filling up the DagBag from /opt/airflow/dags/dag_file.py
[2026-03-20T11:50:09.483+0000] {processor.py:840} INFO - DAG(s) 'my_dag' retrieved from /opt/airflow/dags/dag_file.py
[2026-03-20T11:50:09.498+0000] {logging_mixin.py:188} INFO - [2026-03-20T11:50:09.498+0000] {dag.py:3089} INFO - Sync 1 DAGs
[2026-03-20T11:50:09.522+0000] {processor.py:183} INFO - Processing /opt/airflow/dags/dag_file.py took 0.672 seconds
[2026-03-20T11:50:40.252+0000] {processor.py:161} INFO - Started process (PID=1023) to work on /opt/airflow/dags/dag_file.py
[2026-03-20T11:50:40.252+0000] {processor.py:830} INFO - Processing file /opt/airflow/dags/dag_file.py for tasks to queue
[2026-03-20T11:50:40.254+0000] {logging_mixin.py:188} INFO - [2026-03-20T11:50:40.253+0000] {dagbag.py:545} INFO - Filling up the DagBag from /opt/airflow/dags/dag_file.py
[2026-03-20T11:50:40.865+0000] {processor.py:840} INFO - DAG(s) 'my_dag' retrieved from /opt/airflow/dags/dag_file.py
[2026-03-20T11:50:40.881+0000] {logging_mixin.py:188} INFO - [2026-03-20T11:50:40.881+0000] {dag.py:3089} INFO - Sync 1 DAGs
[2026-03-20T11:50:40.906+0000] {processor.py:183} INFO - Processing /opt/airflow/dags/dag_file.py took 0.658 seconds
[2026-03-20T11:51:11.855+0000] {processor.py:161} INFO - Started process (PID=1035) to work on /opt/airflow/dags/dag_file.py
[2026-03-20T11:51:11.856+0000] {processor.py:830} INFO - Processing file /opt/airflow/dags/dag_file.py for tasks to queue
[2026-03-20T11:51:11.857+0000] {logging_mixin.py:188} INFO - [2026-03-20T11:51:11.857+0000] {dagbag.py:545} INFO - Filling up the DagBag from /opt/airflow/dags/dag_file.py
[2026-03-20T11:51:12.440+0000] {processor.py:840} INFO - DAG(s) 'my_dag' retrieved from /opt/airflow/dags/dag_file.py
[2026-03-20T11:51:12.456+0000] {logging_mixin.py:188} INFO - [2026-03-20T11:51:12.456+0000] {dag.py:3089} INFO - Sync 1 DAGs
[2026-03-20T11:51:12.489+0000] {processor.py:183} INFO - Processing /opt/airflow/dags/dag_file.py took 0.638 seconds
[2026-03-20T11:51:43.509+0000] {processor.py:161} INFO - Started process (PID=1047) to work on /opt/airflow/dags/dag_file.py
[2026-03-20T11:51:43.509+0000] {processor.py:830} INFO - Processing file /opt/airflow/dags/dag_file.py for tasks to queue
[2026-03-20T11:51:43.511+0000] {logging_mixin.py:188} INFO - [2026-03-20T11:51:43.510+0000] {dagbag.py:545} INFO - Filling up the DagBag from /opt/airflow/dags/dag_file.py
[2026-03-20T11:51:44.115+0000] {processor.py:840} INFO - DAG(s) 'my_dag' retrieved from /opt/airflow/dags/dag_file.py
[2026-03-20T11:51:44.131+0000] {logging_mixin.py:188} INFO - [2026-03-20T11:51:44.131+0000] {dag.py:3089} INFO - Sync 1 DAGs
[2026-03-20T11:51:44.156+0000] {processor.py:183} INFO - Processing /opt/airflow/dags/dag_file.py took 0.652 seconds
[2026-03-20T11:52:14.959+0000] {processor.py:161} INFO - Started process (PID=1059) to work on /opt/airflow/dags/dag_file.py
[2026-03-20T11:52:14.960+0000] {processor.py:830} INFO - Processing file /opt/airflow/dags/dag_file.py for tasks to queue
[2026-03-20T11:52:14.962+0000] {logging_mixin.py:188} INFO - [2026-03-20T11:52:14.962+0000] {dagbag.py:545} INFO - Filling up the DagBag from /opt/airflow/dags/dag_file.py
[2026-03-20T11:52:15.562+0000] {processor.py:840} INFO - DAG(s) 'my_dag' retrieved from /opt/airflow/dags/dag_file.py
[2026-03-20T11:52:15.576+0000] {logging_mixin.py:188} INFO - [2026-03-20T11:52:15.576+0000] {dag.py:3089} INFO - Sync 1 DAGs
[2026-03-20T11:52:15.598+0000] {processor.py:183} INFO - Processing /opt/airflow/dags/dag_file.py took 0.644 seconds
[2026-03-20T11:52:46.746+0000] {processor.py:161} INFO - Started process (PID=1071) to work on /opt/airflow/dags/dag_file.py
[2026-03-20T11:52:46.746+0000] {processor.py:830} INFO - Processing file /opt/airflow/dags/dag_file.py for tasks to queue
[2026-03-20T11:52:46.748+0000] {logging_mixin.py:188} INFO - [2026-03-20T11:52:46.748+0000] {dagbag.py:545} INFO - Filling up the DagBag from /opt/airflow/dags/dag_file.py
[2026-03-20T11:52:47.361+0000] {processor.py:840} INFO - DAG(s) 'my_dag' retrieved from /opt/airflow/dags/dag_file.py
[2026-03-20T11:52:47.377+0000] {logging_mixin.py:188} INFO - [2026-03-20T11:52:47.377+0000] {dag.py:3089} INFO - Sync 1 DAGs
[2026-03-20T11:52:47.406+0000] {processor.py:183} INFO - Processing /opt/airflow/dags/dag_file.py took 0.664 seconds
[2026-03-20T11:53:19.059+0000] {processor.py:161} INFO - Started process (PID=1083) to work on /opt/airflow/dags/dag_file.py
[2026-03-20T11:53:19.060+0000] {processor.py:830} INFO - Processing file /opt/airflow/dags/dag_file.py for tasks to queue
[2026-03-20T11:53:19.062+0000] {logging_mixin.py:188} INFO - [2026-03-20T11:53:19.061+0000] {dagbag.py:545} INFO - Filling up the DagBag from /opt/airflow/dags/dag_file.py
[2026-03-20T11:53:19.685+0000] {processor.py:840} INFO - DAG(s) 'my_dag' retrieved from /opt/airflow/dags/dag_file.py
[2026-03-20T11:53:19.700+0000] {logging_mixin.py:188} INFO - [2026-03-20T11:53:19.700+0000] {dag.py:3089} INFO - Sync 1 DAGs
[2026-03-20T11:53:19.724+0000] {processor.py:183} INFO - Processing /opt/airflow/dags/dag_file.py took 0.669 seconds
[2026-03-20T11:53:50.449+0000] {processor.py:161} INFO - Started process (PID=1095) to work on /opt/airflow/dags/dag_file.py
[2026-03-20T11:53:50.450+0000] {processor.py:830} INFO - Processing file /opt/airflow/dags/dag_file.py for tasks to queue
[2026-03-20T11:53:50.451+0000] {logging_mixin.py:188} INFO - [2026-03-20T11:53:50.451+0000] {dagbag.py:545} INFO - Filling up the DagBag from /opt/airflow/dags/dag_file.py
[2026-03-20T11:53:51.037+0000] {processor.py:840} INFO - DAG(s) 'my_dag' retrieved from /opt/airflow/dags/dag_file.py
[2026-03-20T11:53:51.053+0000] {logging_mixin.py:188} INFO - [2026-03-20T11:53:51.052+0000] {dag.py:3089} INFO - Sync 1 DAGs
[2026-03-20T11:53:51.078+0000] {processor.py:183} INFO - Processing /opt/airflow/dags/dag_file.py took 0.633 seconds
[2026-03-20T11:54:21.490+0000] {processor.py:161} INFO - Started process (PID=1107) to work on /opt/airflow/dags/dag_file.py
[2026-03-20T11:54:21.491+0000] {processor.py:830} INFO - Processing file /opt/airflow/dags/dag_file.py for tasks to queue
[2026-03-20T11:54:21.492+0000] {logging_mixin.py:188} INFO - [2026-03-20T11:54:21.492+0000] {dagbag.py:545} INFO - Filling up the DagBag from /opt/airflow/dags/dag_file.py
[2026-03-20T11:54:22.083+0000] {processor.py:840} INFO - DAG(s) 'my_dag' retrieved from /opt/airflow/dags/dag_file.py
[2026-03-20T11:54:22.099+0000] {logging_mixin.py:188} INFO - [2026-03-20T11:54:22.098+0000] {dag.py:3089} INFO - Sync 1 DAGs
[2026-03-20T11:54:22.122+0000] {processor.py:183} INFO - Processing /opt/airflow/dags/dag_file.py took 0.637 seconds
[2026-03-20T11:54:53.641+0000] {processor.py:161} INFO - Started process (PID=1119) to work on /opt/airflow/dags/dag_file.py
[2026-03-20T11:54:53.642+0000] {processor.py:830} INFO - Processing file /opt/airflow/dags/dag_file.py for tasks to queue
[2026-03-20T11:54:53.643+0000] {logging_mixin.py:188} INFO - [2026-03-20T11:54:53.643+0000] {dagbag.py:545} INFO - Filling up the DagBag from /opt/airflow/dags/dag_file.py
[2026-03-20T11:54:54.240+0000] {processor.py:840} INFO - DAG(s) 'my_dag' retrieved from /opt/airflow/dags/dag_file.py
[2026-03-20T11:54:54.255+0000] {logging_mixin.py:188} INFO - [2026-03-20T11:54:54.255+0000] {dag.py:3089} INFO - Sync 1 DAGs
[2026-03-20T11:54:54.287+0000] {processor.py:183} INFO - Processing /opt/airflow/dags/dag_file.py took 0.650 seconds
[2026-03-20T11:55:24.962+0000] {processor.py:161} INFO - Started process (PID=1131) to work on /opt/airflow/dags/dag_file.py
[2026-03-20T11:55:24.962+0000] {processor.py:830} INFO - Processing file /opt/airflow/dags/dag_file.py for tasks to queue
[2026-03-20T11:55:24.964+0000] {logging_mixin.py:188} INFO - [2026-03-20T11:55:24.963+0000] {dagbag.py:545} INFO - Filling up the DagBag from /opt/airflow/dags/dag_file.py
[2026-03-20T11:55:25.546+0000] {processor.py:840} INFO - DAG(s) 'my_dag' retrieved from /opt/airflow/dags/dag_file.py
[2026-03-20T11:55:25.561+0000] {logging_mixin.py:188} INFO - [2026-03-20T11:55:25.561+0000] {dag.py:3089} INFO - Sync 1 DAGs
[2026-03-20T11:55:25.593+0000] {processor.py:183} INFO - Processing /opt/airflow/dags/dag_file.py took 0.635 seconds
[2026-03-20T11:55:56.272+0000] {processor.py:161} INFO - Started process (PID=1143) to work on /opt/airflow/dags/dag_file.py
[2026-03-20T11:55:56.273+0000] {processor.py:830} INFO - Processing file /opt/airflow/dags/dag_file.py for tasks to queue
[2026-03-20T11:55:56.274+0000] {logging_mixin.py:188} INFO - [2026-03-20T11:55:56.274+0000] {dagbag.py:545} INFO - Filling up the DagBag from /opt/airflow/dags/dag_file.py
[2026-03-20T11:55:56.861+0000] {processor.py:840} INFO - DAG(s) 'my_dag' retrieved from /opt/airflow/dags/dag_file.py
[2026-03-20T11:55:56.876+0000] {logging_mixin.py:188} INFO - [2026-03-20T11:55:56.876+0000] {dag.py:3089} INFO - Sync 1 DAGs
[2026-03-20T11:55:56.900+0000] {processor.py:183} INFO - Processing /opt/airflow/dags/dag_file.py took 0.632 seconds
[2026-03-20T11:56:28.052+0000] {processor.py:161} INFO - Started process (PID=1155) to work on /opt/airflow/dags/dag_file.py
[2026-03-20T11:56:28.053+0000] {processor.py:830} INFO - Processing file /opt/airflow/dags/dag_file.py for tasks to queue
[2026-03-20T11:56:28.054+0000] {logging_mixin.py:188} INFO - [2026-03-20T11:56:28.054+0000] {dagbag.py:545} INFO - Filling up the DagBag from /opt/airflow/dags/dag_file.py
[2026-03-20T11:56:28.636+0000] {processor.py:840} INFO - DAG(s) 'my_dag' retrieved from /opt/airflow/dags/dag_file.py
[2026-03-20T11:56:28.653+0000] {logging_mixin.py:188} INFO - [2026-03-20T11:56:28.652+0000] {dag.py:3089} INFO - Sync 1 DAGs
[2026-03-20T11:56:28.677+0000] {processor.py:183} INFO - Processing /opt/airflow/dags/dag_file.py took 0.630 seconds
[2026-03-20T11:57:00.447+0000] {processor.py:161} INFO - Started process (PID=1167) to work on /opt/airflow/dags/dag_file.py
[2026-03-20T11:57:00.448+0000] {processor.py:830} INFO - Processing file /opt/airflow/dags/dag_file.py for tasks to queue
[2026-03-20T11:57:00.450+0000] {logging_mixin.py:188} INFO - [2026-03-20T11:57:00.449+0000] {dagbag.py:545} INFO - Filling up the DagBag from /opt/airflow/dags/dag_file.py
[2026-03-20T11:57:01.036+0000] {processor.py:840} INFO - DAG(s) 'my_dag' retrieved from /opt/airflow/dags/dag_file.py
[2026-03-20T11:57:01.051+0000] {logging_mixin.py:188} INFO - [2026-03-20T11:57:01.051+0000] {dag.py:3089} INFO - Sync 1 DAGs
[2026-03-20T11:57:01.074+0000] {processor.py:183} INFO - Processing /opt/airflow/dags/dag_file.py took 0.631 seconds
[2026-03-20T11:57:31.778+0000] {processor.py:161} INFO - Started process (PID=1180) to work on /opt/airflow/dags/dag_file.py
[2026-03-20T11:57:31.779+0000] {processor.py:830} INFO - Processing file /opt/airflow/dags/dag_file.py for tasks to queue
[2026-03-20T11:57:31.780+0000] {logging_mixin.py:188} INFO - [2026-03-20T11:57:31.780+0000] {dagbag.py:545} INFO - Filling up the DagBag from /opt/airflow/dags/dag_file.py
[2026-03-20T11:57:32.399+0000] {processor.py:840} INFO - DAG(s) 'my_dag' retrieved from /opt/airflow/dags/dag_file.py
[2026-03-20T11:57:32.415+0000] {logging_mixin.py:188} INFO - [2026-03-20T11:57:32.415+0000] {dag.py:3089} INFO - Sync 1 DAGs
[2026-03-20T11:57:32.438+0000] {processor.py:183} INFO - Processing /opt/airflow/dags/dag_file.py took 0.664 seconds
[2026-03-20T11:58:02.819+0000] {processor.py:161} INFO - Started process (PID=1192) to work on /opt/airflow/dags/dag_file.py
[2026-03-20T11:58:02.820+0000] {processor.py:830} INFO - Processing file /opt/airflow/dags/dag_file.py for tasks to queue
[2026-03-20T11:58:02.821+0000] {logging_mixin.py:188} INFO - [2026-03-20T11:58:02.821+0000] {dagbag.py:545} INFO - Filling up the DagBag from /opt/airflow/dags/dag_file.py
[2026-03-20T11:58:03.444+0000] {processor.py:840} INFO - DAG(s) 'my_dag' retrieved from /opt/airflow/dags/dag_file.py
[2026-03-20T11:58:03.460+0000] {logging_mixin.py:188} INFO - [2026-03-20T11:58:03.460+0000] {dag.py:3089} INFO - Sync 1 DAGs
[2026-03-20T11:58:03.485+0000] {processor.py:183} INFO - Processing /opt/airflow/dags/dag_file.py took 0.671 seconds
