[2026-03-21T10:58:31.538+0000] {local_task_job_runner.py:120} INFO - ::group::Pre task execution logs
[2026-03-21T10:58:31.558+0000] {taskinstance.py:2076} INFO - Dependencies all met for dep_context=non-requeueable deps ti=<TaskInstance: my_dag.task_1 manual__2026-03-21T10:58:30.350317+00:00 [queued]>
[2026-03-21T10:58:31.563+0000] {taskinstance.py:2076} INFO - Dependencies all met for dep_context=requeueable deps ti=<TaskInstance: my_dag.task_1 manual__2026-03-21T10:58:30.350317+00:00 [queued]>
[2026-03-21T10:58:31.563+0000] {taskinstance.py:2306} INFO - Starting attempt 1 of 1
[2026-03-21T10:58:31.573+0000] {taskinstance.py:2330} INFO - Executing <Task(PythonOperator): task_1> on 2026-03-21 10:58:30.350317+00:00
[2026-03-21T10:58:31.581+0000] {logging_mixin.py:188} WARNING - /home/***/.local/lib/python3.12/site-packages/***/task/task_runner/standard_task_runner.py:62 DeprecationWarning: This process (pid=658) is multi-threaded, use of fork() may lead to deadlocks in the child.
[2026-03-21T10:58:31.582+0000] {standard_task_runner.py:64} INFO - Started process 660 to run task
[2026-03-21T10:58:31.581+0000] {standard_task_runner.py:90} INFO - Running: ['***', 'tasks', 'run', 'my_dag', 'task_1', 'manual__2026-03-21T10:58:30.350317+00:00', '--job-id', '25', '--raw', '--subdir', 'DAGS_FOLDER/dag_file.py', '--cfg-path', '/tmp/tmpcza1adx5']
[2026-03-21T10:58:31.583+0000] {standard_task_runner.py:91} INFO - Job 25: Subtask task_1
[2026-03-21T10:58:31.619+0000] {task_command.py:426} INFO - Running <TaskInstance: my_dag.task_1 manual__2026-03-21T10:58:30.350317+00:00 [running]> on host 50ac7e7f1b88
[2026-03-21T10:58:31.681+0000] {taskinstance.py:2648} INFO - Exporting env vars: AIRFLOW_CTX_DAG_OWNER='***' AIRFLOW_CTX_DAG_ID='my_dag' AIRFLOW_CTX_TASK_ID='task_1' AIRFLOW_CTX_EXECUTION_DATE='2026-03-21T10:58:30.350317+00:00' AIRFLOW_CTX_TRY_NUMBER='1' AIRFLOW_CTX_DAG_RUN_ID='manual__2026-03-21T10:58:30.350317+00:00'
[2026-03-21T10:58:31.682+0000] {taskinstance.py:430} INFO - ::endgroup::
[2026-03-21T10:58:31.692+0000] {logging_mixin.py:188} WARNING - /opt/***/dags/dag_file.py:14 FutureWarning: YF.download() has changed argument auto_adjust default to True
[2026-03-21T10:58:31.698+0000] {logging_mixin.py:188} WARNING - /home/***/.local/lib/python3.12/site-packages/yfinance/scrapers/history.py:204 Pandas4Warning: Timestamp.utcnow is deprecated and will be removed in a future version. Use Timestamp.now('UTC') instead.
[2026-03-21T10:58:32.351+0000] {logging_mixin.py:188} WARNING - [*********************100%***********************]  1 of 1 completed
[2026-03-21T10:58:32.361+0000] {taskinstance.py:441} INFO - ::group::Post task execution logs
[2026-03-21T10:58:32.361+0000] {taskinstance.py:2905} ERROR - Task failed with exception
Traceback (most recent call last):
  File "/home/airflow/.local/lib/python3.12/site-packages/airflow/models/taskinstance.py", line 465, in _execute_task
    result = _execute_callable(context=context, **execute_callable_kwargs)
             ^^^^^^^^^^^^^^^^^^^^^^^^^^^^^^^^^^^^^^^^^^^^^^^^^^^^^^^^^^^^^
  File "/home/airflow/.local/lib/python3.12/site-packages/airflow/models/taskinstance.py", line 432, in _execute_callable
    return execute_callable(context=context, **execute_callable_kwargs)
           ^^^^^^^^^^^^^^^^^^^^^^^^^^^^^^^^^^^^^^^^^^^^^^^^^^^^^^^^^^^^
  File "/home/airflow/.local/lib/python3.12/site-packages/airflow/models/baseoperator.py", line 401, in wrapper
    return func(self, *args, **kwargs)
           ^^^^^^^^^^^^^^^^^^^^^^^^^^^
  File "/home/airflow/.local/lib/python3.12/site-packages/airflow/operators/python.py", line 235, in execute
    return_value = self.execute_callable()
                   ^^^^^^^^^^^^^^^^^^^^^^^
  File "/home/airflow/.local/lib/python3.12/site-packages/airflow/operators/python.py", line 252, in execute_callable
    return self.python_callable(*self.op_args, **self.op_kwargs)
           ^^^^^^^^^^^^^^^^^^^^^^^^^^^^^^^^^^^^^^^^^^^^^^^^^^^^^
  File "/opt/airflow/dags/dag_file.py", line 17, in download_data
    data.to_json(full_path, orient='records', date_format='iso')
  File "/home/airflow/.local/lib/python3.12/site-packages/pandas/core/generic.py", line 2635, in to_json
    return json.to_json(
           ^^^^^^^^^^^^^
  File "/home/airflow/.local/lib/python3.12/site-packages/pandas/io/json/_json.py", line 248, in to_json
    with get_handle(
         ^^^^^^^^^^^
  File "/home/airflow/.local/lib/python3.12/site-packages/pandas/io/common.py", line 793, in get_handle
    check_parent_directory(str(handle))
  File "/home/airflow/.local/lib/python3.12/site-packages/pandas/io/common.py", line 652, in check_parent_directory
    raise OSError(rf"Cannot save file into a non-existent directory: '{parent}'")
OSError: Cannot save file into a non-existent directory: '/opt/***/folder_json_files'
[2026-03-21T10:58:32.374+0000] {taskinstance.py:1206} INFO - Marking task as FAILED. dag_id=my_dag, task_id=task_1, run_id=manual__2026-03-21T10:58:30.350317+00:00, execution_date=20260321T105830, start_date=20260321T105831, end_date=20260321T105832
[2026-03-21T10:58:32.393+0000] {standard_task_runner.py:110} ERROR - Failed to execute job 25 for task task_1 (Cannot save file into a non-existent directory: '/opt/***/folder_json_files'; 660)
[2026-03-21T10:58:32.436+0000] {local_task_job_runner.py:243} INFO - Task exited with return code 1
[2026-03-21T10:58:32.448+0000] {taskinstance.py:3503} INFO - 0 downstream tasks scheduled from follow-on schedule check
[2026-03-21T10:58:32.451+0000] {local_task_job_runner.py:222} INFO - ::endgroup::
