[2026-03-21T10:41:29.177+0000] {processor.py:161} INFO - Started process (PID=182) to work on /opt/airflow/dags/dag_file.py
[2026-03-21T10:41:29.180+0000] {processor.py:830} INFO - Processing file /opt/airflow/dags/dag_file.py for tasks to queue
[2026-03-21T10:41:29.181+0000] {logging_mixin.py:188} INFO - [2026-03-21T10:41:29.181+0000] {dagbag.py:545} INFO - Filling up the DagBag from /opt/airflow/dags/dag_file.py
[2026-03-21T10:41:30.183+0000] {processor.py:840} INFO - DAG(s) 'my_dag' retrieved from /opt/airflow/dags/dag_file.py
[2026-03-21T10:41:30.212+0000] {logging_mixin.py:188} INFO - [2026-03-21T10:41:30.212+0000] {dag.py:3089} INFO - Sync 1 DAGs
[2026-03-21T10:41:30.244+0000] {processor.py:183} INFO - Processing /opt/airflow/dags/dag_file.py took 1.075 seconds
[2026-03-21T10:42:01.185+0000] {processor.py:161} INFO - Started process (PID=194) to work on /opt/airflow/dags/dag_file.py
[2026-03-21T10:42:01.186+0000] {processor.py:830} INFO - Processing file /opt/airflow/dags/dag_file.py for tasks to queue
[2026-03-21T10:42:01.187+0000] {logging_mixin.py:188} INFO - [2026-03-21T10:42:01.187+0000] {dagbag.py:545} INFO - Filling up the DagBag from /opt/airflow/dags/dag_file.py
[2026-03-21T10:42:01.822+0000] {processor.py:840} INFO - DAG(s) 'my_dag' retrieved from /opt/airflow/dags/dag_file.py
[2026-03-21T10:42:01.839+0000] {logging_mixin.py:188} INFO - [2026-03-21T10:42:01.838+0000] {dag.py:3089} INFO - Sync 1 DAGs
[2026-03-21T10:42:01.874+0000] {processor.py:183} INFO - Processing /opt/airflow/dags/dag_file.py took 0.693 seconds
[2026-03-21T10:42:32.041+0000] {processor.py:161} INFO - Started process (PID=212) to work on /opt/airflow/dags/dag_file.py
[2026-03-21T10:42:32.042+0000] {processor.py:830} INFO - Processing file /opt/airflow/dags/dag_file.py for tasks to queue
[2026-03-21T10:42:32.044+0000] {logging_mixin.py:188} INFO - [2026-03-21T10:42:32.044+0000] {dagbag.py:545} INFO - Filling up the DagBag from /opt/airflow/dags/dag_file.py
[2026-03-21T10:42:32.710+0000] {processor.py:840} INFO - DAG(s) 'my_dag' retrieved from /opt/airflow/dags/dag_file.py
[2026-03-21T10:42:32.727+0000] {logging_mixin.py:188} INFO - [2026-03-21T10:42:32.727+0000] {dag.py:3089} INFO - Sync 1 DAGs
[2026-03-21T10:42:32.755+0000] {processor.py:183} INFO - Processing /opt/airflow/dags/dag_file.py took 0.718 seconds
[2026-03-21T10:43:02.896+0000] {processor.py:161} INFO - Started process (PID=224) to work on /opt/airflow/dags/dag_file.py
[2026-03-21T10:43:02.897+0000] {processor.py:830} INFO - Processing file /opt/airflow/dags/dag_file.py for tasks to queue
[2026-03-21T10:43:02.898+0000] {logging_mixin.py:188} INFO - [2026-03-21T10:43:02.898+0000] {dagbag.py:545} INFO - Filling up the DagBag from /opt/airflow/dags/dag_file.py
[2026-03-21T10:43:03.555+0000] {processor.py:840} INFO - DAG(s) 'my_dag' retrieved from /opt/airflow/dags/dag_file.py
[2026-03-21T10:43:03.569+0000] {logging_mixin.py:188} INFO - [2026-03-21T10:43:03.569+0000] {dag.py:3089} INFO - Sync 1 DAGs
[2026-03-21T10:43:03.593+0000] {processor.py:183} INFO - Processing /opt/airflow/dags/dag_file.py took 0.702 seconds
[2026-03-21T10:43:29.593+0000] {processor.py:161} INFO - Started process (PID=230) to work on /opt/airflow/dags/dag_file.py
[2026-03-21T10:43:29.593+0000] {processor.py:830} INFO - Processing file /opt/airflow/dags/dag_file.py for tasks to queue
[2026-03-21T10:43:29.595+0000] {logging_mixin.py:188} INFO - [2026-03-21T10:43:29.595+0000] {dagbag.py:545} INFO - Filling up the DagBag from /opt/airflow/dags/dag_file.py
[2026-03-21T10:43:30.313+0000] {processor.py:840} INFO - DAG(s) 'my_dag' retrieved from /opt/airflow/dags/dag_file.py
[2026-03-21T10:43:30.332+0000] {logging_mixin.py:188} INFO - [2026-03-21T10:43:30.331+0000] {dag.py:3089} INFO - Sync 1 DAGs
[2026-03-21T10:43:30.371+0000] {processor.py:183} INFO - Processing /opt/airflow/dags/dag_file.py took 0.783 seconds
[2026-03-21T10:44:00.586+0000] {processor.py:161} INFO - Started process (PID=242) to work on /opt/airflow/dags/dag_file.py
[2026-03-21T10:44:00.587+0000] {processor.py:830} INFO - Processing file /opt/airflow/dags/dag_file.py for tasks to queue
[2026-03-21T10:44:00.588+0000] {logging_mixin.py:188} INFO - [2026-03-21T10:44:00.588+0000] {dagbag.py:545} INFO - Filling up the DagBag from /opt/airflow/dags/dag_file.py
[2026-03-21T10:44:01.227+0000] {processor.py:840} INFO - DAG(s) 'my_dag' retrieved from /opt/airflow/dags/dag_file.py
[2026-03-21T10:44:01.242+0000] {logging_mixin.py:188} INFO - [2026-03-21T10:44:01.242+0000] {dag.py:3089} INFO - Sync 1 DAGs
[2026-03-21T10:44:01.274+0000] {processor.py:183} INFO - Processing /opt/airflow/dags/dag_file.py took 0.693 seconds
[2026-03-21T10:44:16.372+0000] {processor.py:161} INFO - Started process (PID=254) to work on /opt/airflow/dags/dag_file.py
[2026-03-21T10:44:16.372+0000] {processor.py:830} INFO - Processing file /opt/airflow/dags/dag_file.py for tasks to queue
[2026-03-21T10:44:16.374+0000] {logging_mixin.py:188} INFO - [2026-03-21T10:44:16.374+0000] {dagbag.py:545} INFO - Filling up the DagBag from /opt/airflow/dags/dag_file.py
[2026-03-21T10:44:17.075+0000] {processor.py:840} INFO - DAG(s) 'my_dag' retrieved from /opt/airflow/dags/dag_file.py
[2026-03-21T10:44:17.093+0000] {logging_mixin.py:188} INFO - [2026-03-21T10:44:17.092+0000] {dag.py:3089} INFO - Sync 1 DAGs
[2026-03-21T10:44:17.123+0000] {processor.py:183} INFO - Processing /opt/airflow/dags/dag_file.py took 0.756 seconds
[2026-03-21T10:44:47.296+0000] {processor.py:161} INFO - Started process (PID=266) to work on /opt/airflow/dags/dag_file.py
[2026-03-21T10:44:47.297+0000] {processor.py:830} INFO - Processing file /opt/airflow/dags/dag_file.py for tasks to queue
[2026-03-21T10:44:47.298+0000] {logging_mixin.py:188} INFO - [2026-03-21T10:44:47.298+0000] {dagbag.py:545} INFO - Filling up the DagBag from /opt/airflow/dags/dag_file.py
[2026-03-21T10:44:47.968+0000] {processor.py:840} INFO - DAG(s) 'my_dag' retrieved from /opt/airflow/dags/dag_file.py
[2026-03-21T10:44:47.983+0000] {logging_mixin.py:188} INFO - [2026-03-21T10:44:47.982+0000] {dag.py:3089} INFO - Sync 1 DAGs
[2026-03-21T10:44:48.008+0000] {processor.py:183} INFO - Processing /opt/airflow/dags/dag_file.py took 0.716 seconds
[2026-03-21T10:45:18.225+0000] {processor.py:161} INFO - Started process (PID=278) to work on /opt/airflow/dags/dag_file.py
[2026-03-21T10:45:18.231+0000] {processor.py:830} INFO - Processing file /opt/airflow/dags/dag_file.py for tasks to queue
[2026-03-21T10:45:18.232+0000] {logging_mixin.py:188} INFO - [2026-03-21T10:45:18.232+0000] {dagbag.py:545} INFO - Filling up the DagBag from /opt/airflow/dags/dag_file.py
[2026-03-21T10:45:18.940+0000] {processor.py:840} INFO - DAG(s) 'my_dag' retrieved from /opt/airflow/dags/dag_file.py
[2026-03-21T10:45:18.957+0000] {logging_mixin.py:188} INFO - [2026-03-21T10:45:18.957+0000] {dag.py:3089} INFO - Sync 1 DAGs
[2026-03-21T10:45:18.996+0000] {processor.py:183} INFO - Processing /opt/airflow/dags/dag_file.py took 0.718 seconds
[2026-03-21T10:45:49.202+0000] {processor.py:161} INFO - Started process (PID=290) to work on /opt/airflow/dags/dag_file.py
[2026-03-21T10:45:49.202+0000] {processor.py:830} INFO - Processing file /opt/airflow/dags/dag_file.py for tasks to queue
[2026-03-21T10:45:49.204+0000] {logging_mixin.py:188} INFO - [2026-03-21T10:45:49.203+0000] {dagbag.py:545} INFO - Filling up the DagBag from /opt/airflow/dags/dag_file.py
[2026-03-21T10:45:49.835+0000] {processor.py:840} INFO - DAG(s) 'my_dag' retrieved from /opt/airflow/dags/dag_file.py
[2026-03-21T10:45:49.850+0000] {logging_mixin.py:188} INFO - [2026-03-21T10:45:49.850+0000] {dag.py:3089} INFO - Sync 1 DAGs
[2026-03-21T10:45:49.877+0000] {processor.py:183} INFO - Processing /opt/airflow/dags/dag_file.py took 0.680 seconds
[2026-03-21T10:46:20.069+0000] {processor.py:161} INFO - Started process (PID=302) to work on /opt/airflow/dags/dag_file.py
[2026-03-21T10:46:20.069+0000] {processor.py:830} INFO - Processing file /opt/airflow/dags/dag_file.py for tasks to queue
[2026-03-21T10:46:20.071+0000] {logging_mixin.py:188} INFO - [2026-03-21T10:46:20.070+0000] {dagbag.py:545} INFO - Filling up the DagBag from /opt/airflow/dags/dag_file.py
[2026-03-21T10:46:20.693+0000] {processor.py:840} INFO - DAG(s) 'my_dag' retrieved from /opt/airflow/dags/dag_file.py
[2026-03-21T10:46:20.710+0000] {logging_mixin.py:188} INFO - [2026-03-21T10:46:20.710+0000] {dag.py:3089} INFO - Sync 1 DAGs
[2026-03-21T10:46:20.745+0000] {processor.py:183} INFO - Processing /opt/airflow/dags/dag_file.py took 0.681 seconds
[2026-03-21T10:46:50.966+0000] {processor.py:161} INFO - Started process (PID=314) to work on /opt/airflow/dags/dag_file.py
[2026-03-21T10:46:50.966+0000] {processor.py:830} INFO - Processing file /opt/airflow/dags/dag_file.py for tasks to queue
[2026-03-21T10:46:50.968+0000] {logging_mixin.py:188} INFO - [2026-03-21T10:46:50.968+0000] {dagbag.py:545} INFO - Filling up the DagBag from /opt/airflow/dags/dag_file.py
[2026-03-21T10:46:51.586+0000] {processor.py:840} INFO - DAG(s) 'my_dag' retrieved from /opt/airflow/dags/dag_file.py
[2026-03-21T10:46:51.604+0000] {logging_mixin.py:188} INFO - [2026-03-21T10:46:51.604+0000] {dag.py:3089} INFO - Sync 1 DAGs
[2026-03-21T10:46:51.642+0000] {processor.py:183} INFO - Processing /opt/airflow/dags/dag_file.py took 0.681 seconds
[2026-03-21T10:47:21.850+0000] {processor.py:161} INFO - Started process (PID=326) to work on /opt/airflow/dags/dag_file.py
[2026-03-21T10:47:21.851+0000] {processor.py:830} INFO - Processing file /opt/airflow/dags/dag_file.py for tasks to queue
[2026-03-21T10:47:21.852+0000] {logging_mixin.py:188} INFO - [2026-03-21T10:47:21.852+0000] {dagbag.py:545} INFO - Filling up the DagBag from /opt/airflow/dags/dag_file.py
[2026-03-21T10:47:22.580+0000] {processor.py:840} INFO - DAG(s) 'my_dag' retrieved from /opt/airflow/dags/dag_file.py
[2026-03-21T10:47:22.598+0000] {logging_mixin.py:188} INFO - [2026-03-21T10:47:22.598+0000] {dag.py:3089} INFO - Sync 1 DAGs
[2026-03-21T10:47:22.627+0000] {processor.py:183} INFO - Processing /opt/airflow/dags/dag_file.py took 0.782 seconds
[2026-03-21T10:47:52.823+0000] {processor.py:161} INFO - Started process (PID=338) to work on /opt/airflow/dags/dag_file.py
[2026-03-21T10:47:52.824+0000] {processor.py:830} INFO - Processing file /opt/airflow/dags/dag_file.py for tasks to queue
[2026-03-21T10:47:52.825+0000] {logging_mixin.py:188} INFO - [2026-03-21T10:47:52.825+0000] {dagbag.py:545} INFO - Filling up the DagBag from /opt/airflow/dags/dag_file.py
[2026-03-21T10:47:53.472+0000] {processor.py:840} INFO - DAG(s) 'my_dag' retrieved from /opt/airflow/dags/dag_file.py
[2026-03-21T10:47:53.488+0000] {logging_mixin.py:188} INFO - [2026-03-21T10:47:53.487+0000] {dag.py:3089} INFO - Sync 1 DAGs
[2026-03-21T10:47:53.522+0000] {processor.py:183} INFO - Processing /opt/airflow/dags/dag_file.py took 0.703 seconds
[2026-03-21T10:48:11.616+0000] {processor.py:161} INFO - Started process (PID=350) to work on /opt/airflow/dags/dag_file.py
[2026-03-21T10:48:11.617+0000] {processor.py:830} INFO - Processing file /opt/airflow/dags/dag_file.py for tasks to queue
[2026-03-21T10:48:11.618+0000] {logging_mixin.py:188} INFO - [2026-03-21T10:48:11.618+0000] {dagbag.py:545} INFO - Filling up the DagBag from /opt/airflow/dags/dag_file.py
[2026-03-21T10:48:12.272+0000] {processor.py:840} INFO - DAG(s) 'my_dag' retrieved from /opt/airflow/dags/dag_file.py
[2026-03-21T10:48:12.288+0000] {logging_mixin.py:188} INFO - [2026-03-21T10:48:12.288+0000] {dag.py:3089} INFO - Sync 1 DAGs
[2026-03-21T10:48:12.329+0000] {processor.py:183} INFO - Processing /opt/airflow/dags/dag_file.py took 0.717 seconds
[2026-03-21T10:48:42.547+0000] {processor.py:161} INFO - Started process (PID=362) to work on /opt/airflow/dags/dag_file.py
[2026-03-21T10:48:42.548+0000] {processor.py:830} INFO - Processing file /opt/airflow/dags/dag_file.py for tasks to queue
[2026-03-21T10:48:42.549+0000] {logging_mixin.py:188} INFO - [2026-03-21T10:48:42.549+0000] {dagbag.py:545} INFO - Filling up the DagBag from /opt/airflow/dags/dag_file.py
[2026-03-21T10:48:43.212+0000] {processor.py:840} INFO - DAG(s) 'my_dag' retrieved from /opt/airflow/dags/dag_file.py
[2026-03-21T10:48:43.229+0000] {logging_mixin.py:188} INFO - [2026-03-21T10:48:43.229+0000] {dag.py:3089} INFO - Sync 1 DAGs
[2026-03-21T10:48:43.261+0000] {processor.py:183} INFO - Processing /opt/airflow/dags/dag_file.py took 0.719 seconds
[2026-03-21T10:49:13.461+0000] {processor.py:161} INFO - Started process (PID=374) to work on /opt/airflow/dags/dag_file.py
[2026-03-21T10:49:13.462+0000] {processor.py:830} INFO - Processing file /opt/airflow/dags/dag_file.py for tasks to queue
[2026-03-21T10:49:13.463+0000] {logging_mixin.py:188} INFO - [2026-03-21T10:49:13.463+0000] {dagbag.py:545} INFO - Filling up the DagBag from /opt/airflow/dags/dag_file.py
[2026-03-21T10:49:14.119+0000] {processor.py:840} INFO - DAG(s) 'my_dag' retrieved from /opt/airflow/dags/dag_file.py
[2026-03-21T10:49:14.136+0000] {logging_mixin.py:188} INFO - [2026-03-21T10:49:14.135+0000] {dag.py:3089} INFO - Sync 1 DAGs
[2026-03-21T10:49:14.161+0000] {processor.py:183} INFO - Processing /opt/airflow/dags/dag_file.py took 0.705 seconds
[2026-03-21T10:49:19.221+0000] {processor.py:161} INFO - Started process (PID=380) to work on /opt/airflow/dags/dag_file.py
[2026-03-21T10:49:19.222+0000] {processor.py:830} INFO - Processing file /opt/airflow/dags/dag_file.py for tasks to queue
[2026-03-21T10:49:19.223+0000] {logging_mixin.py:188} INFO - [2026-03-21T10:49:19.223+0000] {dagbag.py:545} INFO - Filling up the DagBag from /opt/airflow/dags/dag_file.py
[2026-03-21T10:49:19.930+0000] {processor.py:840} INFO - DAG(s) 'my_dag' retrieved from /opt/airflow/dags/dag_file.py
[2026-03-21T10:49:19.946+0000] {logging_mixin.py:188} INFO - [2026-03-21T10:49:19.946+0000] {dag.py:3089} INFO - Sync 1 DAGs
[2026-03-21T10:49:19.972+0000] {processor.py:183} INFO - Processing /opt/airflow/dags/dag_file.py took 0.712 seconds
[2026-03-21T10:49:29.039+0000] {processor.py:161} INFO - Started process (PID=386) to work on /opt/airflow/dags/dag_file.py
[2026-03-21T10:49:29.040+0000] {processor.py:830} INFO - Processing file /opt/airflow/dags/dag_file.py for tasks to queue
[2026-03-21T10:49:29.041+0000] {logging_mixin.py:188} INFO - [2026-03-21T10:49:29.041+0000] {dagbag.py:545} INFO - Filling up the DagBag from /opt/airflow/dags/dag_file.py
[2026-03-21T10:49:29.693+0000] {processor.py:840} INFO - DAG(s) 'my_dag' retrieved from /opt/airflow/dags/dag_file.py
[2026-03-21T10:49:29.710+0000] {logging_mixin.py:188} INFO - [2026-03-21T10:49:29.710+0000] {dag.py:3089} INFO - Sync 1 DAGs
[2026-03-21T10:49:29.738+0000] {processor.py:183} INFO - Processing /opt/airflow/dags/dag_file.py took 0.703 seconds
[2026-03-21T10:49:47.849+0000] {processor.py:161} INFO - Started process (PID=398) to work on /opt/airflow/dags/dag_file.py
[2026-03-21T10:49:47.849+0000] {processor.py:830} INFO - Processing file /opt/airflow/dags/dag_file.py for tasks to queue
[2026-03-21T10:49:47.851+0000] {logging_mixin.py:188} INFO - [2026-03-21T10:49:47.851+0000] {dagbag.py:545} INFO - Filling up the DagBag from /opt/airflow/dags/dag_file.py
[2026-03-21T10:49:48.477+0000] {processor.py:840} INFO - DAG(s) 'my_dag' retrieved from /opt/airflow/dags/dag_file.py
[2026-03-21T10:49:48.494+0000] {logging_mixin.py:188} INFO - [2026-03-21T10:49:48.494+0000] {dag.py:3089} INFO - Sync 1 DAGs
[2026-03-21T10:49:48.522+0000] {processor.py:183} INFO - Processing /opt/airflow/dags/dag_file.py took 0.677 seconds
[2026-03-21T10:50:18.731+0000] {processor.py:161} INFO - Started process (PID=438) to work on /opt/airflow/dags/dag_file.py
[2026-03-21T10:50:18.732+0000] {processor.py:830} INFO - Processing file /opt/airflow/dags/dag_file.py for tasks to queue
[2026-03-21T10:50:18.734+0000] {logging_mixin.py:188} INFO - [2026-03-21T10:50:18.734+0000] {dagbag.py:545} INFO - Filling up the DagBag from /opt/airflow/dags/dag_file.py
[2026-03-21T10:50:19.434+0000] {processor.py:840} INFO - DAG(s) 'my_dag' retrieved from /opt/airflow/dags/dag_file.py
[2026-03-21T10:50:19.448+0000] {logging_mixin.py:188} INFO - [2026-03-21T10:50:19.448+0000] {dag.py:3089} INFO - Sync 1 DAGs
[2026-03-21T10:50:19.474+0000] {processor.py:183} INFO - Processing /opt/airflow/dags/dag_file.py took 0.701 seconds
[2026-03-21T10:50:49.661+0000] {processor.py:161} INFO - Started process (PID=470) to work on /opt/airflow/dags/dag_file.py
[2026-03-21T10:50:49.662+0000] {processor.py:830} INFO - Processing file /opt/airflow/dags/dag_file.py for tasks to queue
[2026-03-21T10:50:49.664+0000] {logging_mixin.py:188} INFO - [2026-03-21T10:50:49.664+0000] {dagbag.py:545} INFO - Filling up the DagBag from /opt/airflow/dags/dag_file.py
[2026-03-21T10:50:50.308+0000] {processor.py:840} INFO - DAG(s) 'my_dag' retrieved from /opt/airflow/dags/dag_file.py
[2026-03-21T10:50:50.324+0000] {logging_mixin.py:188} INFO - [2026-03-21T10:50:50.324+0000] {dag.py:3089} INFO - Sync 1 DAGs
[2026-03-21T10:50:50.362+0000] {processor.py:183} INFO - Processing /opt/airflow/dags/dag_file.py took 0.706 seconds
[2026-03-21T10:51:20.572+0000] {processor.py:161} INFO - Started process (PID=482) to work on /opt/airflow/dags/dag_file.py
[2026-03-21T10:51:20.572+0000] {processor.py:830} INFO - Processing file /opt/airflow/dags/dag_file.py for tasks to queue
[2026-03-21T10:51:20.574+0000] {logging_mixin.py:188} INFO - [2026-03-21T10:51:20.573+0000] {dagbag.py:545} INFO - Filling up the DagBag from /opt/airflow/dags/dag_file.py
[2026-03-21T10:51:21.231+0000] {processor.py:840} INFO - DAG(s) 'my_dag' retrieved from /opt/airflow/dags/dag_file.py
[2026-03-21T10:51:21.247+0000] {logging_mixin.py:188} INFO - [2026-03-21T10:51:21.246+0000] {dag.py:3089} INFO - Sync 1 DAGs
[2026-03-21T10:51:21.272+0000] {processor.py:183} INFO - Processing /opt/airflow/dags/dag_file.py took 0.705 seconds
[2026-03-21T10:51:51.468+0000] {processor.py:161} INFO - Started process (PID=494) to work on /opt/airflow/dags/dag_file.py
[2026-03-21T10:51:51.468+0000] {processor.py:830} INFO - Processing file /opt/airflow/dags/dag_file.py for tasks to queue
[2026-03-21T10:51:51.470+0000] {logging_mixin.py:188} INFO - [2026-03-21T10:51:51.470+0000] {dagbag.py:545} INFO - Filling up the DagBag from /opt/airflow/dags/dag_file.py
[2026-03-21T10:51:52.090+0000] {processor.py:840} INFO - DAG(s) 'my_dag' retrieved from /opt/airflow/dags/dag_file.py
[2026-03-21T10:51:52.106+0000] {logging_mixin.py:188} INFO - [2026-03-21T10:51:52.105+0000] {dag.py:3089} INFO - Sync 1 DAGs
[2026-03-21T10:51:52.120+0000] {logging_mixin.py:188} INFO - [2026-03-21T10:51:52.120+0000] {dag.py:3947} INFO - Setting next_dagrun for my_dag to 2026-03-19 00:00:00+00:00, run_after=2026-03-20 00:00:00+00:00
[2026-03-21T10:51:52.133+0000] {processor.py:183} INFO - Processing /opt/airflow/dags/dag_file.py took 0.670 seconds
[2026-03-21T10:52:22.322+0000] {processor.py:161} INFO - Started process (PID=506) to work on /opt/airflow/dags/dag_file.py
[2026-03-21T10:52:22.323+0000] {processor.py:830} INFO - Processing file /opt/airflow/dags/dag_file.py for tasks to queue
[2026-03-21T10:52:22.324+0000] {logging_mixin.py:188} INFO - [2026-03-21T10:52:22.324+0000] {dagbag.py:545} INFO - Filling up the DagBag from /opt/airflow/dags/dag_file.py
[2026-03-21T10:52:23.011+0000] {processor.py:840} INFO - DAG(s) 'my_dag' retrieved from /opt/airflow/dags/dag_file.py
[2026-03-21T10:52:23.031+0000] {logging_mixin.py:188} INFO - [2026-03-21T10:52:23.031+0000] {dag.py:3089} INFO - Sync 1 DAGs
[2026-03-21T10:52:23.049+0000] {logging_mixin.py:188} INFO - [2026-03-21T10:52:23.049+0000] {dag.py:3947} INFO - Setting next_dagrun for my_dag to 2026-03-19 00:00:00+00:00, run_after=2026-03-20 00:00:00+00:00
[2026-03-21T10:52:23.065+0000] {processor.py:183} INFO - Processing /opt/airflow/dags/dag_file.py took 0.748 seconds
[2026-03-21T10:52:53.281+0000] {processor.py:161} INFO - Started process (PID=518) to work on /opt/airflow/dags/dag_file.py
[2026-03-21T10:52:53.282+0000] {processor.py:830} INFO - Processing file /opt/airflow/dags/dag_file.py for tasks to queue
[2026-03-21T10:52:53.283+0000] {logging_mixin.py:188} INFO - [2026-03-21T10:52:53.283+0000] {dagbag.py:545} INFO - Filling up the DagBag from /opt/airflow/dags/dag_file.py
[2026-03-21T10:52:53.940+0000] {processor.py:840} INFO - DAG(s) 'my_dag' retrieved from /opt/airflow/dags/dag_file.py
[2026-03-21T10:52:53.957+0000] {logging_mixin.py:188} INFO - [2026-03-21T10:52:53.957+0000] {dag.py:3089} INFO - Sync 1 DAGs
[2026-03-21T10:52:53.971+0000] {logging_mixin.py:188} INFO - [2026-03-21T10:52:53.971+0000] {dag.py:3947} INFO - Setting next_dagrun for my_dag to 2026-03-19 00:00:00+00:00, run_after=2026-03-20 00:00:00+00:00
[2026-03-21T10:52:53.984+0000] {processor.py:183} INFO - Processing /opt/airflow/dags/dag_file.py took 0.707 seconds
[2026-03-21T10:53:24.197+0000] {processor.py:161} INFO - Started process (PID=530) to work on /opt/airflow/dags/dag_file.py
[2026-03-21T10:53:24.197+0000] {processor.py:830} INFO - Processing file /opt/airflow/dags/dag_file.py for tasks to queue
[2026-03-21T10:53:24.199+0000] {logging_mixin.py:188} INFO - [2026-03-21T10:53:24.199+0000] {dagbag.py:545} INFO - Filling up the DagBag from /opt/airflow/dags/dag_file.py
[2026-03-21T10:53:24.863+0000] {processor.py:840} INFO - DAG(s) 'my_dag' retrieved from /opt/airflow/dags/dag_file.py
[2026-03-21T10:53:24.883+0000] {logging_mixin.py:188} INFO - [2026-03-21T10:53:24.883+0000] {dag.py:3089} INFO - Sync 1 DAGs
[2026-03-21T10:53:24.898+0000] {logging_mixin.py:188} INFO - [2026-03-21T10:53:24.897+0000] {dag.py:3947} INFO - Setting next_dagrun for my_dag to 2026-03-19 00:00:00+00:00, run_after=2026-03-20 00:00:00+00:00
[2026-03-21T10:53:24.922+0000] {processor.py:183} INFO - Processing /opt/airflow/dags/dag_file.py took 0.730 seconds
[2026-03-21T10:53:55.123+0000] {processor.py:161} INFO - Started process (PID=542) to work on /opt/airflow/dags/dag_file.py
[2026-03-21T10:53:55.124+0000] {processor.py:830} INFO - Processing file /opt/airflow/dags/dag_file.py for tasks to queue
[2026-03-21T10:53:55.126+0000] {logging_mixin.py:188} INFO - [2026-03-21T10:53:55.125+0000] {dagbag.py:545} INFO - Filling up the DagBag from /opt/airflow/dags/dag_file.py
[2026-03-21T10:53:55.744+0000] {processor.py:840} INFO - DAG(s) 'my_dag' retrieved from /opt/airflow/dags/dag_file.py
[2026-03-21T10:53:55.760+0000] {logging_mixin.py:188} INFO - [2026-03-21T10:53:55.760+0000] {dag.py:3089} INFO - Sync 1 DAGs
[2026-03-21T10:53:55.773+0000] {logging_mixin.py:188} INFO - [2026-03-21T10:53:55.773+0000] {dag.py:3947} INFO - Setting next_dagrun for my_dag to 2026-03-19 00:00:00+00:00, run_after=2026-03-20 00:00:00+00:00
[2026-03-21T10:53:55.795+0000] {processor.py:183} INFO - Processing /opt/airflow/dags/dag_file.py took 0.676 seconds
[2026-03-21T10:54:25.980+0000] {processor.py:161} INFO - Started process (PID=554) to work on /opt/airflow/dags/dag_file.py
[2026-03-21T10:54:25.981+0000] {processor.py:830} INFO - Processing file /opt/airflow/dags/dag_file.py for tasks to queue
[2026-03-21T10:54:25.982+0000] {logging_mixin.py:188} INFO - [2026-03-21T10:54:25.982+0000] {dagbag.py:545} INFO - Filling up the DagBag from /opt/airflow/dags/dag_file.py
[2026-03-21T10:54:26.595+0000] {processor.py:840} INFO - DAG(s) 'my_dag' retrieved from /opt/airflow/dags/dag_file.py
[2026-03-21T10:54:26.610+0000] {logging_mixin.py:188} INFO - [2026-03-21T10:54:26.610+0000] {dag.py:3089} INFO - Sync 1 DAGs
[2026-03-21T10:54:26.623+0000] {logging_mixin.py:188} INFO - [2026-03-21T10:54:26.623+0000] {dag.py:3947} INFO - Setting next_dagrun for my_dag to 2026-03-19 00:00:00+00:00, run_after=2026-03-20 00:00:00+00:00
[2026-03-21T10:54:26.636+0000] {processor.py:183} INFO - Processing /opt/airflow/dags/dag_file.py took 0.660 seconds
[2026-03-21T10:54:56.867+0000] {processor.py:161} INFO - Started process (PID=566) to work on /opt/airflow/dags/dag_file.py
[2026-03-21T10:54:56.868+0000] {processor.py:830} INFO - Processing file /opt/airflow/dags/dag_file.py for tasks to queue
[2026-03-21T10:54:56.869+0000] {logging_mixin.py:188} INFO - [2026-03-21T10:54:56.869+0000] {dagbag.py:545} INFO - Filling up the DagBag from /opt/airflow/dags/dag_file.py
[2026-03-21T10:54:57.503+0000] {processor.py:840} INFO - DAG(s) 'my_dag' retrieved from /opt/airflow/dags/dag_file.py
[2026-03-21T10:54:57.519+0000] {logging_mixin.py:188} INFO - [2026-03-21T10:54:57.519+0000] {dag.py:3089} INFO - Sync 1 DAGs
[2026-03-21T10:54:57.533+0000] {logging_mixin.py:188} INFO - [2026-03-21T10:54:57.533+0000] {dag.py:3947} INFO - Setting next_dagrun for my_dag to 2026-03-19 00:00:00+00:00, run_after=2026-03-20 00:00:00+00:00
[2026-03-21T10:54:57.555+0000] {processor.py:183} INFO - Processing /opt/airflow/dags/dag_file.py took 0.693 seconds
[2026-03-21T10:55:27.772+0000] {processor.py:161} INFO - Started process (PID=578) to work on /opt/airflow/dags/dag_file.py
[2026-03-21T10:55:27.772+0000] {processor.py:830} INFO - Processing file /opt/airflow/dags/dag_file.py for tasks to queue
[2026-03-21T10:55:27.774+0000] {logging_mixin.py:188} INFO - [2026-03-21T10:55:27.774+0000] {dagbag.py:545} INFO - Filling up the DagBag from /opt/airflow/dags/dag_file.py
[2026-03-21T10:55:28.403+0000] {processor.py:840} INFO - DAG(s) 'my_dag' retrieved from /opt/airflow/dags/dag_file.py
[2026-03-21T10:55:28.420+0000] {logging_mixin.py:188} INFO - [2026-03-21T10:55:28.419+0000] {dag.py:3089} INFO - Sync 1 DAGs
[2026-03-21T10:55:28.433+0000] {logging_mixin.py:188} INFO - [2026-03-21T10:55:28.433+0000] {dag.py:3947} INFO - Setting next_dagrun for my_dag to 2026-03-19 00:00:00+00:00, run_after=2026-03-20 00:00:00+00:00
[2026-03-21T10:55:28.446+0000] {processor.py:183} INFO - Processing /opt/airflow/dags/dag_file.py took 0.679 seconds
[2026-03-21T10:55:58.522+0000] {processor.py:161} INFO - Started process (PID=590) to work on /opt/airflow/dags/dag_file.py
[2026-03-21T10:55:58.523+0000] {processor.py:830} INFO - Processing file /opt/airflow/dags/dag_file.py for tasks to queue
[2026-03-21T10:55:58.524+0000] {logging_mixin.py:188} INFO - [2026-03-21T10:55:58.524+0000] {dagbag.py:545} INFO - Filling up the DagBag from /opt/airflow/dags/dag_file.py
[2026-03-21T10:55:59.136+0000] {processor.py:840} INFO - DAG(s) 'my_dag' retrieved from /opt/airflow/dags/dag_file.py
[2026-03-21T10:55:59.152+0000] {logging_mixin.py:188} INFO - [2026-03-21T10:55:59.152+0000] {dag.py:3089} INFO - Sync 1 DAGs
[2026-03-21T10:55:59.165+0000] {logging_mixin.py:188} INFO - [2026-03-21T10:55:59.165+0000] {dag.py:3947} INFO - Setting next_dagrun for my_dag to 2026-03-19 00:00:00+00:00, run_after=2026-03-20 00:00:00+00:00
[2026-03-21T10:55:59.178+0000] {processor.py:183} INFO - Processing /opt/airflow/dags/dag_file.py took 0.661 seconds
[2026-03-21T10:56:29.389+0000] {processor.py:161} INFO - Started process (PID=602) to work on /opt/airflow/dags/dag_file.py
[2026-03-21T10:56:29.390+0000] {processor.py:830} INFO - Processing file /opt/airflow/dags/dag_file.py for tasks to queue
[2026-03-21T10:56:29.391+0000] {logging_mixin.py:188} INFO - [2026-03-21T10:56:29.391+0000] {dagbag.py:545} INFO - Filling up the DagBag from /opt/airflow/dags/dag_file.py
[2026-03-21T10:56:30.051+0000] {processor.py:840} INFO - DAG(s) 'my_dag' retrieved from /opt/airflow/dags/dag_file.py
[2026-03-21T10:56:30.067+0000] {logging_mixin.py:188} INFO - [2026-03-21T10:56:30.067+0000] {dag.py:3089} INFO - Sync 1 DAGs
[2026-03-21T10:56:30.082+0000] {logging_mixin.py:188} INFO - [2026-03-21T10:56:30.081+0000] {dag.py:3947} INFO - Setting next_dagrun for my_dag to 2026-03-19 00:00:00+00:00, run_after=2026-03-20 00:00:00+00:00
[2026-03-21T10:56:30.094+0000] {processor.py:183} INFO - Processing /opt/airflow/dags/dag_file.py took 0.709 seconds
[2026-03-21T10:57:00.315+0000] {processor.py:161} INFO - Started process (PID=614) to work on /opt/airflow/dags/dag_file.py
[2026-03-21T10:57:00.315+0000] {processor.py:830} INFO - Processing file /opt/airflow/dags/dag_file.py for tasks to queue
[2026-03-21T10:57:00.317+0000] {logging_mixin.py:188} INFO - [2026-03-21T10:57:00.317+0000] {dagbag.py:545} INFO - Filling up the DagBag from /opt/airflow/dags/dag_file.py
[2026-03-21T10:57:00.939+0000] {processor.py:840} INFO - DAG(s) 'my_dag' retrieved from /opt/airflow/dags/dag_file.py
[2026-03-21T10:57:00.956+0000] {logging_mixin.py:188} INFO - [2026-03-21T10:57:00.955+0000] {dag.py:3089} INFO - Sync 1 DAGs
[2026-03-21T10:57:00.969+0000] {logging_mixin.py:188} INFO - [2026-03-21T10:57:00.969+0000] {dag.py:3947} INFO - Setting next_dagrun for my_dag to 2026-03-19 00:00:00+00:00, run_after=2026-03-20 00:00:00+00:00
[2026-03-21T10:57:00.991+0000] {processor.py:183} INFO - Processing /opt/airflow/dags/dag_file.py took 0.680 seconds
[2026-03-21T10:57:31.204+0000] {processor.py:161} INFO - Started process (PID=626) to work on /opt/airflow/dags/dag_file.py
[2026-03-21T10:57:31.205+0000] {processor.py:830} INFO - Processing file /opt/airflow/dags/dag_file.py for tasks to queue
[2026-03-21T10:57:31.206+0000] {logging_mixin.py:188} INFO - [2026-03-21T10:57:31.206+0000] {dagbag.py:545} INFO - Filling up the DagBag from /opt/airflow/dags/dag_file.py
[2026-03-21T10:57:31.835+0000] {processor.py:840} INFO - DAG(s) 'my_dag' retrieved from /opt/airflow/dags/dag_file.py
[2026-03-21T10:57:31.852+0000] {logging_mixin.py:188} INFO - [2026-03-21T10:57:31.852+0000] {dag.py:3089} INFO - Sync 1 DAGs
[2026-03-21T10:57:31.865+0000] {logging_mixin.py:188} INFO - [2026-03-21T10:57:31.865+0000] {dag.py:3947} INFO - Setting next_dagrun for my_dag to 2026-03-19 00:00:00+00:00, run_after=2026-03-20 00:00:00+00:00
[2026-03-21T10:57:31.879+0000] {processor.py:183} INFO - Processing /opt/airflow/dags/dag_file.py took 0.680 seconds
[2026-03-21T10:58:02.127+0000] {processor.py:161} INFO - Started process (PID=646) to work on /opt/airflow/dags/dag_file.py
[2026-03-21T10:58:02.128+0000] {processor.py:830} INFO - Processing file /opt/airflow/dags/dag_file.py for tasks to queue
[2026-03-21T10:58:02.130+0000] {logging_mixin.py:188} INFO - [2026-03-21T10:58:02.129+0000] {dagbag.py:545} INFO - Filling up the DagBag from /opt/airflow/dags/dag_file.py
[2026-03-21T10:58:02.795+0000] {processor.py:840} INFO - DAG(s) 'my_dag' retrieved from /opt/airflow/dags/dag_file.py
[2026-03-21T10:58:02.811+0000] {logging_mixin.py:188} INFO - [2026-03-21T10:58:02.810+0000] {dag.py:3089} INFO - Sync 1 DAGs
[2026-03-21T10:58:02.825+0000] {logging_mixin.py:188} INFO - [2026-03-21T10:58:02.825+0000] {dag.py:3947} INFO - Setting next_dagrun for my_dag to 2026-03-21 00:00:00+00:00, run_after=2026-03-22 00:00:00+00:00
[2026-03-21T10:58:02.847+0000] {processor.py:183} INFO - Processing /opt/airflow/dags/dag_file.py took 0.725 seconds
[2026-03-21T10:58:33.066+0000] {processor.py:161} INFO - Started process (PID=662) to work on /opt/airflow/dags/dag_file.py
[2026-03-21T10:58:33.067+0000] {processor.py:830} INFO - Processing file /opt/airflow/dags/dag_file.py for tasks to queue
[2026-03-21T10:58:33.069+0000] {logging_mixin.py:188} INFO - [2026-03-21T10:58:33.068+0000] {dagbag.py:545} INFO - Filling up the DagBag from /opt/airflow/dags/dag_file.py
[2026-03-21T10:58:33.716+0000] {processor.py:840} INFO - DAG(s) 'my_dag' retrieved from /opt/airflow/dags/dag_file.py
[2026-03-21T10:58:33.734+0000] {logging_mixin.py:188} INFO - [2026-03-21T10:58:33.734+0000] {dag.py:3089} INFO - Sync 1 DAGs
[2026-03-21T10:58:33.751+0000] {logging_mixin.py:188} INFO - [2026-03-21T10:58:33.750+0000] {dag.py:3947} INFO - Setting next_dagrun for my_dag to 2026-03-21 00:00:00+00:00, run_after=2026-03-22 00:00:00+00:00
[2026-03-21T10:58:33.769+0000] {processor.py:183} INFO - Processing /opt/airflow/dags/dag_file.py took 0.708 seconds
[2026-03-21T10:59:03.976+0000] {processor.py:161} INFO - Started process (PID=674) to work on /opt/airflow/dags/dag_file.py
[2026-03-21T10:59:03.977+0000] {processor.py:830} INFO - Processing file /opt/airflow/dags/dag_file.py for tasks to queue
[2026-03-21T10:59:03.978+0000] {logging_mixin.py:188} INFO - [2026-03-21T10:59:03.978+0000] {dagbag.py:545} INFO - Filling up the DagBag from /opt/airflow/dags/dag_file.py
[2026-03-21T10:59:04.623+0000] {processor.py:840} INFO - DAG(s) 'my_dag' retrieved from /opt/airflow/dags/dag_file.py
[2026-03-21T10:59:04.640+0000] {logging_mixin.py:188} INFO - [2026-03-21T10:59:04.640+0000] {dag.py:3089} INFO - Sync 1 DAGs
[2026-03-21T10:59:04.654+0000] {logging_mixin.py:188} INFO - [2026-03-21T10:59:04.653+0000] {dag.py:3947} INFO - Setting next_dagrun for my_dag to 2026-03-21 00:00:00+00:00, run_after=2026-03-22 00:00:00+00:00
[2026-03-21T10:59:04.676+0000] {processor.py:183} INFO - Processing /opt/airflow/dags/dag_file.py took 0.704 seconds
[2026-03-21T10:59:34.911+0000] {processor.py:161} INFO - Started process (PID=686) to work on /opt/airflow/dags/dag_file.py
[2026-03-21T10:59:34.912+0000] {processor.py:830} INFO - Processing file /opt/airflow/dags/dag_file.py for tasks to queue
[2026-03-21T10:59:34.915+0000] {logging_mixin.py:188} INFO - [2026-03-21T10:59:34.914+0000] {dagbag.py:545} INFO - Filling up the DagBag from /opt/airflow/dags/dag_file.py
[2026-03-21T10:59:35.615+0000] {processor.py:840} INFO - DAG(s) 'my_dag' retrieved from /opt/airflow/dags/dag_file.py
[2026-03-21T10:59:35.633+0000] {logging_mixin.py:188} INFO - [2026-03-21T10:59:35.633+0000] {dag.py:3089} INFO - Sync 1 DAGs
[2026-03-21T10:59:35.648+0000] {logging_mixin.py:188} INFO - [2026-03-21T10:59:35.648+0000] {dag.py:3947} INFO - Setting next_dagrun for my_dag to 2026-03-21 00:00:00+00:00, run_after=2026-03-22 00:00:00+00:00
[2026-03-21T10:59:35.663+0000] {processor.py:183} INFO - Processing /opt/airflow/dags/dag_file.py took 0.757 seconds
[2026-03-21T11:00:14.054+0000] {processor.py:161} INFO - Started process (PID=182) to work on /opt/airflow/dags/dag_file.py
[2026-03-21T11:00:14.061+0000] {processor.py:830} INFO - Processing file /opt/airflow/dags/dag_file.py for tasks to queue
[2026-03-21T11:00:14.063+0000] {logging_mixin.py:188} INFO - [2026-03-21T11:00:14.062+0000] {dagbag.py:545} INFO - Filling up the DagBag from /opt/airflow/dags/dag_file.py
[2026-03-21T11:00:14.768+0000] {processor.py:840} INFO - DAG(s) 'my_dag' retrieved from /opt/airflow/dags/dag_file.py
[2026-03-21T11:00:14.887+0000] {logging_mixin.py:188} INFO - [2026-03-21T11:00:14.886+0000] {dag.py:3089} INFO - Sync 1 DAGs
[2026-03-21T11:00:14.898+0000] {logging_mixin.py:188} INFO - [2026-03-21T11:00:14.898+0000] {dag.py:3947} INFO - Setting next_dagrun for my_dag to 2026-03-21 00:00:00+00:00, run_after=2026-03-22 00:00:00+00:00
[2026-03-21T11:00:14.911+0000] {processor.py:183} INFO - Processing /opt/airflow/dags/dag_file.py took 0.864 seconds
[2026-03-21T11:00:45.140+0000] {processor.py:161} INFO - Started process (PID=194) to work on /opt/airflow/dags/dag_file.py
[2026-03-21T11:00:45.141+0000] {processor.py:830} INFO - Processing file /opt/airflow/dags/dag_file.py for tasks to queue
[2026-03-21T11:00:45.143+0000] {logging_mixin.py:188} INFO - [2026-03-21T11:00:45.142+0000] {dagbag.py:545} INFO - Filling up the DagBag from /opt/airflow/dags/dag_file.py
[2026-03-21T11:00:45.828+0000] {processor.py:840} INFO - DAG(s) 'my_dag' retrieved from /opt/airflow/dags/dag_file.py
[2026-03-21T11:00:45.893+0000] {logging_mixin.py:188} INFO - [2026-03-21T11:00:45.893+0000] {dag.py:3089} INFO - Sync 1 DAGs
[2026-03-21T11:00:45.905+0000] {logging_mixin.py:188} INFO - [2026-03-21T11:00:45.905+0000] {dag.py:3947} INFO - Setting next_dagrun for my_dag to 2026-03-21 00:00:00+00:00, run_after=2026-03-22 00:00:00+00:00
[2026-03-21T11:00:45.919+0000] {processor.py:183} INFO - Processing /opt/airflow/dags/dag_file.py took 0.785 seconds
[2026-03-21T11:01:16.144+0000] {processor.py:161} INFO - Started process (PID=206) to work on /opt/airflow/dags/dag_file.py
[2026-03-21T11:01:16.145+0000] {processor.py:830} INFO - Processing file /opt/airflow/dags/dag_file.py for tasks to queue
[2026-03-21T11:01:16.147+0000] {logging_mixin.py:188} INFO - [2026-03-21T11:01:16.146+0000] {dagbag.py:545} INFO - Filling up the DagBag from /opt/airflow/dags/dag_file.py
[2026-03-21T11:01:16.806+0000] {processor.py:840} INFO - DAG(s) 'my_dag' retrieved from /opt/airflow/dags/dag_file.py
[2026-03-21T11:01:16.823+0000] {logging_mixin.py:188} INFO - [2026-03-21T11:01:16.823+0000] {dag.py:3089} INFO - Sync 1 DAGs
[2026-03-21T11:01:16.839+0000] {logging_mixin.py:188} INFO - [2026-03-21T11:01:16.838+0000] {dag.py:3947} INFO - Setting next_dagrun for my_dag to 2026-03-21 00:00:00+00:00, run_after=2026-03-22 00:00:00+00:00
[2026-03-21T11:01:16.867+0000] {processor.py:183} INFO - Processing /opt/airflow/dags/dag_file.py took 0.728 seconds
[2026-03-21T11:01:47.103+0000] {processor.py:161} INFO - Started process (PID=218) to work on /opt/airflow/dags/dag_file.py
[2026-03-21T11:01:47.103+0000] {processor.py:830} INFO - Processing file /opt/airflow/dags/dag_file.py for tasks to queue
[2026-03-21T11:01:47.105+0000] {logging_mixin.py:188} INFO - [2026-03-21T11:01:47.104+0000] {dagbag.py:545} INFO - Filling up the DagBag from /opt/airflow/dags/dag_file.py
[2026-03-21T11:01:47.770+0000] {processor.py:840} INFO - DAG(s) 'my_dag' retrieved from /opt/airflow/dags/dag_file.py
[2026-03-21T11:01:47.786+0000] {logging_mixin.py:188} INFO - [2026-03-21T11:01:47.786+0000] {dag.py:3089} INFO - Sync 1 DAGs
[2026-03-21T11:01:47.802+0000] {logging_mixin.py:188} INFO - [2026-03-21T11:01:47.802+0000] {dag.py:3947} INFO - Setting next_dagrun for my_dag to 2026-03-21 00:00:00+00:00, run_after=2026-03-22 00:00:00+00:00
[2026-03-21T11:01:47.816+0000] {processor.py:183} INFO - Processing /opt/airflow/dags/dag_file.py took 0.718 seconds
[2026-03-21T11:02:18.046+0000] {processor.py:161} INFO - Started process (PID=236) to work on /opt/airflow/dags/dag_file.py
[2026-03-21T11:02:18.047+0000] {processor.py:830} INFO - Processing file /opt/airflow/dags/dag_file.py for tasks to queue
[2026-03-21T11:02:18.048+0000] {logging_mixin.py:188} INFO - [2026-03-21T11:02:18.048+0000] {dagbag.py:545} INFO - Filling up the DagBag from /opt/airflow/dags/dag_file.py
[2026-03-21T11:02:18.672+0000] {processor.py:840} INFO - DAG(s) 'my_dag' retrieved from /opt/airflow/dags/dag_file.py
[2026-03-21T11:02:18.688+0000] {logging_mixin.py:188} INFO - [2026-03-21T11:02:18.687+0000] {dag.py:3089} INFO - Sync 1 DAGs
[2026-03-21T11:02:18.702+0000] {logging_mixin.py:188} INFO - [2026-03-21T11:02:18.702+0000] {dag.py:3947} INFO - Setting next_dagrun for my_dag to 2026-03-21 00:00:00+00:00, run_after=2026-03-22 00:00:00+00:00
[2026-03-21T11:02:18.714+0000] {processor.py:183} INFO - Processing /opt/airflow/dags/dag_file.py took 0.673 seconds
[2026-03-21T11:02:48.207+0000] {processor.py:161} INFO - Started process (PID=248) to work on /opt/airflow/dags/dag_file.py
[2026-03-21T11:02:48.208+0000] {processor.py:830} INFO - Processing file /opt/airflow/dags/dag_file.py for tasks to queue
[2026-03-21T11:02:48.210+0000] {logging_mixin.py:188} INFO - [2026-03-21T11:02:48.210+0000] {dagbag.py:545} INFO - Filling up the DagBag from /opt/airflow/dags/dag_file.py
[2026-03-21T11:02:48.899+0000] {processor.py:840} INFO - DAG(s) 'my_dag' retrieved from /opt/airflow/dags/dag_file.py
[2026-03-21T11:02:48.916+0000] {logging_mixin.py:188} INFO - [2026-03-21T11:02:48.916+0000] {dag.py:3089} INFO - Sync 1 DAGs
[2026-03-21T11:02:48.930+0000] {logging_mixin.py:188} INFO - [2026-03-21T11:02:48.930+0000] {dag.py:3947} INFO - Setting next_dagrun for my_dag to 2026-03-21 00:00:00+00:00, run_after=2026-03-22 00:00:00+00:00
[2026-03-21T11:02:48.955+0000] {processor.py:183} INFO - Processing /opt/airflow/dags/dag_file.py took 0.753 seconds
[2026-03-21T11:03:13.104+0000] {processor.py:161} INFO - Started process (PID=254) to work on /opt/airflow/dags/dag_file.py
[2026-03-21T11:03:13.105+0000] {processor.py:830} INFO - Processing file /opt/airflow/dags/dag_file.py for tasks to queue
[2026-03-21T11:03:13.106+0000] {logging_mixin.py:188} INFO - [2026-03-21T11:03:13.106+0000] {dagbag.py:545} INFO - Filling up the DagBag from /opt/airflow/dags/dag_file.py
[2026-03-21T11:03:13.753+0000] {processor.py:840} INFO - DAG(s) 'my_dag' retrieved from /opt/airflow/dags/dag_file.py
[2026-03-21T11:03:13.768+0000] {logging_mixin.py:188} INFO - [2026-03-21T11:03:13.768+0000] {dag.py:3089} INFO - Sync 1 DAGs
[2026-03-21T11:03:13.781+0000] {logging_mixin.py:188} INFO - [2026-03-21T11:03:13.781+0000] {dag.py:3947} INFO - Setting next_dagrun for my_dag to 2026-03-21 00:00:00+00:00, run_after=2026-03-22 00:00:00+00:00
[2026-03-21T11:03:13.805+0000] {processor.py:183} INFO - Processing /opt/airflow/dags/dag_file.py took 0.705 seconds
[2026-03-21T11:03:28.983+0000] {processor.py:161} INFO - Started process (PID=266) to work on /opt/airflow/dags/dag_file.py
[2026-03-21T11:03:28.984+0000] {processor.py:830} INFO - Processing file /opt/airflow/dags/dag_file.py for tasks to queue
[2026-03-21T11:03:28.986+0000] {logging_mixin.py:188} INFO - [2026-03-21T11:03:28.985+0000] {dagbag.py:545} INFO - Filling up the DagBag from /opt/airflow/dags/dag_file.py
[2026-03-21T11:03:29.618+0000] {processor.py:840} INFO - DAG(s) 'my_dag' retrieved from /opt/airflow/dags/dag_file.py
[2026-03-21T11:03:29.633+0000] {logging_mixin.py:188} INFO - [2026-03-21T11:03:29.633+0000] {dag.py:3089} INFO - Sync 1 DAGs
[2026-03-21T11:03:29.647+0000] {logging_mixin.py:188} INFO - [2026-03-21T11:03:29.647+0000] {dag.py:3947} INFO - Setting next_dagrun for my_dag to 2026-03-21 00:00:00+00:00, run_after=2026-03-22 00:00:00+00:00
[2026-03-21T11:03:29.671+0000] {processor.py:183} INFO - Processing /opt/airflow/dags/dag_file.py took 0.693 seconds
[2026-03-21T11:03:43.763+0000] {processor.py:161} INFO - Started process (PID=272) to work on /opt/airflow/dags/dag_file.py
[2026-03-21T11:03:43.764+0000] {processor.py:830} INFO - Processing file /opt/airflow/dags/dag_file.py for tasks to queue
[2026-03-21T11:03:43.765+0000] {logging_mixin.py:188} INFO - [2026-03-21T11:03:43.765+0000] {dagbag.py:545} INFO - Filling up the DagBag from /opt/airflow/dags/dag_file.py
[2026-03-21T11:03:44.450+0000] {processor.py:840} INFO - DAG(s) 'my_dag' retrieved from /opt/airflow/dags/dag_file.py
[2026-03-21T11:03:44.466+0000] {logging_mixin.py:188} INFO - [2026-03-21T11:03:44.466+0000] {dag.py:3089} INFO - Sync 1 DAGs
[2026-03-21T11:03:44.479+0000] {logging_mixin.py:188} INFO - [2026-03-21T11:03:44.479+0000] {dag.py:3947} INFO - Setting next_dagrun for my_dag to 2026-03-21 00:00:00+00:00, run_after=2026-03-22 00:00:00+00:00
[2026-03-21T11:03:44.496+0000] {processor.py:183} INFO - Processing /opt/airflow/dags/dag_file.py took 0.737 seconds
[2026-03-21T11:04:14.717+0000] {processor.py:161} INFO - Started process (PID=284) to work on /opt/airflow/dags/dag_file.py
[2026-03-21T11:04:14.718+0000] {processor.py:830} INFO - Processing file /opt/airflow/dags/dag_file.py for tasks to queue
[2026-03-21T11:04:14.719+0000] {logging_mixin.py:188} INFO - [2026-03-21T11:04:14.719+0000] {dagbag.py:545} INFO - Filling up the DagBag from /opt/airflow/dags/dag_file.py
[2026-03-21T11:04:15.328+0000] {processor.py:840} INFO - DAG(s) 'my_dag' retrieved from /opt/airflow/dags/dag_file.py
[2026-03-21T11:04:15.343+0000] {logging_mixin.py:188} INFO - [2026-03-21T11:04:15.343+0000] {dag.py:3089} INFO - Sync 1 DAGs
[2026-03-21T11:04:15.358+0000] {logging_mixin.py:188} INFO - [2026-03-21T11:04:15.358+0000] {dag.py:3947} INFO - Setting next_dagrun for my_dag to 2026-03-21 00:00:00+00:00, run_after=2026-03-22 00:00:00+00:00
[2026-03-21T11:04:15.371+0000] {processor.py:183} INFO - Processing /opt/airflow/dags/dag_file.py took 0.659 seconds
[2026-03-21T11:04:45.595+0000] {processor.py:161} INFO - Started process (PID=296) to work on /opt/airflow/dags/dag_file.py
[2026-03-21T11:04:45.596+0000] {processor.py:830} INFO - Processing file /opt/airflow/dags/dag_file.py for tasks to queue
[2026-03-21T11:04:45.597+0000] {logging_mixin.py:188} INFO - [2026-03-21T11:04:45.597+0000] {dagbag.py:545} INFO - Filling up the DagBag from /opt/airflow/dags/dag_file.py
[2026-03-21T11:04:46.223+0000] {processor.py:840} INFO - DAG(s) 'my_dag' retrieved from /opt/airflow/dags/dag_file.py
[2026-03-21T11:04:46.238+0000] {logging_mixin.py:188} INFO - [2026-03-21T11:04:46.238+0000] {dag.py:3089} INFO - Sync 1 DAGs
[2026-03-21T11:04:46.253+0000] {logging_mixin.py:188} INFO - [2026-03-21T11:04:46.252+0000] {dag.py:3947} INFO - Setting next_dagrun for my_dag to 2026-03-21 00:00:00+00:00, run_after=2026-03-22 00:00:00+00:00
[2026-03-21T11:04:46.266+0000] {processor.py:183} INFO - Processing /opt/airflow/dags/dag_file.py took 0.674 seconds
[2026-03-21T11:05:16.499+0000] {processor.py:161} INFO - Started process (PID=308) to work on /opt/airflow/dags/dag_file.py
[2026-03-21T11:05:16.499+0000] {processor.py:830} INFO - Processing file /opt/airflow/dags/dag_file.py for tasks to queue
[2026-03-21T11:05:16.501+0000] {logging_mixin.py:188} INFO - [2026-03-21T11:05:16.501+0000] {dagbag.py:545} INFO - Filling up the DagBag from /opt/airflow/dags/dag_file.py
[2026-03-21T11:05:17.209+0000] {processor.py:840} INFO - DAG(s) 'my_dag' retrieved from /opt/airflow/dags/dag_file.py
[2026-03-21T11:05:17.226+0000] {logging_mixin.py:188} INFO - [2026-03-21T11:05:17.226+0000] {dag.py:3089} INFO - Sync 1 DAGs
[2026-03-21T11:05:17.240+0000] {logging_mixin.py:188} INFO - [2026-03-21T11:05:17.240+0000] {dag.py:3947} INFO - Setting next_dagrun for my_dag to 2026-03-21 00:00:00+00:00, run_after=2026-03-22 00:00:00+00:00
[2026-03-21T11:05:17.254+0000] {processor.py:183} INFO - Processing /opt/airflow/dags/dag_file.py took 0.760 seconds
[2026-03-21T11:05:47.307+0000] {processor.py:161} INFO - Started process (PID=320) to work on /opt/airflow/dags/dag_file.py
[2026-03-21T11:05:47.308+0000] {processor.py:830} INFO - Processing file /opt/airflow/dags/dag_file.py for tasks to queue
[2026-03-21T11:05:47.310+0000] {logging_mixin.py:188} INFO - [2026-03-21T11:05:47.310+0000] {dagbag.py:545} INFO - Filling up the DagBag from /opt/airflow/dags/dag_file.py
[2026-03-21T11:05:47.977+0000] {processor.py:840} INFO - DAG(s) 'my_dag' retrieved from /opt/airflow/dags/dag_file.py
[2026-03-21T11:05:47.993+0000] {logging_mixin.py:188} INFO - [2026-03-21T11:05:47.993+0000] {dag.py:3089} INFO - Sync 1 DAGs
[2026-03-21T11:05:48.007+0000] {logging_mixin.py:188} INFO - [2026-03-21T11:05:48.006+0000] {dag.py:3947} INFO - Setting next_dagrun for my_dag to 2026-03-21 00:00:00+00:00, run_after=2026-03-22 00:00:00+00:00
[2026-03-21T11:05:48.020+0000] {processor.py:183} INFO - Processing /opt/airflow/dags/dag_file.py took 0.717 seconds
[2026-03-21T11:06:18.266+0000] {processor.py:161} INFO - Started process (PID=332) to work on /opt/airflow/dags/dag_file.py
[2026-03-21T11:06:18.267+0000] {processor.py:830} INFO - Processing file /opt/airflow/dags/dag_file.py for tasks to queue
[2026-03-21T11:06:18.269+0000] {logging_mixin.py:188} INFO - [2026-03-21T11:06:18.268+0000] {dagbag.py:545} INFO - Filling up the DagBag from /opt/airflow/dags/dag_file.py
[2026-03-21T11:06:18.896+0000] {processor.py:840} INFO - DAG(s) 'my_dag' retrieved from /opt/airflow/dags/dag_file.py
[2026-03-21T11:06:18.913+0000] {logging_mixin.py:188} INFO - [2026-03-21T11:06:18.913+0000] {dag.py:3089} INFO - Sync 1 DAGs
[2026-03-21T11:06:18.926+0000] {logging_mixin.py:188} INFO - [2026-03-21T11:06:18.926+0000] {dag.py:3947} INFO - Setting next_dagrun for my_dag to 2026-03-21 00:00:00+00:00, run_after=2026-03-22 00:00:00+00:00
[2026-03-21T11:06:18.948+0000] {processor.py:183} INFO - Processing /opt/airflow/dags/dag_file.py took 0.686 seconds
[2026-03-21T11:06:49.154+0000] {processor.py:161} INFO - Started process (PID=350) to work on /opt/airflow/dags/dag_file.py
[2026-03-21T11:06:49.155+0000] {processor.py:830} INFO - Processing file /opt/airflow/dags/dag_file.py for tasks to queue
[2026-03-21T11:06:49.156+0000] {logging_mixin.py:188} INFO - [2026-03-21T11:06:49.156+0000] {dagbag.py:545} INFO - Filling up the DagBag from /opt/airflow/dags/dag_file.py
[2026-03-21T11:06:49.771+0000] {processor.py:840} INFO - DAG(s) 'my_dag' retrieved from /opt/airflow/dags/dag_file.py
[2026-03-21T11:06:49.788+0000] {logging_mixin.py:188} INFO - [2026-03-21T11:06:49.788+0000] {dag.py:3089} INFO - Sync 1 DAGs
[2026-03-21T11:06:49.802+0000] {logging_mixin.py:188} INFO - [2026-03-21T11:06:49.802+0000] {dag.py:3947} INFO - Setting next_dagrun for my_dag to 2026-03-21 00:00:00+00:00, run_after=2026-03-22 00:00:00+00:00
[2026-03-21T11:06:49.824+0000] {processor.py:183} INFO - Processing /opt/airflow/dags/dag_file.py took 0.674 seconds
[2026-03-21T11:07:20.053+0000] {processor.py:161} INFO - Started process (PID=362) to work on /opt/airflow/dags/dag_file.py
[2026-03-21T11:07:20.054+0000] {processor.py:830} INFO - Processing file /opt/airflow/dags/dag_file.py for tasks to queue
[2026-03-21T11:07:20.055+0000] {logging_mixin.py:188} INFO - [2026-03-21T11:07:20.055+0000] {dagbag.py:545} INFO - Filling up the DagBag from /opt/airflow/dags/dag_file.py
[2026-03-21T11:07:20.690+0000] {processor.py:840} INFO - DAG(s) 'my_dag' retrieved from /opt/airflow/dags/dag_file.py
[2026-03-21T11:07:20.706+0000] {logging_mixin.py:188} INFO - [2026-03-21T11:07:20.706+0000] {dag.py:3089} INFO - Sync 1 DAGs
[2026-03-21T11:07:20.720+0000] {logging_mixin.py:188} INFO - [2026-03-21T11:07:20.720+0000] {dag.py:3947} INFO - Setting next_dagrun for my_dag to 2026-03-21 00:00:00+00:00, run_after=2026-03-22 00:00:00+00:00
[2026-03-21T11:07:20.745+0000] {processor.py:183} INFO - Processing /opt/airflow/dags/dag_file.py took 0.696 seconds
[2026-03-21T11:07:50.984+0000] {processor.py:161} INFO - Started process (PID=374) to work on /opt/airflow/dags/dag_file.py
[2026-03-21T11:07:50.985+0000] {processor.py:830} INFO - Processing file /opt/airflow/dags/dag_file.py for tasks to queue
[2026-03-21T11:07:50.987+0000] {logging_mixin.py:188} INFO - [2026-03-21T11:07:50.986+0000] {dagbag.py:545} INFO - Filling up the DagBag from /opt/airflow/dags/dag_file.py
[2026-03-21T11:07:51.723+0000] {processor.py:840} INFO - DAG(s) 'my_dag' retrieved from /opt/airflow/dags/dag_file.py
[2026-03-21T11:07:51.739+0000] {logging_mixin.py:188} INFO - [2026-03-21T11:07:51.738+0000] {dag.py:3089} INFO - Sync 1 DAGs
[2026-03-21T11:07:51.752+0000] {logging_mixin.py:188} INFO - [2026-03-21T11:07:51.752+0000] {dag.py:3947} INFO - Setting next_dagrun for my_dag to 2026-03-21 00:00:00+00:00, run_after=2026-03-22 00:00:00+00:00
[2026-03-21T11:07:51.774+0000] {processor.py:183} INFO - Processing /opt/airflow/dags/dag_file.py took 0.716 seconds
[2026-03-21T11:08:01.381+0000] {processor.py:161} INFO - Started process (PID=380) to work on /opt/airflow/dags/dag_file.py
[2026-03-21T11:08:01.382+0000] {processor.py:830} INFO - Processing file /opt/airflow/dags/dag_file.py for tasks to queue
[2026-03-21T11:08:01.383+0000] {logging_mixin.py:188} INFO - [2026-03-21T11:08:01.383+0000] {dagbag.py:545} INFO - Filling up the DagBag from /opt/airflow/dags/dag_file.py
[2026-03-21T11:08:02.049+0000] {processor.py:840} INFO - DAG(s) 'my_dag' retrieved from /opt/airflow/dags/dag_file.py
[2026-03-21T11:08:02.066+0000] {logging_mixin.py:188} INFO - [2026-03-21T11:08:02.066+0000] {dag.py:3089} INFO - Sync 1 DAGs
[2026-03-21T11:08:02.082+0000] {logging_mixin.py:188} INFO - [2026-03-21T11:08:02.082+0000] {dag.py:3947} INFO - Setting next_dagrun for my_dag to 2026-03-21 00:00:00+00:00, run_after=2026-03-22 00:00:00+00:00
[2026-03-21T11:08:02.102+0000] {processor.py:183} INFO - Processing /opt/airflow/dags/dag_file.py took 0.726 seconds
[2026-03-21T11:08:32.315+0000] {processor.py:161} INFO - Started process (PID=396) to work on /opt/airflow/dags/dag_file.py
[2026-03-21T11:08:32.315+0000] {processor.py:830} INFO - Processing file /opt/airflow/dags/dag_file.py for tasks to queue
[2026-03-21T11:08:32.317+0000] {logging_mixin.py:188} INFO - [2026-03-21T11:08:32.317+0000] {dagbag.py:545} INFO - Filling up the DagBag from /opt/airflow/dags/dag_file.py
[2026-03-21T11:08:32.977+0000] {processor.py:840} INFO - DAG(s) 'my_dag' retrieved from /opt/airflow/dags/dag_file.py
[2026-03-21T11:08:32.993+0000] {logging_mixin.py:188} INFO - [2026-03-21T11:08:32.993+0000] {dag.py:3089} INFO - Sync 1 DAGs
[2026-03-21T11:08:33.006+0000] {logging_mixin.py:188} INFO - [2026-03-21T11:08:33.006+0000] {dag.py:3947} INFO - Setting next_dagrun for my_dag to 2026-03-21 00:00:00+00:00, run_after=2026-03-22 00:00:00+00:00
[2026-03-21T11:08:33.027+0000] {processor.py:183} INFO - Processing /opt/airflow/dags/dag_file.py took 0.717 seconds
[2026-03-21T11:09:03.260+0000] {processor.py:161} INFO - Started process (PID=412) to work on /opt/airflow/dags/dag_file.py
[2026-03-21T11:09:03.261+0000] {processor.py:830} INFO - Processing file /opt/airflow/dags/dag_file.py for tasks to queue
[2026-03-21T11:09:03.262+0000] {logging_mixin.py:188} INFO - [2026-03-21T11:09:03.262+0000] {dagbag.py:545} INFO - Filling up the DagBag from /opt/airflow/dags/dag_file.py
[2026-03-21T11:09:03.922+0000] {processor.py:840} INFO - DAG(s) 'my_dag' retrieved from /opt/airflow/dags/dag_file.py
[2026-03-21T11:09:03.938+0000] {logging_mixin.py:188} INFO - [2026-03-21T11:09:03.937+0000] {dag.py:3089} INFO - Sync 1 DAGs
[2026-03-21T11:09:03.951+0000] {logging_mixin.py:188} INFO - [2026-03-21T11:09:03.950+0000] {dag.py:3947} INFO - Setting next_dagrun for my_dag to 2026-03-21 00:00:00+00:00, run_after=2026-03-22 00:00:00+00:00
[2026-03-21T11:09:03.965+0000] {processor.py:183} INFO - Processing /opt/airflow/dags/dag_file.py took 0.709 seconds
[2026-03-21T11:09:34.198+0000] {processor.py:161} INFO - Started process (PID=424) to work on /opt/airflow/dags/dag_file.py
[2026-03-21T11:09:34.199+0000] {processor.py:830} INFO - Processing file /opt/airflow/dags/dag_file.py for tasks to queue
[2026-03-21T11:09:34.200+0000] {logging_mixin.py:188} INFO - [2026-03-21T11:09:34.200+0000] {dagbag.py:545} INFO - Filling up the DagBag from /opt/airflow/dags/dag_file.py
[2026-03-21T11:09:34.877+0000] {processor.py:840} INFO - DAG(s) 'my_dag' retrieved from /opt/airflow/dags/dag_file.py
[2026-03-21T11:09:34.893+0000] {logging_mixin.py:188} INFO - [2026-03-21T11:09:34.893+0000] {dag.py:3089} INFO - Sync 1 DAGs
[2026-03-21T11:09:34.906+0000] {logging_mixin.py:188} INFO - [2026-03-21T11:09:34.906+0000] {dag.py:3947} INFO - Setting next_dagrun for my_dag to 2026-03-21 00:00:00+00:00, run_after=2026-03-22 00:00:00+00:00
[2026-03-21T11:09:34.918+0000] {processor.py:183} INFO - Processing /opt/airflow/dags/dag_file.py took 0.726 seconds
[2026-03-21T11:10:05.165+0000] {processor.py:161} INFO - Started process (PID=436) to work on /opt/airflow/dags/dag_file.py
[2026-03-21T11:10:05.166+0000] {processor.py:830} INFO - Processing file /opt/airflow/dags/dag_file.py for tasks to queue
[2026-03-21T11:10:05.167+0000] {logging_mixin.py:188} INFO - [2026-03-21T11:10:05.167+0000] {dagbag.py:545} INFO - Filling up the DagBag from /opt/airflow/dags/dag_file.py
[2026-03-21T11:10:05.808+0000] {processor.py:840} INFO - DAG(s) 'my_dag' retrieved from /opt/airflow/dags/dag_file.py
[2026-03-21T11:10:05.824+0000] {logging_mixin.py:188} INFO - [2026-03-21T11:10:05.823+0000] {dag.py:3089} INFO - Sync 1 DAGs
[2026-03-21T11:10:05.836+0000] {logging_mixin.py:188} INFO - [2026-03-21T11:10:05.836+0000] {dag.py:3947} INFO - Setting next_dagrun for my_dag to 2026-03-21 00:00:00+00:00, run_after=2026-03-22 00:00:00+00:00
[2026-03-21T11:10:05.859+0000] {processor.py:183} INFO - Processing /opt/airflow/dags/dag_file.py took 0.698 seconds
[2026-03-21T11:10:31.854+0000] {processor.py:161} INFO - Started process (PID=448) to work on /opt/airflow/dags/dag_file.py
[2026-03-21T11:10:31.855+0000] {processor.py:830} INFO - Processing file /opt/airflow/dags/dag_file.py for tasks to queue
[2026-03-21T11:10:31.856+0000] {logging_mixin.py:188} INFO - [2026-03-21T11:10:31.856+0000] {dagbag.py:545} INFO - Filling up the DagBag from /opt/airflow/dags/dag_file.py
[2026-03-21T11:10:32.531+0000] {processor.py:840} INFO - DAG(s) 'my_dag' retrieved from /opt/airflow/dags/dag_file.py
[2026-03-21T11:10:32.548+0000] {logging_mixin.py:188} INFO - [2026-03-21T11:10:32.548+0000] {dag.py:3089} INFO - Sync 1 DAGs
[2026-03-21T11:10:32.562+0000] {logging_mixin.py:188} INFO - [2026-03-21T11:10:32.562+0000] {dag.py:3947} INFO - Setting next_dagrun for my_dag to 2026-03-21 00:00:00+00:00, run_after=2026-03-22 00:00:00+00:00
[2026-03-21T11:10:32.578+0000] {processor.py:183} INFO - Processing /opt/airflow/dags/dag_file.py took 0.728 seconds
[2026-03-21T11:10:55.788+0000] {processor.py:161} INFO - Started process (PID=460) to work on /opt/airflow/dags/dag_file.py
[2026-03-21T11:10:55.789+0000] {processor.py:830} INFO - Processing file /opt/airflow/dags/dag_file.py for tasks to queue
[2026-03-21T11:10:55.790+0000] {logging_mixin.py:188} INFO - [2026-03-21T11:10:55.790+0000] {dagbag.py:545} INFO - Filling up the DagBag from /opt/airflow/dags/dag_file.py
[2026-03-21T11:10:56.444+0000] {processor.py:840} INFO - DAG(s) 'my_dag' retrieved from /opt/airflow/dags/dag_file.py
[2026-03-21T11:10:56.460+0000] {logging_mixin.py:188} INFO - [2026-03-21T11:10:56.459+0000] {dag.py:3089} INFO - Sync 1 DAGs
[2026-03-21T11:10:56.473+0000] {logging_mixin.py:188} INFO - [2026-03-21T11:10:56.473+0000] {dag.py:3947} INFO - Setting next_dagrun for my_dag to 2026-03-21 00:00:00+00:00, run_after=2026-03-22 00:00:00+00:00
[2026-03-21T11:10:56.488+0000] {processor.py:183} INFO - Processing /opt/airflow/dags/dag_file.py took 0.705 seconds
[2026-03-21T11:11:16.302+0000] {processor.py:161} INFO - Started process (PID=466) to work on /opt/airflow/dags/dag_file.py
[2026-03-21T11:11:16.303+0000] {processor.py:830} INFO - Processing file /opt/airflow/dags/dag_file.py for tasks to queue
[2026-03-21T11:11:16.305+0000] {logging_mixin.py:188} INFO - [2026-03-21T11:11:16.304+0000] {dagbag.py:545} INFO - Filling up the DagBag from /opt/airflow/dags/dag_file.py
[2026-03-21T11:11:16.941+0000] {processor.py:840} INFO - DAG(s) 'my_dag' retrieved from /opt/airflow/dags/dag_file.py
[2026-03-21T11:11:16.958+0000] {logging_mixin.py:188} INFO - [2026-03-21T11:11:16.957+0000] {dag.py:3089} INFO - Sync 1 DAGs
[2026-03-21T11:11:16.971+0000] {logging_mixin.py:188} INFO - [2026-03-21T11:11:16.971+0000] {dag.py:3947} INFO - Setting next_dagrun for my_dag to 2026-03-21 00:00:00+00:00, run_after=2026-03-22 00:00:00+00:00
[2026-03-21T11:11:16.987+0000] {processor.py:183} INFO - Processing /opt/airflow/dags/dag_file.py took 0.689 seconds
[2026-03-21T11:11:47.209+0000] {processor.py:161} INFO - Started process (PID=482) to work on /opt/airflow/dags/dag_file.py
[2026-03-21T11:11:47.210+0000] {processor.py:830} INFO - Processing file /opt/airflow/dags/dag_file.py for tasks to queue
[2026-03-21T11:11:47.211+0000] {logging_mixin.py:188} INFO - [2026-03-21T11:11:47.211+0000] {dagbag.py:545} INFO - Filling up the DagBag from /opt/airflow/dags/dag_file.py
[2026-03-21T11:11:47.878+0000] {processor.py:840} INFO - DAG(s) 'my_dag' retrieved from /opt/airflow/dags/dag_file.py
[2026-03-21T11:11:47.896+0000] {logging_mixin.py:188} INFO - [2026-03-21T11:11:47.895+0000] {dag.py:3089} INFO - Sync 1 DAGs
[2026-03-21T11:11:47.911+0000] {logging_mixin.py:188} INFO - [2026-03-21T11:11:47.911+0000] {dag.py:3947} INFO - Setting next_dagrun for my_dag to 2026-03-21 00:00:00+00:00, run_after=2026-03-22 00:00:00+00:00
[2026-03-21T11:11:47.936+0000] {processor.py:183} INFO - Processing /opt/airflow/dags/dag_file.py took 0.732 seconds
[2026-03-21T11:12:18.153+0000] {processor.py:161} INFO - Started process (PID=494) to work on /opt/airflow/dags/dag_file.py
[2026-03-21T11:12:18.154+0000] {processor.py:830} INFO - Processing file /opt/airflow/dags/dag_file.py for tasks to queue
[2026-03-21T11:12:18.155+0000] {logging_mixin.py:188} INFO - [2026-03-21T11:12:18.155+0000] {dagbag.py:545} INFO - Filling up the DagBag from /opt/airflow/dags/dag_file.py
[2026-03-21T11:12:18.830+0000] {processor.py:840} INFO - DAG(s) 'my_dag' retrieved from /opt/airflow/dags/dag_file.py
[2026-03-21T11:12:18.847+0000] {logging_mixin.py:188} INFO - [2026-03-21T11:12:18.846+0000] {dag.py:3089} INFO - Sync 1 DAGs
[2026-03-21T11:12:18.862+0000] {logging_mixin.py:188} INFO - [2026-03-21T11:12:18.862+0000] {dag.py:3947} INFO - Setting next_dagrun for my_dag to 2026-03-21 00:00:00+00:00, run_after=2026-03-22 00:00:00+00:00
[2026-03-21T11:12:18.876+0000] {processor.py:183} INFO - Processing /opt/airflow/dags/dag_file.py took 0.728 seconds
[2026-03-21T11:12:49.113+0000] {processor.py:161} INFO - Started process (PID=506) to work on /opt/airflow/dags/dag_file.py
[2026-03-21T11:12:49.114+0000] {processor.py:830} INFO - Processing file /opt/airflow/dags/dag_file.py for tasks to queue
[2026-03-21T11:12:49.116+0000] {logging_mixin.py:188} INFO - [2026-03-21T11:12:49.115+0000] {dagbag.py:545} INFO - Filling up the DagBag from /opt/airflow/dags/dag_file.py
[2026-03-21T11:12:49.780+0000] {processor.py:840} INFO - DAG(s) 'my_dag' retrieved from /opt/airflow/dags/dag_file.py
[2026-03-21T11:12:49.796+0000] {logging_mixin.py:188} INFO - [2026-03-21T11:12:49.795+0000] {dag.py:3089} INFO - Sync 1 DAGs
[2026-03-21T11:12:49.808+0000] {logging_mixin.py:188} INFO - [2026-03-21T11:12:49.808+0000] {dag.py:3947} INFO - Setting next_dagrun for my_dag to 2026-03-21 00:00:00+00:00, run_after=2026-03-22 00:00:00+00:00
[2026-03-21T11:12:49.830+0000] {processor.py:183} INFO - Processing /opt/airflow/dags/dag_file.py took 0.722 seconds
[2026-03-21T11:13:20.055+0000] {processor.py:161} INFO - Started process (PID=518) to work on /opt/airflow/dags/dag_file.py
[2026-03-21T11:13:20.056+0000] {processor.py:830} INFO - Processing file /opt/airflow/dags/dag_file.py for tasks to queue
[2026-03-21T11:13:20.057+0000] {logging_mixin.py:188} INFO - [2026-03-21T11:13:20.057+0000] {dagbag.py:545} INFO - Filling up the DagBag from /opt/airflow/dags/dag_file.py
[2026-03-21T11:13:20.675+0000] {processor.py:840} INFO - DAG(s) 'my_dag' retrieved from /opt/airflow/dags/dag_file.py
[2026-03-21T11:13:20.691+0000] {logging_mixin.py:188} INFO - [2026-03-21T11:13:20.690+0000] {dag.py:3089} INFO - Sync 1 DAGs
[2026-03-21T11:13:20.703+0000] {logging_mixin.py:188} INFO - [2026-03-21T11:13:20.703+0000] {dag.py:3947} INFO - Setting next_dagrun for my_dag to 2026-03-21 00:00:00+00:00, run_after=2026-03-22 00:00:00+00:00
[2026-03-21T11:13:20.716+0000] {processor.py:183} INFO - Processing /opt/airflow/dags/dag_file.py took 0.666 seconds
[2026-03-21T11:13:40.661+0000] {processor.py:161} INFO - Started process (PID=530) to work on /opt/airflow/dags/dag_file.py
[2026-03-21T11:13:40.661+0000] {processor.py:830} INFO - Processing file /opt/airflow/dags/dag_file.py for tasks to queue
[2026-03-21T11:13:40.663+0000] {logging_mixin.py:188} INFO - [2026-03-21T11:13:40.662+0000] {dagbag.py:545} INFO - Filling up the DagBag from /opt/airflow/dags/dag_file.py
[2026-03-21T11:13:41.341+0000] {processor.py:840} INFO - DAG(s) 'my_dag' retrieved from /opt/airflow/dags/dag_file.py
[2026-03-21T11:13:41.358+0000] {logging_mixin.py:188} INFO - [2026-03-21T11:13:41.358+0000] {dag.py:3089} INFO - Sync 1 DAGs
[2026-03-21T11:13:41.374+0000] {logging_mixin.py:188} INFO - [2026-03-21T11:13:41.374+0000] {dag.py:3947} INFO - Setting next_dagrun for my_dag to 2026-03-21 00:00:00+00:00, run_after=2026-03-22 00:00:00+00:00
[2026-03-21T11:13:41.390+0000] {processor.py:183} INFO - Processing /opt/airflow/dags/dag_file.py took 0.734 seconds
[2026-03-21T11:14:11.614+0000] {processor.py:161} INFO - Started process (PID=542) to work on /opt/airflow/dags/dag_file.py
[2026-03-21T11:14:11.615+0000] {processor.py:830} INFO - Processing file /opt/airflow/dags/dag_file.py for tasks to queue
[2026-03-21T11:14:11.616+0000] {logging_mixin.py:188} INFO - [2026-03-21T11:14:11.616+0000] {dagbag.py:545} INFO - Filling up the DagBag from /opt/airflow/dags/dag_file.py
[2026-03-21T11:14:12.260+0000] {processor.py:840} INFO - DAG(s) 'my_dag' retrieved from /opt/airflow/dags/dag_file.py
[2026-03-21T11:14:12.276+0000] {logging_mixin.py:188} INFO - [2026-03-21T11:14:12.276+0000] {dag.py:3089} INFO - Sync 1 DAGs
[2026-03-21T11:14:12.290+0000] {logging_mixin.py:188} INFO - [2026-03-21T11:14:12.290+0000] {dag.py:3947} INFO - Setting next_dagrun for my_dag to 2026-03-21 00:00:00+00:00, run_after=2026-03-22 00:00:00+00:00
[2026-03-21T11:14:12.303+0000] {processor.py:183} INFO - Processing /opt/airflow/dags/dag_file.py took 0.694 seconds
[2026-03-21T11:14:42.511+0000] {processor.py:161} INFO - Started process (PID=554) to work on /opt/airflow/dags/dag_file.py
[2026-03-21T11:14:42.511+0000] {processor.py:830} INFO - Processing file /opt/airflow/dags/dag_file.py for tasks to queue
[2026-03-21T11:14:42.513+0000] {logging_mixin.py:188} INFO - [2026-03-21T11:14:42.512+0000] {dagbag.py:545} INFO - Filling up the DagBag from /opt/airflow/dags/dag_file.py
[2026-03-21T11:14:43.157+0000] {processor.py:840} INFO - DAG(s) 'my_dag' retrieved from /opt/airflow/dags/dag_file.py
[2026-03-21T11:14:43.174+0000] {logging_mixin.py:188} INFO - [2026-03-21T11:14:43.174+0000] {dag.py:3089} INFO - Sync 1 DAGs
[2026-03-21T11:14:43.188+0000] {logging_mixin.py:188} INFO - [2026-03-21T11:14:43.187+0000] {dag.py:3947} INFO - Setting next_dagrun for my_dag to 2026-03-21 00:00:00+00:00, run_after=2026-03-22 00:00:00+00:00
[2026-03-21T11:14:43.209+0000] {processor.py:183} INFO - Processing /opt/airflow/dags/dag_file.py took 0.703 seconds
