[2026-03-20T11:10:55.367+0000] {manager.py:470} INFO - Processing files using up to 2 processes at a time 
[2026-03-20T11:10:55.368+0000] {manager.py:471} INFO - Process each file at most once every 30 seconds
[2026-03-20T11:10:55.369+0000] {manager.py:472} INFO - Checking for new files in /opt/airflow/dags every 300 seconds
[2026-03-20T11:10:55.370+0000] {manager.py:737} INFO - Searching for files in /opt/airflow/dags
[2026-03-20T11:10:55.373+0000] {manager.py:740} INFO - There are 0 files in /opt/airflow/dags
[2026-03-20T11:15:55.617+0000] {manager.py:737} INFO - Searching for files in /opt/airflow/dags
[2026-03-20T11:15:55.627+0000] {manager.py:740} INFO - There are 0 files in /opt/airflow/dags
[2026-03-20T11:20:55.625+0000] {manager.py:737} INFO - Searching for files in /opt/airflow/dags
[2026-03-20T11:20:55.631+0000] {manager.py:740} INFO - There are 1 files in /opt/airflow/dags
[2026-03-20T11:21:20.946+0000] {manager.py:878} INFO - 
================================================================================
DAG File Processing Stats

File Path                      PID    Runtime      # DAGs    # Errors  Last Runtime    Last Run
-----------------------------  -----  ---------  --------  ----------  --------------  -------------------
/opt/airflow/dags/dag_file.py                           1           0  0.91s           2026-03-20T11:21:08
================================================================================
[2026-03-20T11:21:52.520+0000] {manager.py:878} INFO - 
================================================================================
DAG File Processing Stats

File Path                      PID    Runtime      # DAGs    # Errors  Last Runtime    Last Run
-----------------------------  -----  ---------  --------  ----------  --------------  -------------------
/opt/airflow/dags/dag_file.py                           1           0  0.78s           2026-03-20T11:21:39
================================================================================
[2026-03-20T11:22:23.896+0000] {manager.py:878} INFO - 
================================================================================
DAG File Processing Stats

File Path                      PID    Runtime      # DAGs    # Errors  Last Runtime    Last Run
-----------------------------  -----  ---------  --------  ----------  --------------  -------------------
/opt/airflow/dags/dag_file.py                           1           0  0.79s           2026-03-20T11:22:11
================================================================================
[2026-03-20T11:22:55.249+0000] {manager.py:878} INFO - 
================================================================================
DAG File Processing Stats

File Path                      PID    Runtime      # DAGs    # Errors  Last Runtime    Last Run
-----------------------------  -----  ---------  --------  ----------  --------------  -------------------
/opt/airflow/dags/dag_file.py                           1           0  0.74s           2026-03-20T11:22:42
================================================================================
[2026-03-20T11:23:26.792+0000] {manager.py:878} INFO - 
================================================================================
DAG File Processing Stats

File Path                      PID    Runtime      # DAGs    # Errors  Last Runtime    Last Run
-----------------------------  -----  ---------  --------  ----------  --------------  -------------------
/opt/airflow/dags/dag_file.py                           1           0  0.74s           2026-03-20T11:23:13
================================================================================
[2026-03-20T11:23:58.336+0000] {manager.py:878} INFO - 
================================================================================
DAG File Processing Stats

File Path                      PID    Runtime      # DAGs    # Errors  Last Runtime    Last Run
-----------------------------  -----  ---------  --------  ----------  --------------  -------------------
/opt/airflow/dags/dag_file.py                           1           0  0.73s           2026-03-20T11:23:44
================================================================================
[2026-03-20T11:24:29.956+0000] {manager.py:878} INFO - 
================================================================================
DAG File Processing Stats

File Path                      PID    Runtime      # DAGs    # Errors  Last Runtime    Last Run
-----------------------------  -----  ---------  --------  ----------  --------------  -------------------
/opt/airflow/dags/dag_file.py                           1           0  0.77s           2026-03-20T11:24:15
================================================================================
[2026-03-20T11:25:01.326+0000] {manager.py:878} INFO - 
================================================================================
DAG File Processing Stats

File Path                      PID    Runtime      # DAGs    # Errors  Last Runtime    Last Run
-----------------------------  -----  ---------  --------  ----------  --------------  -------------------
/opt/airflow/dags/dag_file.py                           1           0  0.76s           2026-03-20T11:24:46
================================================================================
[2026-03-20T11:25:33.114+0000] {manager.py:878} INFO - 
================================================================================
DAG File Processing Stats

File Path                      PID    Runtime      # DAGs    # Errors  Last Runtime    Last Run
-----------------------------  -----  ---------  --------  ----------  --------------  -------------------
/opt/airflow/dags/dag_file.py                           1           0  0.77s           2026-03-20T11:25:17
================================================================================
[2026-03-20T11:25:55.731+0000] {manager.py:737} INFO - Searching for files in /opt/airflow/dags
[2026-03-20T11:25:55.744+0000] {manager.py:740} INFO - There are 1 files in /opt/airflow/dags
[2026-03-20T11:26:05.295+0000] {manager.py:878} INFO - 
================================================================================
DAG File Processing Stats

File Path                      PID    Runtime      # DAGs    # Errors  Last Runtime    Last Run
-----------------------------  -----  ---------  --------  ----------  --------------  -------------------
/opt/airflow/dags/dag_file.py                           1           0  0.72s           2026-03-20T11:25:47
================================================================================
[2026-03-20T11:26:36.917+0000] {manager.py:878} INFO - 
================================================================================
DAG File Processing Stats

File Path                      PID    Runtime      # DAGs    # Errors  Last Runtime    Last Run
-----------------------------  -----  ---------  --------  ----------  --------------  -------------------
/opt/airflow/dags/dag_file.py                           1           0  0.77s           2026-03-20T11:26:19
================================================================================
[2026-03-20T11:27:08.380+0000] {manager.py:878} INFO - 
================================================================================
DAG File Processing Stats

File Path                      PID    Runtime      # DAGs    # Errors  Last Runtime    Last Run
-----------------------------  -----  ---------  --------  ----------  --------------  -------------------
/opt/airflow/dags/dag_file.py                           1           0  0.76s           2026-03-20T11:26:50
================================================================================
[2026-03-20T11:27:40.516+0000] {manager.py:878} INFO - 
================================================================================
DAG File Processing Stats

File Path                      PID    Runtime      # DAGs    # Errors  Last Runtime    Last Run
-----------------------------  -----  ---------  --------  ----------  --------------  -------------------
/opt/airflow/dags/dag_file.py                           1           0  0.72s           2026-03-20T11:27:21
================================================================================
[2026-03-20T11:28:12.339+0000] {manager.py:878} INFO - 
================================================================================
DAG File Processing Stats

File Path                      PID    Runtime      # DAGs    # Errors  Last Runtime    Last Run
-----------------------------  -----  ---------  --------  ----------  --------------  -------------------
/opt/airflow/dags/dag_file.py                           1           0  0.74s           2026-03-20T11:27:52
================================================================================
[2026-03-20T11:28:44.245+0000] {manager.py:878} INFO - 
================================================================================
DAG File Processing Stats

File Path                      PID    Runtime      # DAGs    # Errors  Last Runtime    Last Run
-----------------------------  -----  ---------  --------  ----------  --------------  -------------------
/opt/airflow/dags/dag_file.py                           1           0  0.76s           2026-03-20T11:28:23
================================================================================
[2026-03-20T11:29:16.100+0000] {manager.py:878} INFO - 
================================================================================
DAG File Processing Stats

File Path                      PID    Runtime      # DAGs    # Errors  Last Runtime    Last Run
-----------------------------  -----  ---------  --------  ----------  --------------  -------------------
/opt/airflow/dags/dag_file.py                           1           0  0.73s           2026-03-20T11:28:54
================================================================================
[2026-03-20T11:29:48.073+0000] {manager.py:878} INFO - 
================================================================================
DAG File Processing Stats

File Path                      PID    Runtime      # DAGs    # Errors  Last Runtime    Last Run
-----------------------------  -----  ---------  --------  ----------  --------------  -------------------
/opt/airflow/dags/dag_file.py                           1           0  0.75s           2026-03-20T11:29:24
================================================================================
[2026-03-20T11:30:20.016+0000] {manager.py:878} INFO - 
================================================================================
DAG File Processing Stats

File Path                      PID    Runtime      # DAGs    # Errors  Last Runtime    Last Run
-----------------------------  -----  ---------  --------  ----------  --------------  -------------------
/opt/airflow/dags/dag_file.py                           1           0  0.72s           2026-03-20T11:29:55
================================================================================
[2026-03-20T11:30:51.873+0000] {manager.py:878} INFO - 
================================================================================
DAG File Processing Stats

File Path                      PID    Runtime      # DAGs    # Errors  Last Runtime    Last Run
-----------------------------  -----  ---------  --------  ----------  --------------  -------------------
/opt/airflow/dags/dag_file.py                           1           0  0.71s           2026-03-20T11:30:26
================================================================================
[2026-03-20T11:30:55.887+0000] {manager.py:737} INFO - Searching for files in /opt/airflow/dags
[2026-03-20T11:30:55.901+0000] {manager.py:740} INFO - There are 1 files in /opt/airflow/dags
[2026-03-20T11:31:23.737+0000] {manager.py:878} INFO - 
================================================================================
DAG File Processing Stats

File Path                      PID    Runtime      # DAGs    # Errors  Last Runtime    Last Run
-----------------------------  -----  ---------  --------  ----------  --------------  -------------------
/opt/airflow/dags/dag_file.py                           1           0  0.79s           2026-03-20T11:30:57
================================================================================
[2026-03-20T11:31:55.777+0000] {manager.py:878} INFO - 
================================================================================
DAG File Processing Stats

File Path                      PID    Runtime      # DAGs    # Errors  Last Runtime    Last Run
-----------------------------  -----  ---------  --------  ----------  --------------  -------------------
/opt/airflow/dags/dag_file.py                           1           0  0.71s           2026-03-20T11:31:28
================================================================================
[2026-03-20T11:32:27.561+0000] {manager.py:878} INFO - 
================================================================================
DAG File Processing Stats

File Path                      PID    Runtime      # DAGs    # Errors  Last Runtime    Last Run
-----------------------------  -----  ---------  --------  ----------  --------------  -------------------
/opt/airflow/dags/dag_file.py                           1           0  0.77s           2026-03-20T11:31:59
================================================================================
[2026-03-20T11:32:59.650+0000] {manager.py:878} INFO - 
================================================================================
DAG File Processing Stats

File Path                      PID    Runtime      # DAGs    # Errors  Last Runtime    Last Run
-----------------------------  -----  ---------  --------  ----------  --------------  -------------------
/opt/airflow/dags/dag_file.py                           1           0  0.73s           2026-03-20T11:32:30
================================================================================
[2026-03-20T11:33:31.348+0000] {manager.py:878} INFO - 
================================================================================
DAG File Processing Stats

File Path                      PID    Runtime      # DAGs    # Errors  Last Runtime    Last Run
-----------------------------  -----  ---------  --------  ----------  --------------  -------------------
/opt/airflow/dags/dag_file.py                           1           0  0.72s           2026-03-20T11:33:01
================================================================================
[2026-03-20T11:34:02.920+0000] {manager.py:878} INFO - 
================================================================================
DAG File Processing Stats

File Path                        PID  Runtime      # DAGs    # Errors  Last Runtime    Last Run
-----------------------------  -----  ---------  --------  ----------  --------------  -------------------
/opt/airflow/dags/dag_file.py    632  0.00s             1           0  0.80s           2026-03-20T11:33:32
================================================================================
[2026-03-20T11:34:34.625+0000] {manager.py:878} INFO - 
================================================================================
DAG File Processing Stats

File Path                      PID    Runtime      # DAGs    # Errors  Last Runtime    Last Run
-----------------------------  -----  ---------  --------  ----------  --------------  -------------------
/opt/airflow/dags/dag_file.py                           1           0  0.79s           2026-03-20T11:34:34
================================================================================
[2026-03-20T11:35:06.190+0000] {manager.py:878} INFO - 
================================================================================
DAG File Processing Stats

File Path                      PID    Runtime      # DAGs    # Errors  Last Runtime    Last Run
-----------------------------  -----  ---------  --------  ----------  --------------  -------------------
/opt/airflow/dags/dag_file.py                           1           0  0.75s           2026-03-20T11:35:05
================================================================================
[2026-03-20T11:35:38.128+0000] {manager.py:878} INFO - 
================================================================================
DAG File Processing Stats

File Path                      PID    Runtime      # DAGs    # Errors  Last Runtime    Last Run
-----------------------------  -----  ---------  --------  ----------  --------------  -------------------
/opt/airflow/dags/dag_file.py                           1           0  0.74s           2026-03-20T11:35:36
================================================================================
[2026-03-20T11:35:57.664+0000] {manager.py:737} INFO - Searching for files in /opt/airflow/dags
[2026-03-20T11:35:57.677+0000] {manager.py:740} INFO - There are 1 files in /opt/airflow/dags
[2026-03-20T11:36:10.051+0000] {manager.py:878} INFO - 
================================================================================
DAG File Processing Stats

File Path                      PID    Runtime      # DAGs    # Errors  Last Runtime    Last Run
-----------------------------  -----  ---------  --------  ----------  --------------  -------------------
/opt/airflow/dags/dag_file.py                           1           0  0.73s           2026-03-20T11:36:07
================================================================================
[2026-03-20T11:36:42.032+0000] {manager.py:878} INFO - 
================================================================================
DAG File Processing Stats

File Path                      PID    Runtime      # DAGs    # Errors  Last Runtime    Last Run
-----------------------------  -----  ---------  --------  ----------  --------------  -------------------
/opt/airflow/dags/dag_file.py                           1           0  0.78s           2026-03-20T11:36:38
================================================================================
[2026-03-20T11:37:14.067+0000] {manager.py:878} INFO - 
================================================================================
DAG File Processing Stats

File Path                      PID    Runtime      # DAGs    # Errors  Last Runtime    Last Run
-----------------------------  -----  ---------  --------  ----------  --------------  -------------------
/opt/airflow/dags/dag_file.py                           1           0  0.75s           2026-03-20T11:36:50
================================================================================
[2026-03-20T11:37:45.996+0000] {manager.py:878} INFO - 
================================================================================
DAG File Processing Stats

File Path                      PID    Runtime      # DAGs    # Errors  Last Runtime    Last Run
-----------------------------  -----  ---------  --------  ----------  --------------  -------------------
/opt/airflow/dags/dag_file.py                           1           0  0.75s           2026-03-20T11:37:21
================================================================================
[2026-03-20T11:38:17.954+0000] {manager.py:878} INFO - 
================================================================================
DAG File Processing Stats

File Path                      PID    Runtime      # DAGs    # Errors  Last Runtime    Last Run
-----------------------------  -----  ---------  --------  ----------  --------------  -------------------
/opt/airflow/dags/dag_file.py                           1           0  0.80s           2026-03-20T11:37:52
================================================================================
[2026-03-20T11:38:49.719+0000] {manager.py:878} INFO - 
================================================================================
DAG File Processing Stats

File Path                      PID    Runtime      # DAGs    # Errors  Last Runtime    Last Run
-----------------------------  -----  ---------  --------  ----------  --------------  -------------------
/opt/airflow/dags/dag_file.py                           1           0  0.74s           2026-03-20T11:38:29
================================================================================
[2026-03-20T11:39:21.313+0000] {manager.py:878} INFO - 
================================================================================
DAG File Processing Stats

File Path                      PID    Runtime      # DAGs    # Errors  Last Runtime    Last Run
-----------------------------  -----  ---------  --------  ----------  --------------  -------------------
/opt/airflow/dags/dag_file.py                           1           0  0.72s           2026-03-20T11:39:00
================================================================================
[2026-03-20T11:39:53.194+0000] {manager.py:878} INFO - 
================================================================================
DAG File Processing Stats

File Path                      PID    Runtime      # DAGs    # Errors  Last Runtime    Last Run
-----------------------------  -----  ---------  --------  ----------  --------------  -------------------
/opt/airflow/dags/dag_file.py                           1           0  1.15s           2026-03-20T11:39:41
================================================================================
[2026-03-20T11:40:24.927+0000] {manager.py:878} INFO - 
================================================================================
DAG File Processing Stats

File Path                      PID    Runtime      # DAGs    # Errors  Last Runtime    Last Run
-----------------------------  -----  ---------  --------  ----------  --------------  -------------------
/opt/airflow/dags/dag_file.py                           1           0  0.72s           2026-03-20T11:40:12
================================================================================
[2026-03-20T11:40:57.131+0000] {manager.py:878} INFO - 
================================================================================
DAG File Processing Stats

File Path                      PID    Runtime      # DAGs    # Errors  Last Runtime    Last Run
-----------------------------  -----  ---------  --------  ----------  --------------  -------------------
/opt/airflow/dags/dag_file.py                           1           0  0.69s           2026-03-20T11:40:43
================================================================================
[2026-03-20T11:40:58.135+0000] {manager.py:737} INFO - Searching for files in /opt/airflow/dags
[2026-03-20T11:40:58.147+0000] {manager.py:740} INFO - There are 1 files in /opt/airflow/dags
[2026-03-20T11:41:28.813+0000] {manager.py:878} INFO - 
================================================================================
DAG File Processing Stats

File Path                      PID    Runtime      # DAGs    # Errors  Last Runtime    Last Run
-----------------------------  -----  ---------  --------  ----------  --------------  -------------------
/opt/airflow/dags/dag_file.py                           1           0  0.69s           2026-03-20T11:41:14
================================================================================
[2026-03-20T11:42:00.379+0000] {manager.py:878} INFO - 
================================================================================
DAG File Processing Stats

File Path                      PID    Runtime      # DAGs    # Errors  Last Runtime    Last Run
-----------------------------  -----  ---------  --------  ----------  --------------  -------------------
/opt/airflow/dags/dag_file.py                           1           0  0.71s           2026-03-20T11:41:45
================================================================================
[2026-03-20T11:42:32.365+0000] {manager.py:878} INFO - 
================================================================================
DAG File Processing Stats

File Path                      PID    Runtime      # DAGs    # Errors  Last Runtime    Last Run
-----------------------------  -----  ---------  --------  ----------  --------------  -------------------
/opt/airflow/dags/dag_file.py                           1           0  0.66s           2026-03-20T11:42:16
================================================================================
[2026-03-20T11:43:04.004+0000] {manager.py:878} INFO - 
================================================================================
DAG File Processing Stats

File Path                      PID    Runtime      # DAGs    # Errors  Last Runtime    Last Run
-----------------------------  -----  ---------  --------  ----------  --------------  -------------------
/opt/airflow/dags/dag_file.py                           1           0  0.70s           2026-03-20T11:42:47
================================================================================
[2026-03-20T11:43:35.620+0000] {manager.py:878} INFO - 
================================================================================
DAG File Processing Stats

File Path                      PID    Runtime      # DAGs    # Errors  Last Runtime    Last Run
-----------------------------  -----  ---------  --------  ----------  --------------  -------------------
/opt/airflow/dags/dag_file.py                           1           0  0.69s           2026-03-20T11:43:19
================================================================================
[2026-03-20T11:44:07.202+0000] {manager.py:878} INFO - 
================================================================================
DAG File Processing Stats

File Path                      PID    Runtime      # DAGs    # Errors  Last Runtime    Last Run
-----------------------------  -----  ---------  --------  ----------  --------------  -------------------
/opt/airflow/dags/dag_file.py                           1           0  0.66s           2026-03-20T11:43:50
================================================================================
[2026-03-20T11:44:39.521+0000] {manager.py:878} INFO - 
================================================================================
DAG File Processing Stats

File Path                      PID    Runtime      # DAGs    # Errors  Last Runtime    Last Run
-----------------------------  -----  ---------  --------  ----------  --------------  -------------------
/opt/airflow/dags/dag_file.py                           1           0  0.67s           2026-03-20T11:44:22
================================================================================
[2026-03-20T11:45:11.164+0000] {manager.py:878} INFO - 
================================================================================
DAG File Processing Stats

File Path                      PID    Runtime      # DAGs    # Errors  Last Runtime    Last Run
-----------------------------  -----  ---------  --------  ----------  --------------  -------------------
/opt/airflow/dags/dag_file.py                           1           0  0.69s           2026-03-20T11:44:53
================================================================================
[2026-03-20T11:45:43.481+0000] {manager.py:878} INFO - 
================================================================================
DAG File Processing Stats

File Path                      PID    Runtime      # DAGs    # Errors  Last Runtime    Last Run
-----------------------------  -----  ---------  --------  ----------  --------------  -------------------
/opt/airflow/dags/dag_file.py                           1           0  0.73s           2026-03-20T11:45:25
================================================================================
[2026-03-20T11:45:58.723+0000] {manager.py:737} INFO - Searching for files in /opt/airflow/dags
[2026-03-20T11:45:58.738+0000] {manager.py:740} INFO - There are 1 files in /opt/airflow/dags
[2026-03-20T11:46:15.087+0000] {manager.py:878} INFO - 
================================================================================
DAG File Processing Stats

File Path                      PID    Runtime      # DAGs    # Errors  Last Runtime    Last Run
-----------------------------  -----  ---------  --------  ----------  --------------  -------------------
/opt/airflow/dags/dag_file.py                           1           0  0.69s           2026-03-20T11:45:57
================================================================================
[2026-03-20T11:46:46.735+0000] {manager.py:878} INFO - 
================================================================================
DAG File Processing Stats

File Path                      PID    Runtime      # DAGs    # Errors  Last Runtime    Last Run
-----------------------------  -----  ---------  --------  ----------  --------------  -------------------
/opt/airflow/dags/dag_file.py                           1           0  0.73s           2026-03-20T11:46:29
================================================================================
[2026-03-20T11:47:18.839+0000] {manager.py:878} INFO - 
================================================================================
DAG File Processing Stats

File Path                      PID    Runtime      # DAGs    # Errors  Last Runtime    Last Run
-----------------------------  -----  ---------  --------  ----------  --------------  -------------------
/opt/airflow/dags/dag_file.py                           1           0  0.72s           2026-03-20T11:47:00
================================================================================
[2026-03-20T11:47:50.741+0000] {manager.py:878} INFO - 
================================================================================
DAG File Processing Stats

File Path                      PID    Runtime      # DAGs    # Errors  Last Runtime    Last Run
-----------------------------  -----  ---------  --------  ----------  --------------  -------------------
/opt/airflow/dags/dag_file.py                           1           0  0.70s           2026-03-20T11:47:32
================================================================================
[2026-03-20T11:48:22.779+0000] {manager.py:878} INFO - 
================================================================================
DAG File Processing Stats

File Path                      PID    Runtime      # DAGs    # Errors  Last Runtime    Last Run
-----------------------------  -----  ---------  --------  ----------  --------------  -------------------
/opt/airflow/dags/dag_file.py                           1           0  0.68s           2026-03-20T11:48:02
================================================================================
[2026-03-20T11:48:54.779+0000] {manager.py:878} INFO - 
================================================================================
DAG File Processing Stats

File Path                      PID    Runtime      # DAGs    # Errors  Last Runtime    Last Run
-----------------------------  -----  ---------  --------  ----------  --------------  -------------------
/opt/airflow/dags/dag_file.py                           1           0  0.68s           2026-03-20T11:48:35
================================================================================
[2026-03-20T11:49:26.384+0000] {manager.py:878} INFO - 
================================================================================
DAG File Processing Stats

File Path                      PID    Runtime      # DAGs    # Errors  Last Runtime    Last Run
-----------------------------  -----  ---------  --------  ----------  --------------  -------------------
/opt/airflow/dags/dag_file.py                           1           0  0.70s           2026-03-20T11:49:06
================================================================================
[2026-03-20T11:49:58.139+0000] {manager.py:878} INFO - 
================================================================================
DAG File Processing Stats

File Path                      PID    Runtime      # DAGs    # Errors  Last Runtime    Last Run
-----------------------------  -----  ---------  --------  ----------  --------------  -------------------
/opt/airflow/dags/dag_file.py                           1           0  0.72s           2026-03-20T11:49:37
================================================================================
[2026-03-20T11:50:30.516+0000] {manager.py:878} INFO - 
================================================================================
DAG File Processing Stats

File Path                      PID    Runtime      # DAGs    # Errors  Last Runtime    Last Run
-----------------------------  -----  ---------  --------  ----------  --------------  -------------------
/opt/airflow/dags/dag_file.py                           1           0  0.71s           2026-03-20T11:50:09
================================================================================
[2026-03-20T11:50:58.986+0000] {manager.py:737} INFO - Searching for files in /opt/airflow/dags
[2026-03-20T11:50:58.999+0000] {manager.py:740} INFO - There are 1 files in /opt/airflow/dags
[2026-03-20T11:51:02.303+0000] {manager.py:878} INFO - 
================================================================================
DAG File Processing Stats

File Path                      PID    Runtime      # DAGs    # Errors  Last Runtime    Last Run
-----------------------------  -----  ---------  --------  ----------  --------------  -------------------
/opt/airflow/dags/dag_file.py                           1           0  0.69s           2026-03-20T11:50:40
================================================================================
[2026-03-20T11:51:33.908+0000] {manager.py:878} INFO - 
================================================================================
DAG File Processing Stats

File Path                      PID    Runtime      # DAGs    # Errors  Last Runtime    Last Run
-----------------------------  -----  ---------  --------  ----------  --------------  -------------------
/opt/airflow/dags/dag_file.py                           1           0  0.67s           2026-03-20T11:51:12
================================================================================
[2026-03-20T11:52:06.241+0000] {manager.py:878} INFO - 
================================================================================
DAG File Processing Stats

File Path                      PID    Runtime      # DAGs    # Errors  Last Runtime    Last Run
-----------------------------  -----  ---------  --------  ----------  --------------  -------------------
/opt/airflow/dags/dag_file.py                           1           0  0.69s           2026-03-20T11:51:44
================================================================================
[2026-03-20T11:52:38.017+0000] {manager.py:878} INFO - 
================================================================================
DAG File Processing Stats

File Path                      PID    Runtime      # DAGs    # Errors  Last Runtime    Last Run
-----------------------------  -----  ---------  --------  ----------  --------------  -------------------
/opt/airflow/dags/dag_file.py                           1           0  0.68s           2026-03-20T11:52:15
================================================================================
[2026-03-20T11:53:10.489+0000] {manager.py:878} INFO - 
================================================================================
DAG File Processing Stats

File Path                      PID    Runtime      # DAGs    # Errors  Last Runtime    Last Run
-----------------------------  -----  ---------  --------  ----------  --------------  -------------------
/opt/airflow/dags/dag_file.py                           1           0  0.70s           2026-03-20T11:52:47
================================================================================
[2026-03-20T11:53:42.118+0000] {manager.py:878} INFO - 
================================================================================
DAG File Processing Stats

File Path                      PID    Runtime      # DAGs    # Errors  Last Runtime    Last Run
-----------------------------  -----  ---------  --------  ----------  --------------  -------------------
/opt/airflow/dags/dag_file.py                           1           0  0.70s           2026-03-20T11:53:19
================================================================================
[2026-03-20T11:54:13.802+0000] {manager.py:878} INFO - 
================================================================================
DAG File Processing Stats

File Path                      PID    Runtime      # DAGs    # Errors  Last Runtime    Last Run
-----------------------------  -----  ---------  --------  ----------  --------------  -------------------
/opt/airflow/dags/dag_file.py                           1           0  0.67s           2026-03-20T11:53:51
================================================================================
[2026-03-20T11:54:45.918+0000] {manager.py:878} INFO - 
================================================================================
DAG File Processing Stats

File Path                      PID    Runtime      # DAGs    # Errors  Last Runtime    Last Run
-----------------------------  -----  ---------  --------  ----------  --------------  -------------------
/opt/airflow/dags/dag_file.py                           1           0  0.67s           2026-03-20T11:54:22
================================================================================
[2026-03-20T11:55:17.995+0000] {manager.py:878} INFO - 
================================================================================
DAG File Processing Stats

File Path                      PID    Runtime      # DAGs    # Errors  Last Runtime    Last Run
-----------------------------  -----  ---------  --------  ----------  --------------  -------------------
/opt/airflow/dags/dag_file.py                           1           0  0.69s           2026-03-20T11:54:54
================================================================================
[2026-03-20T11:55:49.643+0000] {manager.py:878} INFO - 
================================================================================
DAG File Processing Stats

File Path                      PID    Runtime      # DAGs    # Errors  Last Runtime    Last Run
-----------------------------  -----  ---------  --------  ----------  --------------  -------------------
/opt/airflow/dags/dag_file.py                           1           0  0.67s           2026-03-20T11:55:25
================================================================================
[2026-03-20T11:55:59.287+0000] {manager.py:737} INFO - Searching for files in /opt/airflow/dags
[2026-03-20T11:55:59.301+0000] {manager.py:740} INFO - There are 1 files in /opt/airflow/dags
[2026-03-20T11:56:21.379+0000] {manager.py:878} INFO - 
================================================================================
DAG File Processing Stats

File Path                      PID    Runtime      # DAGs    # Errors  Last Runtime    Last Run
-----------------------------  -----  ---------  --------  ----------  --------------  -------------------
/opt/airflow/dags/dag_file.py                           1           0  0.67s           2026-03-20T11:55:56
================================================================================
[2026-03-20T11:56:53.746+0000] {manager.py:878} INFO - 
================================================================================
DAG File Processing Stats

File Path                      PID    Runtime      # DAGs    # Errors  Last Runtime    Last Run
-----------------------------  -----  ---------  --------  ----------  --------------  -------------------
/opt/airflow/dags/dag_file.py                           1           0  0.66s           2026-03-20T11:56:28
================================================================================
[2026-03-20T11:57:25.514+0000] {manager.py:878} INFO - 
================================================================================
DAG File Processing Stats

File Path                      PID    Runtime      # DAGs    # Errors  Last Runtime    Last Run
-----------------------------  -----  ---------  --------  ----------  --------------  -------------------
/opt/airflow/dags/dag_file.py                           1           0  0.67s           2026-03-20T11:57:01
================================================================================
[2026-03-20T11:57:57.181+0000] {manager.py:878} INFO - 
================================================================================
DAG File Processing Stats

File Path                      PID    Runtime      # DAGs    # Errors  Last Runtime    Last Run
-----------------------------  -----  ---------  --------  ----------  --------------  -------------------
/opt/airflow/dags/dag_file.py                           1           0  0.70s           2026-03-20T11:57:32
================================================================================
[2026-03-20T11:58:23.223+0000] {manager.py:452} INFO - Exiting gracefully upon receiving signal 15
[2026-03-21T10:41:29.080+0000] {manager.py:470} INFO - Processing files using up to 2 processes at a time 
[2026-03-21T10:41:29.086+0000] {manager.py:471} INFO - Process each file at most once every 30 seconds
[2026-03-21T10:41:29.087+0000] {manager.py:472} INFO - Checking for new files in /opt/airflow/dags every 300 seconds
[2026-03-21T10:41:29.087+0000] {manager.py:737} INFO - Searching for files in /opt/airflow/dags
[2026-03-21T10:41:29.103+0000] {manager.py:740} INFO - There are 1 files in /opt/airflow/dags
[2026-03-21T10:41:47.256+0000] {manager.py:878} INFO - 
================================================================================
DAG File Processing Stats

File Path                      PID    Runtime      # DAGs    # Errors  Last Runtime    Last Run
-----------------------------  -----  ---------  --------  ----------  --------------  -------------------
/opt/airflow/dags/dag_file.py                           1           0  1.13s           2026-03-21T10:41:30
================================================================================
[2026-03-21T10:42:17.263+0000] {manager.py:878} INFO - 
================================================================================
DAG File Processing Stats

File Path                      PID    Runtime      # DAGs    # Errors  Last Runtime    Last Run
-----------------------------  -----  ---------  --------  ----------  --------------  -------------------
/opt/airflow/dags/dag_file.py                           1           0  0.73s           2026-03-21T10:42:01
================================================================================
[2026-03-21T10:42:47.365+0000] {manager.py:878} INFO - 
================================================================================
DAG File Processing Stats

File Path                      PID    Runtime      # DAGs    # Errors  Last Runtime    Last Run
-----------------------------  -----  ---------  --------  ----------  --------------  -------------------
/opt/airflow/dags/dag_file.py                           1           0  0.76s           2026-03-21T10:42:32
================================================================================
[2026-03-21T10:43:17.468+0000] {manager.py:878} INFO - 
================================================================================
DAG File Processing Stats

File Path                      PID    Runtime      # DAGs    # Errors  Last Runtime    Last Run
-----------------------------  -----  ---------  --------  ----------  --------------  -------------------
/opt/airflow/dags/dag_file.py                           1           0  0.74s           2026-03-21T10:43:03
================================================================================
[2026-03-21T10:43:47.799+0000] {manager.py:878} INFO - 
================================================================================
DAG File Processing Stats

File Path                      PID    Runtime      # DAGs    # Errors  Last Runtime    Last Run
-----------------------------  -----  ---------  --------  ----------  --------------  -------------------
/opt/airflow/dags/dag_file.py                           1           0  0.82s           2026-03-21T10:43:30
================================================================================
[2026-03-21T10:44:17.939+0000] {manager.py:878} INFO - 
================================================================================
DAG File Processing Stats

File Path                      PID    Runtime      # DAGs    # Errors  Last Runtime    Last Run
-----------------------------  -----  ---------  --------  ----------  --------------  -------------------
/opt/airflow/dags/dag_file.py                           1           0  0.79s           2026-03-21T10:44:17
================================================================================
[2026-03-21T10:44:48.033+0000] {manager.py:878} INFO - 
================================================================================
DAG File Processing Stats

File Path                      PID    Runtime      # DAGs    # Errors  Last Runtime    Last Run
-----------------------------  -----  ---------  --------  ----------  --------------  -------------------
/opt/airflow/dags/dag_file.py                           1           0  0.75s           2026-03-21T10:44:48
================================================================================
[2026-03-21T10:45:18.211+0000] {manager.py:878} INFO - 
================================================================================
DAG File Processing Stats

File Path                        PID  Runtime      # DAGs    # Errors  Last Runtime    Last Run
-----------------------------  -----  ---------  --------  ----------  --------------  -------------------
/opt/airflow/dags/dag_file.py    278  0.00s             1           0  0.75s           2026-03-21T10:44:48
================================================================================
[2026-03-21T10:45:48.602+0000] {manager.py:878} INFO - 
================================================================================
DAG File Processing Stats

File Path                      PID    Runtime      # DAGs    # Errors  Last Runtime    Last Run
-----------------------------  -----  ---------  --------  ----------  --------------  -------------------
/opt/airflow/dags/dag_file.py                           1           0  0.81s           2026-03-21T10:45:19
================================================================================
[2026-03-21T10:46:18.762+0000] {manager.py:878} INFO - 
================================================================================
DAG File Processing Stats

File Path                      PID    Runtime      # DAGs    # Errors  Last Runtime    Last Run
-----------------------------  -----  ---------  --------  ----------  --------------  -------------------
/opt/airflow/dags/dag_file.py                           1           0  0.72s           2026-03-21T10:45:49
================================================================================
[2026-03-21T10:46:29.803+0000] {manager.py:737} INFO - Searching for files in /opt/airflow/dags
[2026-03-21T10:46:29.817+0000] {manager.py:740} INFO - There are 1 files in /opt/airflow/dags
[2026-03-21T10:46:48.887+0000] {manager.py:878} INFO - 
================================================================================
DAG File Processing Stats

File Path                      PID    Runtime      # DAGs    # Errors  Last Runtime    Last Run
-----------------------------  -----  ---------  --------  ----------  --------------  -------------------
/opt/airflow/dags/dag_file.py                           1           0  0.72s           2026-03-21T10:46:20
================================================================================
[2026-03-21T10:47:19.342+0000] {manager.py:878} INFO - 
================================================================================
DAG File Processing Stats

File Path                      PID    Runtime      # DAGs    # Errors  Last Runtime    Last Run
-----------------------------  -----  ---------  --------  ----------  --------------  -------------------
/opt/airflow/dags/dag_file.py                           1           0  0.72s           2026-03-21T10:46:51
================================================================================
[2026-03-21T10:47:49.500+0000] {manager.py:878} INFO - 
================================================================================
DAG File Processing Stats

File Path                      PID    Runtime      # DAGs    # Errors  Last Runtime    Last Run
-----------------------------  -----  ---------  --------  ----------  --------------  -------------------
/opt/airflow/dags/dag_file.py                           1           0  0.82s           2026-03-21T10:47:22
================================================================================
[2026-03-21T10:48:19.685+0000] {manager.py:878} INFO - 
================================================================================
DAG File Processing Stats

File Path                      PID    Runtime      # DAGs    # Errors  Last Runtime    Last Run
-----------------------------  -----  ---------  --------  ----------  --------------  -------------------
/opt/airflow/dags/dag_file.py                           1           0  0.75s           2026-03-21T10:48:12
================================================================================
[2026-03-21T10:48:49.827+0000] {manager.py:878} INFO - 
================================================================================
DAG File Processing Stats

File Path                      PID    Runtime      # DAGs    # Errors  Last Runtime    Last Run
-----------------------------  -----  ---------  --------  ----------  --------------  -------------------
/opt/airflow/dags/dag_file.py                           1           0  0.76s           2026-03-21T10:48:43
================================================================================
[2026-03-21T10:49:19.978+0000] {manager.py:878} INFO - 
================================================================================
DAG File Processing Stats

File Path                        PID  Runtime      # DAGs    # Errors  Last Runtime    Last Run
-----------------------------  -----  ---------  --------  ----------  --------------  -------------------
/opt/airflow/dags/dag_file.py    380  0.78s             1           0  0.74s           2026-03-21T10:49:14
================================================================================
[2026-03-21T10:49:50.147+0000] {manager.py:878} INFO - 
================================================================================
DAG File Processing Stats

File Path                      PID    Runtime      # DAGs    # Errors  Last Runtime    Last Run
-----------------------------  -----  ---------  --------  ----------  --------------  -------------------
/opt/airflow/dags/dag_file.py                           1           0  0.71s           2026-03-21T10:49:48
================================================================================
[2026-03-21T10:50:20.306+0000] {manager.py:878} INFO - 
================================================================================
DAG File Processing Stats

File Path                      PID    Runtime      # DAGs    # Errors  Last Runtime    Last Run
-----------------------------  -----  ---------  --------  ----------  --------------  -------------------
/opt/airflow/dags/dag_file.py                           1           0  0.79s           2026-03-21T10:50:19
================================================================================
[2026-03-21T10:50:50.387+0000] {manager.py:878} INFO - 
================================================================================
DAG File Processing Stats

File Path                      PID    Runtime      # DAGs    # Errors  Last Runtime    Last Run
-----------------------------  -----  ---------  --------  ----------  --------------  -------------------
/opt/airflow/dags/dag_file.py                           1           0  0.74s           2026-03-21T10:50:50
================================================================================
[2026-03-21T10:51:20.557+0000] {manager.py:878} INFO - 
================================================================================
DAG File Processing Stats

File Path                        PID  Runtime      # DAGs    # Errors  Last Runtime    Last Run
-----------------------------  -----  ---------  --------  ----------  --------------  -------------------
/opt/airflow/dags/dag_file.py    482  0.00s             1           0  0.74s           2026-03-21T10:50:50
================================================================================
[2026-03-21T10:51:29.819+0000] {manager.py:737} INFO - Searching for files in /opt/airflow/dags
[2026-03-21T10:51:29.835+0000] {manager.py:740} INFO - There are 1 files in /opt/airflow/dags
[2026-03-21T10:51:50.969+0000] {manager.py:878} INFO - 
================================================================================
DAG File Processing Stats

File Path                      PID    Runtime      # DAGs    # Errors  Last Runtime    Last Run
-----------------------------  -----  ---------  --------  ----------  --------------  -------------------
/opt/airflow/dags/dag_file.py                           1           0  0.74s           2026-03-21T10:51:21
================================================================================
[2026-03-21T10:52:21.134+0000] {manager.py:878} INFO - 
================================================================================
DAG File Processing Stats

File Path                      PID    Runtime      # DAGs    # Errors  Last Runtime    Last Run
-----------------------------  -----  ---------  --------  ----------  --------------  -------------------
/opt/airflow/dags/dag_file.py                           1           0  0.71s           2026-03-21T10:51:52
================================================================================
[2026-03-21T10:52:51.250+0000] {manager.py:878} INFO - 
================================================================================
DAG File Processing Stats

File Path                      PID    Runtime      # DAGs    # Errors  Last Runtime    Last Run
-----------------------------  -----  ---------  --------  ----------  --------------  -------------------
/opt/airflow/dags/dag_file.py                           1           0  0.79s           2026-03-21T10:52:23
================================================================================
[2026-03-21T10:53:21.600+0000] {manager.py:878} INFO - 
================================================================================
DAG File Processing Stats

File Path                      PID    Runtime      # DAGs    # Errors  Last Runtime    Last Run
-----------------------------  -----  ---------  --------  ----------  --------------  -------------------
/opt/airflow/dags/dag_file.py                           1           0  0.74s           2026-03-21T10:52:54
================================================================================
[2026-03-21T10:53:51.768+0000] {manager.py:878} INFO - 
================================================================================
DAG File Processing Stats

File Path                      PID    Runtime      # DAGs    # Errors  Last Runtime    Last Run
-----------------------------  -----  ---------  --------  ----------  --------------  -------------------
/opt/airflow/dags/dag_file.py                           1           0  0.77s           2026-03-21T10:53:24
================================================================================
[2026-03-21T10:54:21.931+0000] {manager.py:878} INFO - 
================================================================================
DAG File Processing Stats

File Path                      PID    Runtime      # DAGs    # Errors  Last Runtime    Last Run
-----------------------------  -----  ---------  --------  ----------  --------------  -------------------
/opt/airflow/dags/dag_file.py                           1           0  0.71s           2026-03-21T10:53:55
================================================================================
[2026-03-21T10:54:52.107+0000] {manager.py:878} INFO - 
================================================================================
DAG File Processing Stats

File Path                      PID    Runtime      # DAGs    # Errors  Last Runtime    Last Run
-----------------------------  -----  ---------  --------  ----------  --------------  -------------------
/opt/airflow/dags/dag_file.py                           1           0  0.70s           2026-03-21T10:54:26
================================================================================
[2026-03-21T10:55:22.284+0000] {manager.py:878} INFO - 
================================================================================
DAG File Processing Stats

File Path                      PID    Runtime      # DAGs    # Errors  Last Runtime    Last Run
-----------------------------  -----  ---------  --------  ----------  --------------  -------------------
/opt/airflow/dags/dag_file.py                           1           0  0.73s           2026-03-21T10:54:57
================================================================================
[2026-03-21T10:55:52.469+0000] {manager.py:878} INFO - 
================================================================================
DAG File Processing Stats

File Path                      PID    Runtime      # DAGs    # Errors  Last Runtime    Last Run
-----------------------------  -----  ---------  --------  ----------  --------------  -------------------
/opt/airflow/dags/dag_file.py                           1           0  0.71s           2026-03-21T10:55:28
================================================================================
[2026-03-21T10:56:22.763+0000] {manager.py:878} INFO - 
================================================================================
DAG File Processing Stats

File Path                      PID    Runtime      # DAGs    # Errors  Last Runtime    Last Run
-----------------------------  -----  ---------  --------  ----------  --------------  -------------------
/opt/airflow/dags/dag_file.py                           1           0  0.70s           2026-03-21T10:55:59
================================================================================
[2026-03-21T10:56:30.118+0000] {manager.py:737} INFO - Searching for files in /opt/airflow/dags
[2026-03-21T10:56:30.132+0000] {manager.py:740} INFO - There are 1 files in /opt/airflow/dags
[2026-03-21T10:56:52.929+0000] {manager.py:878} INFO - 
================================================================================
DAG File Processing Stats

File Path                      PID    Runtime      # DAGs    # Errors  Last Runtime    Last Run
-----------------------------  -----  ---------  --------  ----------  --------------  -------------------
/opt/airflow/dags/dag_file.py                           1           0  0.75s           2026-03-21T10:56:30
================================================================================
[2026-03-21T10:57:23.129+0000] {manager.py:878} INFO - 
================================================================================
DAG File Processing Stats

File Path                      PID    Runtime      # DAGs    # Errors  Last Runtime    Last Run
-----------------------------  -----  ---------  --------  ----------  --------------  -------------------
/opt/airflow/dags/dag_file.py                           1           0  0.72s           2026-03-21T10:57:01
================================================================================
[2026-03-21T10:57:53.334+0000] {manager.py:878} INFO - 
================================================================================
DAG File Processing Stats

File Path                      PID    Runtime      # DAGs    # Errors  Last Runtime    Last Run
-----------------------------  -----  ---------  --------  ----------  --------------  -------------------
/opt/airflow/dags/dag_file.py                           1           0  0.72s           2026-03-21T10:57:31
================================================================================
[2026-03-21T10:58:23.500+0000] {manager.py:878} INFO - 
================================================================================
DAG File Processing Stats

File Path                      PID    Runtime      # DAGs    # Errors  Last Runtime    Last Run
-----------------------------  -----  ---------  --------  ----------  --------------  -------------------
/opt/airflow/dags/dag_file.py                           1           0  0.76s           2026-03-21T10:58:02
================================================================================
[2026-03-21T10:58:53.676+0000] {manager.py:878} INFO - 
================================================================================
DAG File Processing Stats

File Path                      PID    Runtime      # DAGs    # Errors  Last Runtime    Last Run
-----------------------------  -----  ---------  --------  ----------  --------------  -------------------
/opt/airflow/dags/dag_file.py                           1           0  0.75s           2026-03-21T10:58:33
================================================================================
[2026-03-21T10:59:23.839+0000] {manager.py:878} INFO - 
================================================================================
DAG File Processing Stats

File Path                      PID    Runtime      # DAGs    # Errors  Last Runtime    Last Run
-----------------------------  -----  ---------  --------  ----------  --------------  -------------------
/opt/airflow/dags/dag_file.py                           1           0  0.74s           2026-03-21T10:59:04
================================================================================
[2026-03-21T10:59:54.271+0000] {manager.py:878} INFO - 
================================================================================
DAG File Processing Stats

File Path                      PID    Runtime      # DAGs    # Errors  Last Runtime    Last Run
-----------------------------  -----  ---------  --------  ----------  --------------  -------------------
/opt/airflow/dags/dag_file.py                           1           0  0.80s           2026-03-21T10:59:35
================================================================================
[2026-03-21T11:00:05.195+0000] {manager.py:452} INFO - Exiting gracefully upon receiving signal 15
[2026-03-21T11:00:13.960+0000] {manager.py:470} INFO - Processing files using up to 2 processes at a time 
[2026-03-21T11:00:13.961+0000] {manager.py:471} INFO - Process each file at most once every 30 seconds
[2026-03-21T11:00:13.962+0000] {manager.py:472} INFO - Checking for new files in /opt/airflow/dags every 300 seconds
[2026-03-21T11:00:13.963+0000] {manager.py:737} INFO - Searching for files in /opt/airflow/dags
[2026-03-21T11:00:13.977+0000] {manager.py:740} INFO - There are 1 files in /opt/airflow/dags
[2026-03-21T11:00:14.083+0000] {manager.py:878} INFO - 
================================================================================
DAG File Processing Stats

File Path                        PID  Runtime      # DAGs    # Errors  Last Runtime    Last Run
-----------------------------  -----  ---------  --------  ----------  --------------  ----------
/opt/airflow/dags/dag_file.py    182  0.06s             0           0
================================================================================
[2026-03-21T11:00:44.236+0000] {manager.py:878} INFO - 
================================================================================
DAG File Processing Stats

File Path                      PID    Runtime      # DAGs    # Errors  Last Runtime    Last Run
-----------------------------  -----  ---------  --------  ----------  --------------  -------------------
/opt/airflow/dags/dag_file.py                           1           0  0.91s           2026-03-21T11:00:14
================================================================================
[2026-03-21T11:01:14.393+0000] {manager.py:878} INFO - 
================================================================================
DAG File Processing Stats

File Path                      PID    Runtime      # DAGs    # Errors  Last Runtime    Last Run
-----------------------------  -----  ---------  --------  ----------  --------------  -------------------
/opt/airflow/dags/dag_file.py                           1           0  0.83s           2026-03-21T11:00:45
================================================================================
[2026-03-21T11:01:44.574+0000] {manager.py:878} INFO - 
================================================================================
DAG File Processing Stats

File Path                      PID    Runtime      # DAGs    # Errors  Last Runtime    Last Run
-----------------------------  -----  ---------  --------  ----------  --------------  -------------------
/opt/airflow/dags/dag_file.py                           1           0  0.77s           2026-03-21T11:01:16
================================================================================
[2026-03-21T11:02:14.799+0000] {manager.py:878} INFO - 
================================================================================
DAG File Processing Stats

File Path                      PID    Runtime      # DAGs    # Errors  Last Runtime    Last Run
-----------------------------  -----  ---------  --------  ----------  --------------  -------------------
/opt/airflow/dags/dag_file.py                           1           0  0.75s           2026-03-21T11:01:47
================================================================================
[2026-03-21T11:02:44.908+0000] {manager.py:878} INFO - 
================================================================================
DAG File Processing Stats

File Path                      PID    Runtime      # DAGs    # Errors  Last Runtime    Last Run
-----------------------------  -----  ---------  --------  ----------  --------------  -------------------
/opt/airflow/dags/dag_file.py                           1           0  0.71s           2026-03-21T11:02:18
================================================================================
[2026-03-21T11:03:15.117+0000] {manager.py:878} INFO - 
================================================================================
DAG File Processing Stats

File Path                      PID    Runtime      # DAGs    # Errors  Last Runtime    Last Run
-----------------------------  -----  ---------  --------  ----------  --------------  -------------------
/opt/airflow/dags/dag_file.py                           1           0  0.74s           2026-03-21T11:03:13
================================================================================
[2026-03-21T11:03:45.289+0000] {manager.py:878} INFO - 
================================================================================
DAG File Processing Stats

File Path                      PID    Runtime      # DAGs    # Errors  Last Runtime    Last Run
-----------------------------  -----  ---------  --------  ----------  --------------  -------------------
/opt/airflow/dags/dag_file.py                           1           0  0.77s           2026-03-21T11:03:44
================================================================================
[2026-03-21T11:04:15.398+0000] {manager.py:878} INFO - 
================================================================================
DAG File Processing Stats

File Path                      PID    Runtime      # DAGs    # Errors  Last Runtime    Last Run
-----------------------------  -----  ---------  --------  ----------  --------------  -------------------
/opt/airflow/dags/dag_file.py                           1           0  0.70s           2026-03-21T11:04:15
================================================================================
[2026-03-21T11:04:45.582+0000] {manager.py:878} INFO - 
================================================================================
DAG File Processing Stats

File Path                        PID  Runtime      # DAGs    # Errors  Last Runtime    Last Run
-----------------------------  -----  ---------  --------  ----------  --------------  -------------------
/opt/airflow/dags/dag_file.py    296  0.00s             1           0  0.70s           2026-03-21T11:04:15
================================================================================
[2026-03-21T11:05:14.052+0000] {manager.py:737} INFO - Searching for files in /opt/airflow/dags
[2026-03-21T11:05:14.070+0000] {manager.py:740} INFO - There are 1 files in /opt/airflow/dags
[2026-03-21T11:05:16.086+0000] {manager.py:878} INFO - 
================================================================================
DAG File Processing Stats

File Path                      PID    Runtime      # DAGs    # Errors  Last Runtime    Last Run
-----------------------------  -----  ---------  --------  ----------  --------------  -------------------
/opt/airflow/dags/dag_file.py                           1           0  0.71s           2026-03-21T11:04:46
================================================================================
[2026-03-21T11:05:46.280+0000] {manager.py:878} INFO - 
================================================================================
DAG File Processing Stats

File Path                      PID    Runtime      # DAGs    # Errors  Last Runtime    Last Run
-----------------------------  -----  ---------  --------  ----------  --------------  -------------------
/opt/airflow/dags/dag_file.py                           1           0  0.80s           2026-03-21T11:05:17
================================================================================
[2026-03-21T11:06:16.636+0000] {manager.py:878} INFO - 
================================================================================
DAG File Processing Stats

File Path                      PID    Runtime      # DAGs    # Errors  Last Runtime    Last Run
-----------------------------  -----  ---------  --------  ----------  --------------  -------------------
/opt/airflow/dags/dag_file.py                           1           0  0.76s           2026-03-21T11:05:48
================================================================================
[2026-03-21T11:06:46.824+0000] {manager.py:878} INFO - 
================================================================================
DAG File Processing Stats

File Path                      PID    Runtime      # DAGs    # Errors  Last Runtime    Last Run
-----------------------------  -----  ---------  --------  ----------  --------------  -------------------
/opt/airflow/dags/dag_file.py                           1           0  0.72s           2026-03-21T11:06:18
================================================================================
[2026-03-21T11:07:17.020+0000] {manager.py:878} INFO - 
================================================================================
DAG File Processing Stats

File Path                      PID    Runtime      # DAGs    # Errors  Last Runtime    Last Run
-----------------------------  -----  ---------  --------  ----------  --------------  -------------------
/opt/airflow/dags/dag_file.py                           1           0  0.71s           2026-03-21T11:06:49
================================================================================
[2026-03-21T11:07:47.213+0000] {manager.py:878} INFO - 
================================================================================
DAG File Processing Stats

File Path                      PID    Runtime      # DAGs    # Errors  Last Runtime    Last Run
-----------------------------  -----  ---------  --------  ----------  --------------  -------------------
/opt/airflow/dags/dag_file.py                           1           0  0.73s           2026-03-21T11:07:20
================================================================================
[2026-03-21T11:08:17.904+0000] {manager.py:878} INFO - 
================================================================================
DAG File Processing Stats

File Path                      PID    Runtime      # DAGs    # Errors  Last Runtime    Last Run
-----------------------------  -----  ---------  --------  ----------  --------------  -------------------
/opt/airflow/dags/dag_file.py                           1           0  0.76s           2026-03-21T11:08:02
================================================================================
[2026-03-21T11:08:48.097+0000] {manager.py:878} INFO - 
================================================================================
DAG File Processing Stats

File Path                      PID    Runtime      # DAGs    # Errors  Last Runtime    Last Run
-----------------------------  -----  ---------  --------  ----------  --------------  -------------------
/opt/airflow/dags/dag_file.py                           1           0  0.75s           2026-03-21T11:08:33
================================================================================
[2026-03-21T11:09:18.298+0000] {manager.py:878} INFO - 
================================================================================
DAG File Processing Stats

File Path                      PID    Runtime      # DAGs    # Errors  Last Runtime    Last Run
-----------------------------  -----  ---------  --------  ----------  --------------  -------------------
/opt/airflow/dags/dag_file.py                           1           0  0.74s           2026-03-21T11:09:03
================================================================================
[2026-03-21T11:09:48.472+0000] {manager.py:878} INFO - 
================================================================================
DAG File Processing Stats

File Path                      PID    Runtime      # DAGs    # Errors  Last Runtime    Last Run
-----------------------------  -----  ---------  --------  ----------  --------------  -------------------
/opt/airflow/dags/dag_file.py                           1           0  0.76s           2026-03-21T11:09:34
================================================================================
[2026-03-21T11:10:14.654+0000] {manager.py:737} INFO - Searching for files in /opt/airflow/dags
[2026-03-21T11:10:14.669+0000] {manager.py:740} INFO - There are 1 files in /opt/airflow/dags
[2026-03-21T11:10:18.694+0000] {manager.py:878} INFO - 
================================================================================
DAG File Processing Stats

File Path                      PID    Runtime      # DAGs    # Errors  Last Runtime    Last Run
-----------------------------  -----  ---------  --------  ----------  --------------  -------------------
/opt/airflow/dags/dag_file.py                           1           0  0.74s           2026-03-21T11:10:05
================================================================================
[2026-03-21T11:10:49.099+0000] {manager.py:878} INFO - 
================================================================================
DAG File Processing Stats

File Path                      PID    Runtime      # DAGs    # Errors  Last Runtime    Last Run
-----------------------------  -----  ---------  --------  ----------  --------------  -------------------
/opt/airflow/dags/dag_file.py                           1           0  0.76s           2026-03-21T11:10:32
================================================================================
[2026-03-21T11:11:19.588+0000] {manager.py:878} INFO - 
================================================================================
DAG File Processing Stats

File Path                      PID    Runtime      # DAGs    # Errors  Last Runtime    Last Run
-----------------------------  -----  ---------  --------  ----------  --------------  -------------------
/opt/airflow/dags/dag_file.py                           1           0  0.73s           2026-03-21T11:11:17
================================================================================
[2026-03-21T11:11:49.777+0000] {manager.py:878} INFO - 
================================================================================
DAG File Processing Stats

File Path                      PID    Runtime      # DAGs    # Errors  Last Runtime    Last Run
-----------------------------  -----  ---------  --------  ----------  --------------  -------------------
/opt/airflow/dags/dag_file.py                           1           0  0.77s           2026-03-21T11:11:47
================================================================================
[2026-03-21T11:12:19.905+0000] {manager.py:878} INFO - 
================================================================================
DAG File Processing Stats

File Path                      PID    Runtime      # DAGs    # Errors  Last Runtime    Last Run
-----------------------------  -----  ---------  --------  ----------  --------------  -------------------
/opt/airflow/dags/dag_file.py                           1           0  0.76s           2026-03-21T11:12:18
================================================================================
[2026-03-21T11:12:50.310+0000] {manager.py:878} INFO - 
================================================================================
DAG File Processing Stats

File Path                      PID    Runtime      # DAGs    # Errors  Last Runtime    Last Run
-----------------------------  -----  ---------  --------  ----------  --------------  -------------------
/opt/airflow/dags/dag_file.py                           1           0  0.76s           2026-03-21T11:12:49
================================================================================
[2026-03-21T11:13:20.488+0000] {manager.py:878} INFO - 
================================================================================
DAG File Processing Stats

File Path                        PID  Runtime      # DAGs    # Errors  Last Runtime    Last Run
-----------------------------  -----  ---------  --------  ----------  --------------  -------------------
/opt/airflow/dags/dag_file.py    518  0.45s             1           0  0.76s           2026-03-21T11:12:49
================================================================================
[2026-03-21T11:13:50.908+0000] {manager.py:878} INFO - 
================================================================================
DAG File Processing Stats

File Path                      PID    Runtime      # DAGs    # Errors  Last Runtime    Last Run
-----------------------------  -----  ---------  --------  ----------  --------------  -------------------
/opt/airflow/dags/dag_file.py                           1           0  0.77s           2026-03-21T11:13:41
================================================================================
[2026-03-21T11:14:21.093+0000] {manager.py:878} INFO - 
================================================================================
DAG File Processing Stats

File Path                      PID    Runtime      # DAGs    # Errors  Last Runtime    Last Run
-----------------------------  -----  ---------  --------  ----------  --------------  -------------------
/opt/airflow/dags/dag_file.py                           1           0  0.73s           2026-03-21T11:14:12
================================================================================
[2026-03-21T11:14:51.262+0000] {manager.py:878} INFO - 
================================================================================
DAG File Processing Stats

File Path                      PID    Runtime      # DAGs    # Errors  Last Runtime    Last Run
-----------------------------  -----  ---------  --------  ----------  --------------  -------------------
/opt/airflow/dags/dag_file.py                           1           0  0.74s           2026-03-21T11:14:43
================================================================================
[2026-03-21T11:15:10.293+0000] {manager.py:452} INFO - Exiting gracefully upon receiving signal 15
